[0.036s] Invoking command in '/home/ishman/panda_ws/build/panda_controller': CMAKE_PREFIX_PATH=/home/ishman/panda_ws/install/panda_description:/home/ishman/panda_ws/install/panda_bringup:/home/ishman/panda_ws/install/pymoveit2:/home/ishman/panda_ws/install/panda_moveit:/home/ishman/panda_ws/install/panda_controller:/home/ishman/panda_ws/install/panda_vision:/opt/ros/humble /usr/bin/cmake --build /home/ishman/panda_ws/build/panda_controller -- -j10 -l10
[0.080s] Built target ament_cmake_python_symlink_panda_controller
[0.223s] running egg_info
[0.223s] writing panda_controller.egg-info/PKG-INFO
[0.223s] writing dependency_links to panda_controller.egg-info/dependency_links.txt
[0.224s] writing top-level names to panda_controller.egg-info/top_level.txt
[0.224s] reading manifest file 'panda_controller.egg-info/SOURCES.txt'
[0.224s] writing manifest file 'panda_controller.egg-info/SOURCES.txt'
[0.243s] Built target ament_cmake_python_build_panda_controller_egg
[0.251s] Invoked command in '/home/ishman/panda_ws/build/panda_controller' returned '0': CMAKE_PREFIX_PATH=/home/ishman/panda_ws/install/panda_description:/home/ishman/panda_ws/install/panda_bringup:/home/ishman/panda_ws/install/pymoveit2:/home/ishman/panda_ws/install/panda_moveit:/home/ishman/panda_ws/install/panda_controller:/home/ishman/panda_ws/install/panda_vision:/opt/ros/humble /usr/bin/cmake --build /home/ishman/panda_ws/build/panda_controller -- -j10 -l10
[0.253s] Invoking command in '/home/ishman/panda_ws/build/panda_controller': CMAKE_PREFIX_PATH=/home/ishman/panda_ws/install/panda_description:/home/ishman/panda_ws/install/panda_bringup:/home/ishman/panda_ws/install/pymoveit2:/home/ishman/panda_ws/install/panda_moveit:/home/ishman/panda_ws/install/panda_controller:/home/ishman/panda_ws/install/panda_vision:/opt/ros/humble /usr/bin/cmake --install /home/ishman/panda_ws/build/panda_controller
[0.257s] -- Install configuration: ""
[0.257s] -- Execute custom install script
[0.258s] -- Up-to-date symlink: /home/ishman/panda_ws/install/panda_controller/share/panda_controller//launch/panda_controller.launch.py
[0.258s] -- Up-to-date symlink: /home/ishman/panda_ws/install/panda_controller/share/panda_controller//launch/slider_controller.launch.py
[0.258s] -- Up-to-date symlink: /home/ishman/panda_ws/install/panda_controller/share/panda_controller//config/panda_controllers.yaml
[0.258s] -- Up-to-date symlink: /home/ishman/panda_ws/install/panda_controller/share/panda_controller/environment/pythonpath.sh
[0.258s] -- Up-to-date symlink: /home/ishman/panda_ws/install/panda_controller/share/panda_controller/environment/pythonpath.dsv
[0.259s] -- Up-to-date symlink: /home/ishman/panda_ws/install/panda_controller/local/lib/python3.10/dist-packages/panda_controller-0.0.0-py3.10.egg-info/PKG-INFO
[0.259s] -- Up-to-date symlink: /home/ishman/panda_ws/install/panda_controller/local/lib/python3.10/dist-packages/panda_controller-0.0.0-py3.10.egg-info/SOURCES.txt
[0.259s] -- Up-to-date symlink: /home/ishman/panda_ws/install/panda_controller/local/lib/python3.10/dist-packages/panda_controller-0.0.0-py3.10.egg-info/dependency_links.txt
[0.259s] -- Up-to-date symlink: /home/ishman/panda_ws/install/panda_controller/local/lib/python3.10/dist-packages/panda_controller-0.0.0-py3.10.egg-info/top_level.txt
[0.259s] -- Up-to-date symlink: /home/ishman/panda_ws/install/panda_controller/local/lib/python3.10/dist-packages/panda_controller/__init__.py
[0.259s] -- Up-to-date symlink: /home/ishman/panda_ws/install/panda_controller/local/lib/python3.10/dist-packages/panda_controller/slider_controller.py
[0.259s] -- Up-to-date symlink: /home/ishman/panda_ws/install/panda_controller/lib/panda_controller/slider_controller.py
[0.259s] -- Up-to-date symlink: /home/ishman/panda_ws/install/panda_controller/share/ament_index/resource_index/package_run_dependencies/panda_controller
[0.259s] -- Up-to-date symlink: /home/ishman/panda_ws/install/panda_controller/share/ament_index/resource_index/parent_prefix_path/panda_controller
[0.260s] -- Up-to-date symlink: /home/ishman/panda_ws/install/panda_controller/share/panda_controller/environment/ament_prefix_path.sh
[0.260s] -- Up-to-date symlink: /home/ishman/panda_ws/install/panda_controller/share/panda_controller/environment/ament_prefix_path.dsv
[0.260s] -- Up-to-date symlink: /home/ishman/panda_ws/install/panda_controller/share/panda_controller/environment/path.sh
[0.260s] -- Up-to-date symlink: /home/ishman/panda_ws/install/panda_controller/share/panda_controller/environment/path.dsv
[0.260s] -- Up-to-date symlink: /home/ishman/panda_ws/install/panda_controller/share/panda_controller/local_setup.bash
[0.260s] -- Up-to-date symlink: /home/ishman/panda_ws/install/panda_controller/share/panda_controller/local_setup.sh
[0.260s] -- Up-to-date symlink: /home/ishman/panda_ws/install/panda_controller/share/panda_controller/local_setup.zsh
[0.260s] -- Up-to-date symlink: /home/ishman/panda_ws/install/panda_controller/share/panda_controller/local_setup.dsv
[0.260s] -- Symlinking: /home/ishman/panda_ws/install/panda_controller/share/panda_controller/package.dsv
[0.267s] -- Up-to-date symlink: /home/ishman/panda_ws/install/panda_controller/share/ament_index/resource_index/packages/panda_controller
[0.267s] -- Up-to-date symlink: /home/ishman/panda_ws/install/panda_controller/share/panda_controller/cmake/panda_controllerConfig.cmake
[0.268s] -- Up-to-date symlink: /home/ishman/panda_ws/install/panda_controller/share/panda_controller/cmake/panda_controllerConfig-version.cmake
[0.268s] -- Up-to-date symlink: /home/ishman/panda_ws/install/panda_controller/share/panda_controller/package.xml
[0.286s] Listing '/home/ishman/panda_ws/install/panda_controller/local/lib/python3.10/dist-packages/panda_controller'...
[0.293s] Invoked command in '/home/ishman/panda_ws/build/panda_controller' returned '0': CMAKE_PREFIX_PATH=/home/ishman/panda_ws/install/panda_description:/home/ishman/panda_ws/install/panda_bringup:/home/ishman/panda_ws/install/pymoveit2:/home/ishman/panda_ws/install/panda_moveit:/home/ishman/panda_ws/install/panda_controller:/home/ishman/panda_ws/install/panda_vision:/opt/ros/humble /usr/bin/cmake --install /home/ishman/panda_ws/build/panda_controller
