[0.059s] Invoking command in '/home/ishman/panda_ws/build/panda_controller': CMAKE_PREFIX_PATH=/home/ishman/panda_ws/install/panda_description:/home/ishman/panda_ws/install/panda_bringup:/home/ishman/panda_ws/install/pymoveit2:/home/ishman/panda_ws/install/panda_moveit:/home/ishman/panda_ws/install/panda_controller:/home/ishman/panda_ws/install/panda_vision:/opt/ros/humble /usr/bin/cmake --build /home/ishman/panda_ws/build/panda_controller -- -j10 -l10
[0.131s] Built target ament_cmake_python_symlink_panda_controller
[0.299s] running egg_info
[0.300s] writing panda_controller.egg-info/PKG-INFO
[0.300s] writing dependency_links to panda_controller.egg-info/dependency_links.txt
[0.300s] writing top-level names to panda_controller.egg-info/top_level.txt
[0.300s] reading manifest file 'panda_controller.egg-info/SOURCES.txt'
[0.300s] writing manifest file 'panda_controller.egg-info/SOURCES.txt'
[0.329s] Built target ament_cmake_python_build_panda_controller_egg
[0.342s] Invoked command in '/home/ishman/panda_ws/build/panda_controller' returned '0': CMAKE_PREFIX_PATH=/home/ishman/panda_ws/install/panda_description:/home/ishman/panda_ws/install/panda_bringup:/home/ishman/panda_ws/install/pymoveit2:/home/ishman/panda_ws/install/panda_moveit:/home/ishman/panda_ws/install/panda_controller:/home/ishman/panda_ws/install/panda_vision:/opt/ros/humble /usr/bin/cmake --build /home/ishman/panda_ws/build/panda_controller -- -j10 -l10
[0.354s] Invoking command in '/home/ishman/panda_ws/build/panda_controller': CMAKE_PREFIX_PATH=/home/ishman/panda_ws/install/panda_description:/home/ishman/panda_ws/install/panda_bringup:/home/ishman/panda_ws/install/pymoveit2:/home/ishman/panda_ws/install/panda_moveit:/home/ishman/panda_ws/install/panda_controller:/home/ishman/panda_ws/install/panda_vision:/opt/ros/humble /usr/bin/cmake --install /home/ishman/panda_ws/build/panda_controller
[0.354s] -- Install configuration: ""
[0.357s] -- Execute custom install script
[0.357s] -- Up-to-date symlink: /home/ishman/panda_ws/install/panda_controller/share/panda_controller//launch/panda_controller.launch.py
[0.357s] -- Up-to-date symlink: /home/ishman/panda_ws/install/panda_controller/share/panda_controller//launch/slider_controller.launch.py
[0.357s] -- Up-to-date symlink: /home/ishman/panda_ws/install/panda_controller/share/panda_controller//config/panda_controllers.yaml
[0.357s] -- Up-to-date symlink: /home/ishman/panda_ws/install/panda_controller/share/panda_controller/environment/pythonpath.sh
[0.357s] -- Up-to-date symlink: /home/ishman/panda_ws/install/panda_controller/share/panda_controller/environment/pythonpath.dsv
[0.357s] -- Up-to-date symlink: /home/ishman/panda_ws/install/panda_controller/local/lib/python3.10/dist-packages/panda_controller-0.0.0-py3.10.egg-info/PKG-INFO
[0.357s] -- Up-to-date symlink: /home/ishman/panda_ws/install/panda_controller/local/lib/python3.10/dist-packages/panda_controller-0.0.0-py3.10.egg-info/SOURCES.txt
[0.357s] -- Up-to-date symlink: /home/ishman/panda_ws/install/panda_controller/local/lib/python3.10/dist-packages/panda_controller-0.0.0-py3.10.egg-info/dependency_links.txt
[0.357s] -- Up-to-date symlink: /home/ishman/panda_ws/install/panda_controller/local/lib/python3.10/dist-packages/panda_controller-0.0.0-py3.10.egg-info/top_level.txt
[0.357s] -- Up-to-date symlink: /home/ishman/panda_ws/install/panda_controller/local/lib/python3.10/dist-packages/panda_controller/__init__.py
[0.357s] -- Up-to-date symlink: /home/ishman/panda_ws/install/panda_controller/local/lib/python3.10/dist-packages/panda_controller/slider_controller.py
[0.357s] -- Up-to-date symlink: /home/ishman/panda_ws/install/panda_controller/lib/panda_controller/slider_controller.py
[0.357s] -- Up-to-date symlink: /home/ishman/panda_ws/install/panda_controller/share/ament_index/resource_index/package_run_dependencies/panda_controller
[0.358s] -- Up-to-date symlink: /home/ishman/panda_ws/install/panda_controller/share/ament_index/resource_index/parent_prefix_path/panda_controller
[0.358s] -- Up-to-date symlink: /home/ishman/panda_ws/install/panda_controller/share/panda_controller/environment/ament_prefix_path.sh
[0.358s] -- Up-to-date symlink: /home/ishman/panda_ws/install/panda_controller/share/panda_controller/environment/ament_prefix_path.dsv
[0.358s] -- Up-to-date symlink: /home/ishman/panda_ws/install/panda_controller/share/panda_controller/environment/path.sh
[0.358s] -- Up-to-date symlink: /home/ishman/panda_ws/install/panda_controller/share/panda_controller/environment/path.dsv
[0.358s] -- Up-to-date symlink: /home/ishman/panda_ws/install/panda_controller/share/panda_controller/local_setup.bash
[0.358s] -- Up-to-date symlink: /home/ishman/panda_ws/install/panda_controller/share/panda_controller/local_setup.sh
[0.358s] -- Up-to-date symlink: /home/ishman/panda_ws/install/panda_controller/share/panda_controller/local_setup.zsh
[0.358s] -- Up-to-date symlink: /home/ishman/panda_ws/install/panda_controller/share/panda_controller/local_setup.dsv
[0.358s] -- Symlinking: /home/ishman/panda_ws/install/panda_controller/share/panda_controller/package.dsv
[0.364s] -- Up-to-date symlink: /home/ishman/panda_ws/install/panda_controller/share/ament_index/resource_index/packages/panda_controller
[0.364s] -- Up-to-date symlink: /home/ishman/panda_ws/install/panda_controller/share/panda_controller/cmake/panda_controllerConfig.cmake
[0.364s] -- Up-to-date symlink: /home/ishman/panda_ws/install/panda_controller/share/panda_controller/cmake/panda_controllerConfig-version.cmake
[0.364s] -- Up-to-date symlink: /home/ishman/panda_ws/install/panda_controller/share/panda_controller/package.xml
[0.386s] Listing '/home/ishman/panda_ws/install/panda_controller/local/lib/python3.10/dist-packages/panda_controller'...
[0.395s] Invoked command in '/home/ishman/panda_ws/build/panda_controller' returned '0': CMAKE_PREFIX_PATH=/home/ishman/panda_ws/install/panda_description:/home/ishman/panda_ws/install/panda_bringup:/home/ishman/panda_ws/install/pymoveit2:/home/ishman/panda_ws/install/panda_moveit:/home/ishman/panda_ws/install/panda_controller:/home/ishman/panda_ws/install/panda_vision:/opt/ros/humble /usr/bin/cmake --install /home/ishman/panda_ws/build/panda_controller
