[0.181s] Invoking command in '/home/ishman/panda_ws/build/pymoveit2': CMAKE_PREFIX_PATH=${CMAKE_PREFIX_PATH}:/home/ishman/panda_ws/install/panda_vision:/opt/ros/humble /usr/bin/cmake --build /home/ishman/panda_ws/build/pymoveit2 -- -j10 -l10
[0.219s] Built target ament_cmake_python_copy_pymoveit2
[0.364s] running egg_info
[0.364s] writing pymoveit2.egg-info/PKG-INFO
[0.364s] writing dependency_links to pymoveit2.egg-info/dependency_links.txt
[0.364s] writing top-level names to pymoveit2.egg-info/top_level.txt
[0.365s] reading manifest file 'pymoveit2.egg-info/SOURCES.txt'
[0.366s] writing manifest file 'pymoveit2.egg-info/SOURCES.txt'
[0.386s] Built target ament_cmake_python_build_pymoveit2_egg
[0.393s] Invoked command in '/home/ishman/panda_ws/build/pymoveit2' returned '0': CMAKE_PREFIX_PATH=${CMAKE_PREFIX_PATH}:/home/ishman/panda_ws/install/panda_vision:/opt/ros/humble /usr/bin/cmake --build /home/ishman/panda_ws/build/pymoveit2 -- -j10 -l10
[0.395s] Invoking command in '/home/ishman/panda_ws/build/pymoveit2': CMAKE_PREFIX_PATH=${CMAKE_PREFIX_PATH}:/home/ishman/panda_ws/install/panda_vision:/opt/ros/humble /usr/bin/cmake --install /home/ishman/panda_ws/build/pymoveit2
[0.400s] -- Install configuration: ""
[0.400s] -- Up-to-date: /home/ishman/panda_ws/install/pymoveit2/share/pymoveit2/environment/pythonpath.sh
[0.400s] -- Up-to-date: /home/ishman/panda_ws/install/pymoveit2/share/pymoveit2/environment/pythonpath.dsv
[0.400s] -- Up-to-date: /home/ishman/panda_ws/install/pymoveit2/local/lib/python3.10/dist-packages/pymoveit2-4.2.0-py3.10.egg-info
[0.400s] -- Installing: /home/ishman/panda_ws/install/pymoveit2/local/lib/python3.10/dist-packages/pymoveit2-4.2.0-py3.10.egg-info/SOURCES.txt
[0.400s] -- Installing: /home/ishman/panda_ws/install/pymoveit2/local/lib/python3.10/dist-packages/pymoveit2-4.2.0-py3.10.egg-info/PKG-INFO
[0.400s] -- Installing: /home/ishman/panda_ws/install/pymoveit2/local/lib/python3.10/dist-packages/pymoveit2-4.2.0-py3.10.egg-info/top_level.txt
[0.400s] -- Installing: /home/ishman/panda_ws/install/pymoveit2/local/lib/python3.10/dist-packages/pymoveit2-4.2.0-py3.10.egg-info/dependency_links.txt
[0.400s] -- Up-to-date: /home/ishman/panda_ws/install/pymoveit2/local/lib/python3.10/dist-packages/pymoveit2
[0.400s] -- Up-to-date: /home/ishman/panda_ws/install/pymoveit2/local/lib/python3.10/dist-packages/pymoveit2/moveit2.py
[0.400s] -- Up-to-date: /home/ishman/panda_ws/install/pymoveit2/local/lib/python3.10/dist-packages/pymoveit2/gripper_interface.py
[0.400s] -- Up-to-date: /home/ishman/panda_ws/install/pymoveit2/local/lib/python3.10/dist-packages/pymoveit2/gripper_command.py
[0.400s] -- Up-to-date: /home/ishman/panda_ws/install/pymoveit2/local/lib/python3.10/dist-packages/pymoveit2/__init__.py
[0.400s] -- Up-to-date: /home/ishman/panda_ws/install/pymoveit2/local/lib/python3.10/dist-packages/pymoveit2/moveit2_gripper.py
[0.400s] -- Up-to-date: /home/ishman/panda_ws/install/pymoveit2/local/lib/python3.10/dist-packages/pymoveit2/robots
[0.400s] -- Up-to-date: /home/ishman/panda_ws/install/pymoveit2/local/lib/python3.10/dist-packages/pymoveit2/robots/lbr.py
[0.401s] -- Up-to-date: /home/ishman/panda_ws/install/pymoveit2/local/lib/python3.10/dist-packages/pymoveit2/robots/panda.py
[0.401s] -- Up-to-date: /home/ishman/panda_ws/install/pymoveit2/local/lib/python3.10/dist-packages/pymoveit2/robots/kinova.py
[0.401s] -- Up-to-date: /home/ishman/panda_ws/install/pymoveit2/local/lib/python3.10/dist-packages/pymoveit2/robots/crane_x7.py
[0.401s] -- Up-to-date: /home/ishman/panda_ws/install/pymoveit2/local/lib/python3.10/dist-packages/pymoveit2/robots/ur.py
[0.401s] -- Up-to-date: /home/ishman/panda_ws/install/pymoveit2/local/lib/python3.10/dist-packages/pymoveit2/robots/__init__.py
[0.401s] -- Up-to-date: /home/ishman/panda_ws/install/pymoveit2/local/lib/python3.10/dist-packages/pymoveit2/robots/phantomx_pincher.py
[0.401s] -- Up-to-date: /home/ishman/panda_ws/install/pymoveit2/local/lib/python3.10/dist-packages/pymoveit2/moveit2_servo.py
[0.401s] -- Up-to-date: /home/ishman/panda_ws/install/pymoveit2/local/lib/python3.10/dist-packages/pymoveit2/utils.py
[0.419s] Listing '/home/ishman/panda_ws/install/pymoveit2/local/lib/python3.10/dist-packages/pymoveit2'...
[0.419s] Listing '/home/ishman/panda_ws/install/pymoveit2/local/lib/python3.10/dist-packages/pymoveit2/robots'...
[0.422s] -- Up-to-date: /home/ishman/panda_ws/install/pymoveit2/lib/pymoveit2/ex_allow_collisions.py
[0.423s] -- Up-to-date: /home/ishman/panda_ws/install/pymoveit2/lib/pymoveit2/ex_clear_planning_scene.py
[0.423s] -- Up-to-date: /home/ishman/panda_ws/install/pymoveit2/lib/pymoveit2/ex_collision_mesh.py
[0.423s] -- Up-to-date: /home/ishman/panda_ws/install/pymoveit2/lib/pymoveit2/ex_collision_primitive.py
[0.423s] -- Up-to-date: /home/ishman/panda_ws/install/pymoveit2/lib/pymoveit2/ex_fk.py
[0.423s] -- Up-to-date: /home/ishman/panda_ws/install/pymoveit2/lib/pymoveit2/ex_gripper.py
[0.423s] -- Up-to-date: /home/ishman/panda_ws/install/pymoveit2/lib/pymoveit2/ex_ik.py
[0.423s] -- Up-to-date: /home/ishman/panda_ws/install/pymoveit2/lib/pymoveit2/ex_joint_goal.py
[0.423s] -- Up-to-date: /home/ishman/panda_ws/install/pymoveit2/lib/pymoveit2/ex_orientation_path_constraint.py
[0.423s] -- Up-to-date: /home/ishman/panda_ws/install/pymoveit2/lib/pymoveit2/ex_pose_goal.py
[0.423s] -- Up-to-date: /home/ishman/panda_ws/install/pymoveit2/lib/pymoveit2/ex_servo.py
[0.423s] -- Installing: /home/ishman/panda_ws/install/pymoveit2/lib/pymoveit2/pick_and_place.py
[0.423s] -- Up-to-date: /home/ishman/panda_ws/install/pymoveit2/share/ament_index/resource_index/package_run_dependencies/pymoveit2
[0.423s] -- Up-to-date: /home/ishman/panda_ws/install/pymoveit2/share/ament_index/resource_index/parent_prefix_path/pymoveit2
[0.424s] -- Up-to-date: /home/ishman/panda_ws/install/pymoveit2/share/pymoveit2/environment/ament_prefix_path.sh
[0.424s] -- Up-to-date: /home/ishman/panda_ws/install/pymoveit2/share/pymoveit2/environment/ament_prefix_path.dsv
[0.424s] -- Up-to-date: /home/ishman/panda_ws/install/pymoveit2/share/pymoveit2/environment/path.sh
[0.424s] -- Up-to-date: /home/ishman/panda_ws/install/pymoveit2/share/pymoveit2/environment/path.dsv
[0.424s] -- Up-to-date: /home/ishman/panda_ws/install/pymoveit2/share/pymoveit2/local_setup.bash
[0.424s] -- Up-to-date: /home/ishman/panda_ws/install/pymoveit2/share/pymoveit2/local_setup.sh
[0.424s] -- Up-to-date: /home/ishman/panda_ws/install/pymoveit2/share/pymoveit2/local_setup.zsh
[0.424s] -- Up-to-date: /home/ishman/panda_ws/install/pymoveit2/share/pymoveit2/local_setup.dsv
[0.424s] -- Installing: /home/ishman/panda_ws/install/pymoveit2/share/pymoveit2/package.dsv
[0.424s] -- Up-to-date: /home/ishman/panda_ws/install/pymoveit2/share/ament_index/resource_index/packages/pymoveit2
[0.424s] -- Up-to-date: /home/ishman/panda_ws/install/pymoveit2/share/pymoveit2/cmake/pymoveit2Config.cmake
[0.424s] -- Up-to-date: /home/ishman/panda_ws/install/pymoveit2/share/pymoveit2/cmake/pymoveit2Config-version.cmake
[0.424s] -- Up-to-date: /home/ishman/panda_ws/install/pymoveit2/share/pymoveit2/package.xml
[0.426s] Invoked command in '/home/ishman/panda_ws/build/pymoveit2' returned '0': CMAKE_PREFIX_PATH=${CMAKE_PREFIX_PATH}:/home/ishman/panda_ws/install/panda_vision:/opt/ros/humble /usr/bin/cmake --install /home/ishman/panda_ws/build/pymoveit2
