[0.045s] Invoking command in '/home/ishman/panda_ws/build/panda_controller': AMENT_PREFIX_PATH=/home/ishman/panda_ws/install/panda_description CMAKE_PREFIX_PATH=/home/ishman/panda_ws/install/panda_description /usr/bin/cmake --build /home/ishman/panda_ws/build/panda_controller -- -j10 -l10
[0.147s] Built target ament_cmake_python_symlink_panda_controller
[0.282s] running egg_info
[0.282s] writing panda_controller.egg-info/PKG-INFO
[0.282s] writing dependency_links to panda_controller.egg-info/dependency_links.txt
[0.282s] writing top-level names to panda_controller.egg-info/top_level.txt
[0.285s] reading manifest file 'panda_controller.egg-info/SOURCES.txt'
[0.286s] writing manifest file 'panda_controller.egg-info/SOURCES.txt'
[0.304s] Built target ament_cmake_python_build_panda_controller_egg
[0.328s] Invoked command in '/home/ishman/panda_ws/build/panda_controller' returned '0': AMENT_PREFIX_PATH=/home/ishman/panda_ws/install/panda_description CMAKE_PREFIX_PATH=/home/ishman/panda_ws/install/panda_description /usr/bin/cmake --build /home/ishman/panda_ws/build/panda_controller -- -j10 -l10
[0.328s] Invoking command in '/home/ishman/panda_ws/build/panda_controller': AMENT_PREFIX_PATH=/home/ishman/panda_ws/install/panda_description CMAKE_PREFIX_PATH=/home/ishman/panda_ws/install/panda_description /usr/bin/cmake --install /home/ishman/panda_ws/build/panda_controller
[0.335s] -- Install configuration: ""
[0.336s] -- Execute custom install script
[0.338s] -- Up-to-date symlink: /home/ishman/panda_ws/install/panda_controller/share/panda_controller//launch/panda_controller.launch.py
[0.338s] -- Up-to-date symlink: /home/ishman/panda_ws/install/panda_controller/share/panda_controller//launch/slider_controller.launch.py
[0.340s] -- Up-to-date symlink: /home/ishman/panda_ws/install/panda_controller/share/panda_controller//config/panda_controllers.yaml
[0.340s] -- Up-to-date symlink: /home/ishman/panda_ws/install/panda_controller/share/panda_controller/environment/pythonpath.sh
[0.340s] -- Up-to-date symlink: /home/ishman/panda_ws/install/panda_controller/share/panda_controller/environment/pythonpath.dsv
[0.343s] -- Up-to-date symlink: /home/ishman/panda_ws/install/panda_controller/local/lib/python3.10/dist-packages/panda_controller-0.0.0-py3.10.egg-info/PKG-INFO
[0.344s] -- Up-to-date symlink: /home/ishman/panda_ws/install/panda_controller/local/lib/python3.10/dist-packages/panda_controller-0.0.0-py3.10.egg-info/SOURCES.txt
[0.345s] -- Up-to-date symlink: /home/ishman/panda_ws/install/panda_controller/local/lib/python3.10/dist-packages/panda_controller-0.0.0-py3.10.egg-info/dependency_links.txt
[0.346s] -- Up-to-date symlink: /home/ishman/panda_ws/install/panda_controller/local/lib/python3.10/dist-packages/panda_controller-0.0.0-py3.10.egg-info/top_level.txt
[0.346s] -- Up-to-date symlink: /home/ishman/panda_ws/install/panda_controller/local/lib/python3.10/dist-packages/panda_controller/__init__.py
[0.346s] -- Up-to-date symlink: /home/ishman/panda_ws/install/panda_controller/local/lib/python3.10/dist-packages/panda_controller/slider_controller.py
[0.348s] -- Up-to-date symlink: /home/ishman/panda_ws/install/panda_controller/lib/panda_controller/slider_controller.py
[0.349s] -- Up-to-date symlink: /home/ishman/panda_ws/install/panda_controller/share/ament_index/resource_index/package_run_dependencies/panda_controller
[0.349s] -- Up-to-date symlink: /home/ishman/panda_ws/install/panda_controller/share/ament_index/resource_index/parent_prefix_path/panda_controller
[0.350s] -- Up-to-date symlink: /home/ishman/panda_ws/install/panda_controller/share/panda_controller/environment/ament_prefix_path.sh
[0.350s] -- Up-to-date symlink: /home/ishman/panda_ws/install/panda_controller/share/panda_controller/environment/ament_prefix_path.dsv
[0.350s] -- Up-to-date symlink: /home/ishman/panda_ws/install/panda_controller/share/panda_controller/environment/path.sh
[0.351s] -- Up-to-date symlink: /home/ishman/panda_ws/install/panda_controller/share/panda_controller/environment/path.dsv
[0.351s] -- Up-to-date symlink: /home/ishman/panda_ws/install/panda_controller/share/panda_controller/local_setup.bash
[0.352s] -- Up-to-date symlink: /home/ishman/panda_ws/install/panda_controller/share/panda_controller/local_setup.sh
[0.352s] -- Up-to-date symlink: /home/ishman/panda_ws/install/panda_controller/share/panda_controller/local_setup.zsh
[0.353s] -- Up-to-date symlink: /home/ishman/panda_ws/install/panda_controller/share/panda_controller/local_setup.dsv
[0.353s] -- Symlinking: /home/ishman/panda_ws/install/panda_controller/share/panda_controller/package.dsv
[0.360s] -- Up-to-date symlink: /home/ishman/panda_ws/install/panda_controller/share/ament_index/resource_index/packages/panda_controller
[0.360s] -- Up-to-date symlink: /home/ishman/panda_ws/install/panda_controller/share/panda_controller/cmake/panda_controllerConfig.cmake
[0.361s] -- Up-to-date symlink: /home/ishman/panda_ws/install/panda_controller/share/panda_controller/cmake/panda_controllerConfig-version.cmake
[0.361s] -- Up-to-date symlink: /home/ishman/panda_ws/install/panda_controller/share/panda_controller/package.xml
[0.379s] Listing '/home/ishman/panda_ws/install/panda_controller/local/lib/python3.10/dist-packages/panda_controller'...
[0.385s] Invoked command in '/home/ishman/panda_ws/build/panda_controller' returned '0': AMENT_PREFIX_PATH=/home/ishman/panda_ws/install/panda_description CMAKE_PREFIX_PATH=/home/ishman/panda_ws/install/panda_description /usr/bin/cmake --install /home/ishman/panda_ws/build/panda_controller
