[0.665s] DEBUG:colcon:Command line arguments: ['/usr/bin/colcon', 'build']
[0.665s] DEBUG:colcon:Parsed command line arguments: Namespace(log_base=None, log_level=None, verb_name='build', build_base='build', install_base='install', merge_install=False, symlink_install=False, test_result_base=None, continue_on_error=False, executor='parallel', parallel_workers=10, event_handlers=None, ignore_user_meta=False, metas=['./colcon.meta'], base_paths=['.'], packages_ignore=None, packages_ignore_regex=None, paths=None, packages_up_to=None, packages_up_to_regex=None, packages_above=None, packages_above_and_dependencies=None, packages_above_depth=None, packages_select_by_dep=None, packages_skip_by_dep=None, packages_skip_up_to=None, packages_select_build_failed=False, packages_skip_build_finished=False, packages_select_test_failures=False, packages_skip_test_passed=False, packages_select=None, packages_skip=None, packages_select_regex=None, packages_skip_regex=None, packages_start=None, packages_end=None, allow_overriding=[], cmake_args=None, cmake_target=None, cmake_target_skip_unavailable=False, cmake_clean_cache=False, cmake_clean_first=False, cmake_force_configure=False, ament_cmake_args=None, catkin_cmake_args=None, catkin_skip_building_tests=False, mixin_files=None, mixin=None, verb_parser=<colcon_mixin.mixin.mixin_argument.MixinArgumentDecorator object at 0xfbb265d461d0>, verb_extension=<colcon_core.verb.build.BuildVerb object at 0xfbb265d45d20>, main=<bound method BuildVerb.main of <colcon_core.verb.build.BuildVerb object at 0xfbb265d45d20>>, mixin_verb=('build',))
[1.447s] Level 1:colcon.colcon_core.package_discovery:discover_packages(colcon_meta) check parameters
[1.448s] Level 1:colcon.colcon_core.package_discovery:discover_packages(recursive) check parameters
[1.448s] Level 1:colcon.colcon_core.package_discovery:discover_packages(ignore) check parameters
[1.448s] Level 1:colcon.colcon_core.package_discovery:discover_packages(path) check parameters
[1.448s] Level 1:colcon.colcon_core.package_discovery:discover_packages(colcon_meta) discover
[1.448s] Level 1:colcon.colcon_core.package_discovery:discover_packages(recursive) discover
[1.448s] INFO:colcon.colcon_core.package_discovery:Crawling recursively for packages in '/home/ishman/panda_ws'
[1.448s] Level 1:colcon.colcon_core.package_identification:_identify(.) by extensions ['ignore', 'ignore_ament_install']
[1.448s] Level 1:colcon.colcon_core.package_identification:_identify(.) by extension 'ignore'
[1.448s] Level 1:colcon.colcon_core.package_identification:_identify(.) by extension 'ignore_ament_install'
[1.448s] Level 1:colcon.colcon_core.package_identification:_identify(.) by extensions ['colcon_pkg']
[1.448s] Level 1:colcon.colcon_core.package_identification:_identify(.) by extension 'colcon_pkg'
[1.448s] Level 1:colcon.colcon_core.package_identification:_identify(.) by extensions ['colcon_meta']
[1.448s] Level 1:colcon.colcon_core.package_identification:_identify(.) by extension 'colcon_meta'
[1.448s] Level 1:colcon.colcon_core.package_identification:_identify(.) by extensions ['ros']
[1.448s] Level 1:colcon.colcon_core.package_identification:_identify(.) by extension 'ros'
[1.476s] Level 1:colcon.colcon_core.package_identification:_identify(.) by extensions ['cmake', 'python']
[1.476s] Level 1:colcon.colcon_core.package_identification:_identify(.) by extension 'cmake'
[1.476s] Level 1:colcon.colcon_core.package_identification:_identify(.) by extension 'python'
[1.476s] Level 1:colcon.colcon_core.package_identification:_identify(.) by extensions ['python_setup_py']
[1.476s] Level 1:colcon.colcon_core.package_identification:_identify(.) by extension 'python_setup_py'
[1.476s] Level 1:colcon.colcon_core.package_identification:_identify(build) by extensions ['ignore', 'ignore_ament_install']
[1.477s] Level 1:colcon.colcon_core.package_identification:_identify(build) by extension 'ignore'
[1.477s] Level 1:colcon.colcon_core.package_identification:_identify(build) ignored
[1.477s] Level 1:colcon.colcon_core.package_identification:_identify(install) by extensions ['ignore', 'ignore_ament_install']
[1.477s] Level 1:colcon.colcon_core.package_identification:_identify(install) by extension 'ignore'
[1.477s] Level 1:colcon.colcon_core.package_identification:_identify(install) ignored
[1.477s] Level 1:colcon.colcon_core.package_identification:_identify(log) by extensions ['ignore', 'ignore_ament_install']
[1.477s] Level 1:colcon.colcon_core.package_identification:_identify(log) by extension 'ignore'
[1.477s] Level 1:colcon.colcon_core.package_identification:_identify(log) ignored
[1.477s] Level 1:colcon.colcon_core.package_identification:_identify(src) by extensions ['ignore', 'ignore_ament_install']
[1.477s] Level 1:colcon.colcon_core.package_identification:_identify(src) by extension 'ignore'
[1.477s] Level 1:colcon.colcon_core.package_identification:_identify(src) by extension 'ignore_ament_install'
[1.477s] Level 1:colcon.colcon_core.package_identification:_identify(src) by extensions ['colcon_pkg']
[1.477s] Level 1:colcon.colcon_core.package_identification:_identify(src) by extension 'colcon_pkg'
[1.477s] Level 1:colcon.colcon_core.package_identification:_identify(src) by extensions ['colcon_meta']
[1.477s] Level 1:colcon.colcon_core.package_identification:_identify(src) by extension 'colcon_meta'
[1.477s] Level 1:colcon.colcon_core.package_identification:_identify(src) by extensions ['ros']
[1.477s] Level 1:colcon.colcon_core.package_identification:_identify(src) by extension 'ros'
[1.477s] Level 1:colcon.colcon_core.package_identification:_identify(src) by extensions ['cmake', 'python']
[1.477s] Level 1:colcon.colcon_core.package_identification:_identify(src) by extension 'cmake'
[1.478s] Level 1:colcon.colcon_core.package_identification:_identify(src) by extension 'python'
[1.478s] Level 1:colcon.colcon_core.package_identification:_identify(src) by extensions ['python_setup_py']
[1.478s] Level 1:colcon.colcon_core.package_identification:_identify(src) by extension 'python_setup_py'
[1.478s] Level 1:colcon.colcon_core.package_identification:_identify(src/build) by extensions ['ignore', 'ignore_ament_install']
[1.478s] Level 1:colcon.colcon_core.package_identification:_identify(src/build) by extension 'ignore'
[1.478s] Level 1:colcon.colcon_core.package_identification:_identify(src/build) ignored
[1.478s] Level 1:colcon.colcon_core.package_identification:_identify(src/log) by extensions ['ignore', 'ignore_ament_install']
[1.478s] Level 1:colcon.colcon_core.package_identification:_identify(src/log) by extension 'ignore'
[1.478s] Level 1:colcon.colcon_core.package_identification:_identify(src/log) ignored
[1.478s] Level 1:colcon.colcon_core.package_identification:_identify(src/panda_controller) by extensions ['ignore', 'ignore_ament_install']
[1.478s] Level 1:colcon.colcon_core.package_identification:_identify(src/panda_controller) by extension 'ignore'
[1.478s] Level 1:colcon.colcon_core.package_identification:_identify(src/panda_controller) by extension 'ignore_ament_install'
[1.478s] Level 1:colcon.colcon_core.package_identification:_identify(src/panda_controller) by extensions ['colcon_pkg']
[1.479s] Level 1:colcon.colcon_core.package_identification:_identify(src/panda_controller) by extension 'colcon_pkg'
[1.479s] Level 1:colcon.colcon_core.package_identification:_identify(src/panda_controller) by extensions ['colcon_meta']
[1.479s] Level 1:colcon.colcon_core.package_identification:_identify(src/panda_controller) by extension 'colcon_meta'
[1.479s] Level 1:colcon.colcon_core.package_identification:_identify(src/panda_controller) by extensions ['ros']
[1.479s] Level 1:colcon.colcon_core.package_identification:_identify(src/panda_controller) by extension 'ros'
[1.483s] DEBUG:colcon.colcon_core.package_identification:Package 'src/panda_controller' with type 'ros.ament_cmake' and name 'panda_controller'
[1.483s] Level 1:colcon.colcon_core.package_identification:_identify(src/panda_description) by extensions ['ignore', 'ignore_ament_install']
[1.483s] Level 1:colcon.colcon_core.package_identification:_identify(src/panda_description) by extension 'ignore'
[1.483s] Level 1:colcon.colcon_core.package_identification:_identify(src/panda_description) by extension 'ignore_ament_install'
[1.483s] Level 1:colcon.colcon_core.package_identification:_identify(src/panda_description) by extensions ['colcon_pkg']
[1.483s] Level 1:colcon.colcon_core.package_identification:_identify(src/panda_description) by extension 'colcon_pkg'
[1.483s] Level 1:colcon.colcon_core.package_identification:_identify(src/panda_description) by extensions ['colcon_meta']
[1.483s] Level 1:colcon.colcon_core.package_identification:_identify(src/panda_description) by extension 'colcon_meta'
[1.483s] Level 1:colcon.colcon_core.package_identification:_identify(src/panda_description) by extensions ['ros']
[1.483s] Level 1:colcon.colcon_core.package_identification:_identify(src/panda_description) by extension 'ros'
[1.485s] DEBUG:colcon.colcon_core.package_identification:Package 'src/panda_description' with type 'ros.ament_cmake' and name 'panda_description'
[1.485s] Level 1:colcon.colcon_core.package_identification:_identify(src/panda_moveit) by extensions ['ignore', 'ignore_ament_install']
[1.486s] Level 1:colcon.colcon_core.package_identification:_identify(src/panda_moveit) by extension 'ignore'
[1.486s] Level 1:colcon.colcon_core.package_identification:_identify(src/panda_moveit) by extension 'ignore_ament_install'
[1.486s] Level 1:colcon.colcon_core.package_identification:_identify(src/panda_moveit) by extensions ['colcon_pkg']
[1.486s] Level 1:colcon.colcon_core.package_identification:_identify(src/panda_moveit) by extension 'colcon_pkg'
[1.486s] Level 1:colcon.colcon_core.package_identification:_identify(src/panda_moveit) by extensions ['colcon_meta']
[1.486s] Level 1:colcon.colcon_core.package_identification:_identify(src/panda_moveit) by extension 'colcon_meta'
[1.486s] Level 1:colcon.colcon_core.package_identification:_identify(src/panda_moveit) by extensions ['ros']
[1.486s] Level 1:colcon.colcon_core.package_identification:_identify(src/panda_moveit) by extension 'ros'
[1.486s] DEBUG:colcon.colcon_core.package_identification:Package 'src/panda_moveit' with type 'ros.ament_cmake' and name 'panda_moveit'
[1.486s] Level 1:colcon.colcon_core.package_identification:_identify(src/panda_vision) by extensions ['ignore', 'ignore_ament_install']
[1.486s] Level 1:colcon.colcon_core.package_identification:_identify(src/panda_vision) by extension 'ignore'
[1.487s] Level 1:colcon.colcon_core.package_identification:_identify(src/panda_vision) by extension 'ignore_ament_install'
[1.487s] Level 1:colcon.colcon_core.package_identification:_identify(src/panda_vision) by extensions ['colcon_pkg']
[1.487s] Level 1:colcon.colcon_core.package_identification:_identify(src/panda_vision) by extension 'colcon_pkg'
[1.487s] Level 1:colcon.colcon_core.package_identification:_identify(src/panda_vision) by extensions ['colcon_meta']
[1.487s] Level 1:colcon.colcon_core.package_identification:_identify(src/panda_vision) by extension 'colcon_meta'
[1.487s] Level 1:colcon.colcon_core.package_identification:_identify(src/panda_vision) by extensions ['ros']
[1.487s] Level 1:colcon.colcon_core.package_identification:_identify(src/panda_vision) by extension 'ros'
[1.488s] DEBUG:colcon.colcon_core.package_identification:Package 'src/panda_vision' with type 'ros.ament_python' and name 'panda_vision'
[1.488s] Level 1:colcon.colcon_core.package_discovery:discover_packages(recursive) using defaults
[1.488s] Level 1:colcon.colcon_core.package_discovery:discover_packages(ignore) discover
[1.488s] Level 1:colcon.colcon_core.package_discovery:discover_packages(ignore) using defaults
[1.488s] Level 1:colcon.colcon_core.package_discovery:discover_packages(path) discover
[1.488s] Level 1:colcon.colcon_core.package_discovery:discover_packages(path) using defaults
[1.534s] Level 1:colcon.colcon_core.package_discovery:discover_packages(prefix_path) check parameters
[1.534s] Level 1:colcon.colcon_core.package_discovery:discover_packages(prefix_path) discover
[1.540s] DEBUG:colcon.colcon_installed_package_information.package_discovery:Found 3 installed packages in /home/ishman/panda_ws/install
[1.543s] DEBUG:colcon.colcon_installed_package_information.package_discovery:Found 357 installed packages in /opt/ros/humble
[1.544s] Level 1:colcon.colcon_core.package_discovery:discover_packages(prefix_path) using defaults
[1.657s] Level 5:colcon.colcon_core.verb:set package 'panda_description' build argument 'cmake_args' from command line to 'None'
[1.657s] Level 5:colcon.colcon_core.verb:set package 'panda_description' build argument 'cmake_target' from command line to 'None'
[1.657s] Level 5:colcon.colcon_core.verb:set package 'panda_description' build argument 'cmake_target_skip_unavailable' from command line to 'False'
[1.657s] Level 5:colcon.colcon_core.verb:set package 'panda_description' build argument 'cmake_clean_cache' from command line to 'False'
[1.657s] Level 5:colcon.colcon_core.verb:set package 'panda_description' build argument 'cmake_clean_first' from command line to 'False'
[1.657s] Level 5:colcon.colcon_core.verb:set package 'panda_description' build argument 'cmake_force_configure' from command line to 'False'
[1.657s] Level 5:colcon.colcon_core.verb:set package 'panda_description' build argument 'ament_cmake_args' from command line to 'None'
[1.657s] Level 5:colcon.colcon_core.verb:set package 'panda_description' build argument 'catkin_cmake_args' from command line to 'None'
[1.657s] Level 5:colcon.colcon_core.verb:set package 'panda_description' build argument 'catkin_skip_building_tests' from command line to 'False'
[1.657s] DEBUG:colcon.colcon_core.verb:Building package 'panda_description' with the following arguments: {'ament_cmake_args': None, 'build_base': '/home/ishman/panda_ws/build/panda_description', 'catkin_cmake_args': None, 'catkin_skip_building_tests': False, 'cmake_args': None, 'cmake_clean_cache': False, 'cmake_clean_first': False, 'cmake_force_configure': False, 'cmake_target': None, 'cmake_target_skip_unavailable': False, 'install_base': '/home/ishman/panda_ws/install/panda_description', 'merge_install': False, 'path': '/home/ishman/panda_ws/src/panda_description', 'symlink_install': False, 'test_result_base': None}
[1.657s] Level 5:colcon.colcon_core.verb:set package 'panda_vision' build argument 'cmake_args' from command line to 'None'
[1.657s] Level 5:colcon.colcon_core.verb:set package 'panda_vision' build argument 'cmake_target' from command line to 'None'
[1.658s] Level 5:colcon.colcon_core.verb:set package 'panda_vision' build argument 'cmake_target_skip_unavailable' from command line to 'False'
[1.658s] Level 5:colcon.colcon_core.verb:set package 'panda_vision' build argument 'cmake_clean_cache' from command line to 'False'
[1.658s] Level 5:colcon.colcon_core.verb:set package 'panda_vision' build argument 'cmake_clean_first' from command line to 'False'
[1.658s] Level 5:colcon.colcon_core.verb:set package 'panda_vision' build argument 'cmake_force_configure' from command line to 'False'
[1.658s] Level 5:colcon.colcon_core.verb:set package 'panda_vision' build argument 'ament_cmake_args' from command line to 'None'
[1.658s] Level 5:colcon.colcon_core.verb:set package 'panda_vision' build argument 'catkin_cmake_args' from command line to 'None'
[1.658s] Level 5:colcon.colcon_core.verb:set package 'panda_vision' build argument 'catkin_skip_building_tests' from command line to 'False'
[1.658s] DEBUG:colcon.colcon_core.verb:Building package 'panda_vision' with the following arguments: {'ament_cmake_args': None, 'build_base': '/home/ishman/panda_ws/build/panda_vision', 'catkin_cmake_args': None, 'catkin_skip_building_tests': False, 'cmake_args': None, 'cmake_clean_cache': False, 'cmake_clean_first': False, 'cmake_force_configure': False, 'cmake_target': None, 'cmake_target_skip_unavailable': False, 'install_base': '/home/ishman/panda_ws/install/panda_vision', 'merge_install': False, 'path': '/home/ishman/panda_ws/src/panda_vision', 'symlink_install': False, 'test_result_base': None}
[1.658s] Level 5:colcon.colcon_core.verb:set package 'panda_controller' build argument 'cmake_args' from command line to 'None'
[1.658s] Level 5:colcon.colcon_core.verb:set package 'panda_controller' build argument 'cmake_target' from command line to 'None'
[1.658s] Level 5:colcon.colcon_core.verb:set package 'panda_controller' build argument 'cmake_target_skip_unavailable' from command line to 'False'
[1.658s] Level 5:colcon.colcon_core.verb:set package 'panda_controller' build argument 'cmake_clean_cache' from command line to 'False'
[1.658s] Level 5:colcon.colcon_core.verb:set package 'panda_controller' build argument 'cmake_clean_first' from command line to 'False'
[1.658s] Level 5:colcon.colcon_core.verb:set package 'panda_controller' build argument 'cmake_force_configure' from command line to 'False'
[1.658s] Level 5:colcon.colcon_core.verb:set package 'panda_controller' build argument 'ament_cmake_args' from command line to 'None'
[1.658s] Level 5:colcon.colcon_core.verb:set package 'panda_controller' build argument 'catkin_cmake_args' from command line to 'None'
[1.658s] Level 5:colcon.colcon_core.verb:set package 'panda_controller' build argument 'catkin_skip_building_tests' from command line to 'False'
[1.658s] DEBUG:colcon.colcon_core.verb:Building package 'panda_controller' with the following arguments: {'ament_cmake_args': None, 'build_base': '/home/ishman/panda_ws/build/panda_controller', 'catkin_cmake_args': None, 'catkin_skip_building_tests': False, 'cmake_args': None, 'cmake_clean_cache': False, 'cmake_clean_first': False, 'cmake_force_configure': False, 'cmake_target': None, 'cmake_target_skip_unavailable': False, 'install_base': '/home/ishman/panda_ws/install/panda_controller', 'merge_install': False, 'path': '/home/ishman/panda_ws/src/panda_controller', 'symlink_install': False, 'test_result_base': None}
[1.658s] Level 5:colcon.colcon_core.verb:set package 'panda_moveit' build argument 'cmake_args' from command line to 'None'
[1.658s] Level 5:colcon.colcon_core.verb:set package 'panda_moveit' build argument 'cmake_target' from command line to 'None'
[1.658s] Level 5:colcon.colcon_core.verb:set package 'panda_moveit' build argument 'cmake_target_skip_unavailable' from command line to 'False'
[1.658s] Level 5:colcon.colcon_core.verb:set package 'panda_moveit' build argument 'cmake_clean_cache' from command line to 'False'
[1.658s] Level 5:colcon.colcon_core.verb:set package 'panda_moveit' build argument 'cmake_clean_first' from command line to 'False'
[1.658s] Level 5:colcon.colcon_core.verb:set package 'panda_moveit' build argument 'cmake_force_configure' from command line to 'False'
[1.658s] Level 5:colcon.colcon_core.verb:set package 'panda_moveit' build argument 'ament_cmake_args' from command line to 'None'
[1.658s] Level 5:colcon.colcon_core.verb:set package 'panda_moveit' build argument 'catkin_cmake_args' from command line to 'None'
[1.658s] Level 5:colcon.colcon_core.verb:set package 'panda_moveit' build argument 'catkin_skip_building_tests' from command line to 'False'
[1.658s] DEBUG:colcon.colcon_core.verb:Building package 'panda_moveit' with the following arguments: {'ament_cmake_args': None, 'build_base': '/home/ishman/panda_ws/build/panda_moveit', 'catkin_cmake_args': None, 'catkin_skip_building_tests': False, 'cmake_args': None, 'cmake_clean_cache': False, 'cmake_clean_first': False, 'cmake_force_configure': False, 'cmake_target': None, 'cmake_target_skip_unavailable': False, 'install_base': '/home/ishman/panda_ws/install/panda_moveit', 'merge_install': False, 'path': '/home/ishman/panda_ws/src/panda_moveit', 'symlink_install': False, 'test_result_base': None}
[1.658s] INFO:colcon.colcon_core.executor:Executing jobs using 'parallel' executor
[1.661s] DEBUG:colcon.colcon_parallel_executor.executor.parallel:run_until_complete
[1.661s] INFO:colcon.colcon_ros.task.ament_cmake.build:Building ROS package in '/home/ishman/panda_ws/src/panda_description' with build type 'ament_cmake'
[1.662s] INFO:colcon.colcon_cmake.task.cmake.build:Building CMake package in '/home/ishman/panda_ws/src/panda_description'
[1.667s] INFO:colcon.colcon_core.plugin_system:Skipping extension 'colcon_core.shell.bat': Not used on non-Windows systems
[1.667s] INFO:colcon.colcon_core.shell:Skip shell extension 'powershell' for command environment: Not usable outside of PowerShell
[1.667s] DEBUG:colcon.colcon_core.shell:Skip shell extension 'dsv' for command environment
[1.674s] INFO:colcon.colcon_ros.task.ament_python.build:Building ROS package in '/home/ishman/panda_ws/src/panda_vision' with build type 'ament_python'
[1.675s] Level 1:colcon.colcon_core.shell:create_environment_hook('panda_vision', 'ament_prefix_path')
[1.675s] INFO:colcon.colcon_core.shell:Creating environment hook '/home/ishman/panda_ws/install/panda_vision/share/panda_vision/hook/ament_prefix_path.ps1'
[1.679s] INFO:colcon.colcon_core.shell:Creating environment descriptor '/home/ishman/panda_ws/install/panda_vision/share/panda_vision/hook/ament_prefix_path.dsv'
[1.680s] INFO:colcon.colcon_core.shell:Creating environment hook '/home/ishman/panda_ws/install/panda_vision/share/panda_vision/hook/ament_prefix_path.sh'
[1.681s] INFO:colcon.colcon_core.shell:Skip shell extension 'powershell' for command environment: Not usable outside of PowerShell
[1.681s] DEBUG:colcon.colcon_core.shell:Skip shell extension 'dsv' for command environment
[1.698s] DEBUG:colcon.colcon_core.event_handler.log_command:Invoking command in '/home/ishman/panda_ws/build/panda_description': CMAKE_PREFIX_PATH=${CMAKE_PREFIX_PATH}:/opt/ros/humble /usr/bin/cmake --build /home/ishman/panda_ws/build/panda_description -- -j10 -l10
[1.895s] INFO:colcon.colcon_core.task.python.build:Building Python package in '/home/ishman/panda_ws/src/panda_vision'
[1.896s] INFO:colcon.colcon_core.shell:Skip shell extension 'powershell' for command environment: Not usable outside of PowerShell
[1.896s] DEBUG:colcon.colcon_core.shell:Skip shell extension 'dsv' for command environment
[1.902s] DEBUG:colcon.colcon_core.event_handler.log_command:Invoked command in '/home/ishman/panda_ws/build/panda_description' returned '0': CMAKE_PREFIX_PATH=${CMAKE_PREFIX_PATH}:/opt/ros/humble /usr/bin/cmake --build /home/ishman/panda_ws/build/panda_description -- -j10 -l10
[1.917s] DEBUG:colcon.colcon_core.event_handler.log_command:Invoking command in '/home/ishman/panda_ws/build/panda_description': CMAKE_PREFIX_PATH=${CMAKE_PREFIX_PATH}:/opt/ros/humble /usr/bin/cmake --install /home/ishman/panda_ws/build/panda_description
[1.967s] Level 1:colcon.colcon_core.environment:create_environment_scripts_only(panda_description)
[1.967s] DEBUG:colcon.colcon_core.event_handler.log_command:Invoked command in '/home/ishman/panda_ws/build/panda_description' returned '0': CMAKE_PREFIX_PATH=${CMAKE_PREFIX_PATH}:/opt/ros/humble /usr/bin/cmake --install /home/ishman/panda_ws/build/panda_description
[1.978s] Level 1:colcon.colcon_core.environment:checking '/home/ishman/panda_ws/install/panda_description' for CMake module files
[1.978s] Level 1:colcon.colcon_core.environment:checking '/home/ishman/panda_ws/install/panda_description' for CMake config files
[1.979s] Level 1:colcon.colcon_core.shell:create_environment_hook('panda_description', 'cmake_prefix_path')
[1.979s] INFO:colcon.colcon_core.shell:Creating environment hook '/home/ishman/panda_ws/install/panda_description/share/panda_description/hook/cmake_prefix_path.ps1'
[1.979s] INFO:colcon.colcon_core.shell:Creating environment descriptor '/home/ishman/panda_ws/install/panda_description/share/panda_description/hook/cmake_prefix_path.dsv'
[1.980s] INFO:colcon.colcon_core.shell:Creating environment hook '/home/ishman/panda_ws/install/panda_description/share/panda_description/hook/cmake_prefix_path.sh'
[1.980s] Level 1:colcon.colcon_core.environment:checking '/home/ishman/panda_ws/install/panda_description/bin'
[1.980s] Level 1:colcon.colcon_core.environment:checking '/home/ishman/panda_ws/install/panda_description/lib/pkgconfig/panda_description.pc'
[1.981s] Level 1:colcon.colcon_core.environment:checking '/home/ishman/panda_ws/install/panda_description/lib/python3.10/site-packages'
[1.981s] Level 1:colcon.colcon_core.environment:checking '/home/ishman/panda_ws/install/panda_description/bin'
[1.981s] INFO:colcon.colcon_core.shell:Creating package script '/home/ishman/panda_ws/install/panda_description/share/panda_description/package.ps1'
[1.982s] INFO:colcon.colcon_core.shell:Creating package descriptor '/home/ishman/panda_ws/install/panda_description/share/panda_description/package.dsv'
[1.983s] INFO:colcon.colcon_core.shell:Creating package script '/home/ishman/panda_ws/install/panda_description/share/panda_description/package.sh'
[1.983s] INFO:colcon.colcon_core.shell:Creating package script '/home/ishman/panda_ws/install/panda_description/share/panda_description/package.bash'
[1.985s] INFO:colcon.colcon_core.shell:Creating package script '/home/ishman/panda_ws/install/panda_description/share/panda_description/package.zsh'
[1.985s] Level 1:colcon.colcon_core.environment:create_file_with_runtime_dependencies(/home/ishman/panda_ws/install/panda_description/share/colcon-core/packages/panda_description)
[1.986s] Level 1:colcon.colcon_core.environment:create_environment_scripts_only(panda_description)
[1.986s] Level 1:colcon.colcon_core.environment:checking '/home/ishman/panda_ws/install/panda_description' for CMake module files
[1.986s] Level 1:colcon.colcon_core.environment:checking '/home/ishman/panda_ws/install/panda_description' for CMake config files
[1.987s] Level 1:colcon.colcon_core.shell:create_environment_hook('panda_description', 'cmake_prefix_path')
[1.987s] INFO:colcon.colcon_core.shell:Creating environment hook '/home/ishman/panda_ws/install/panda_description/share/panda_description/hook/cmake_prefix_path.ps1'
[1.988s] INFO:colcon.colcon_core.shell:Creating environment descriptor '/home/ishman/panda_ws/install/panda_description/share/panda_description/hook/cmake_prefix_path.dsv'
[1.988s] INFO:colcon.colcon_core.shell:Creating environment hook '/home/ishman/panda_ws/install/panda_description/share/panda_description/hook/cmake_prefix_path.sh'
[1.988s] Level 1:colcon.colcon_core.environment:checking '/home/ishman/panda_ws/install/panda_description/bin'
[1.989s] Level 1:colcon.colcon_core.environment:checking '/home/ishman/panda_ws/install/panda_description/lib/pkgconfig/panda_description.pc'
[1.989s] Level 1:colcon.colcon_core.environment:checking '/home/ishman/panda_ws/install/panda_description/lib/python3.10/site-packages'
[1.989s] Level 1:colcon.colcon_core.environment:checking '/home/ishman/panda_ws/install/panda_description/bin'
[1.989s] INFO:colcon.colcon_core.shell:Creating package script '/home/ishman/panda_ws/install/panda_description/share/panda_description/package.ps1'
[1.990s] INFO:colcon.colcon_core.shell:Creating package descriptor '/home/ishman/panda_ws/install/panda_description/share/panda_description/package.dsv'
[1.990s] INFO:colcon.colcon_core.shell:Creating package script '/home/ishman/panda_ws/install/panda_description/share/panda_description/package.sh'
[1.990s] INFO:colcon.colcon_core.shell:Creating package script '/home/ishman/panda_ws/install/panda_description/share/panda_description/package.bash'
[1.990s] INFO:colcon.colcon_core.shell:Creating package script '/home/ishman/panda_ws/install/panda_description/share/panda_description/package.zsh'
[1.991s] Level 1:colcon.colcon_core.environment:create_file_with_runtime_dependencies(/home/ishman/panda_ws/install/panda_description/share/colcon-core/packages/panda_description)
[1.991s] INFO:colcon.colcon_ros.task.ament_cmake.build:Building ROS package in '/home/ishman/panda_ws/src/panda_controller' with build type 'ament_cmake'
[1.991s] INFO:colcon.colcon_cmake.task.cmake.build:Building CMake package in '/home/ishman/panda_ws/src/panda_controller'
[1.991s] INFO:colcon.colcon_core.shell:Skip shell extension 'powershell' for command environment: Not usable outside of PowerShell
[1.991s] DEBUG:colcon.colcon_core.shell:Skip shell extension 'dsv' for command environment
[1.998s] INFO:colcon.colcon_ros.task.ament_cmake.build:Building ROS package in '/home/ishman/panda_ws/src/panda_moveit' with build type 'ament_cmake'
[1.998s] INFO:colcon.colcon_cmake.task.cmake.build:Building CMake package in '/home/ishman/panda_ws/src/panda_moveit'
[1.999s] INFO:colcon.colcon_core.shell:Skip shell extension 'powershell' for command environment: Not usable outside of PowerShell
[1.999s] DEBUG:colcon.colcon_core.shell:Skip shell extension 'dsv' for command environment
[2.044s] DEBUG:colcon.colcon_core.event_handler.log_command:Invoking command in '/home/ishman/panda_ws/build/panda_moveit': CMAKE_PREFIX_PATH=/home/ishman/panda_ws/install/panda_description:/home/ishman/panda_ws/install/panda_moveit:/home/ishman/panda_ws/install/panda_controller:/opt/ros/humble /usr/bin/cmake --build /home/ishman/panda_ws/build/panda_moveit -- -j10 -l10
[2.048s] DEBUG:colcon.colcon_core.event_handler.log_command:Invoking command in '/home/ishman/panda_ws/build/panda_controller': CMAKE_PREFIX_PATH=/home/ishman/panda_ws/install/panda_description:/home/ishman/panda_ws/install/panda_moveit:/home/ishman/panda_ws/install/panda_controller:/opt/ros/humble /usr/bin/cmake --build /home/ishman/panda_ws/build/panda_controller -- -j10 -l10
[2.075s] DEBUG:colcon.colcon_core.event_handler.log_command:Invoked command in '/home/ishman/panda_ws/build/panda_moveit' returned '0': CMAKE_PREFIX_PATH=/home/ishman/panda_ws/install/panda_description:/home/ishman/panda_ws/install/panda_moveit:/home/ishman/panda_ws/install/panda_controller:/opt/ros/humble /usr/bin/cmake --build /home/ishman/panda_ws/build/panda_moveit -- -j10 -l10
[2.077s] DEBUG:colcon.colcon_core.event_handler.log_command:Invoking command in '/home/ishman/panda_ws/build/panda_moveit': CMAKE_PREFIX_PATH=/home/ishman/panda_ws/install/panda_description:/home/ishman/panda_ws/install/panda_moveit:/home/ishman/panda_ws/install/panda_controller:/opt/ros/humble /usr/bin/cmake --install /home/ishman/panda_ws/build/panda_moveit
[2.086s] Level 1:colcon.colcon_core.environment:create_environment_scripts_only(panda_moveit)
[2.087s] Level 1:colcon.colcon_core.environment:checking '/home/ishman/panda_ws/install/panda_moveit' for CMake module files
[2.087s] DEBUG:colcon.colcon_core.event_handler.log_command:Invoked command in '/home/ishman/panda_ws/build/panda_moveit' returned '0': CMAKE_PREFIX_PATH=/home/ishman/panda_ws/install/panda_description:/home/ishman/panda_ws/install/panda_moveit:/home/ishman/panda_ws/install/panda_controller:/opt/ros/humble /usr/bin/cmake --install /home/ishman/panda_ws/build/panda_moveit
[2.087s] Level 1:colcon.colcon_core.environment:checking '/home/ishman/panda_ws/install/panda_moveit' for CMake config files
[2.087s] Level 1:colcon.colcon_core.shell:create_environment_hook('panda_moveit', 'cmake_prefix_path')
[2.088s] INFO:colcon.colcon_core.shell:Creating environment hook '/home/ishman/panda_ws/install/panda_moveit/share/panda_moveit/hook/cmake_prefix_path.ps1'
[2.088s] INFO:colcon.colcon_core.shell:Creating environment descriptor '/home/ishman/panda_ws/install/panda_moveit/share/panda_moveit/hook/cmake_prefix_path.dsv'
[2.088s] INFO:colcon.colcon_core.shell:Creating environment hook '/home/ishman/panda_ws/install/panda_moveit/share/panda_moveit/hook/cmake_prefix_path.sh'
[2.088s] Level 1:colcon.colcon_core.environment:checking '/home/ishman/panda_ws/install/panda_moveit/bin'
[2.088s] Level 1:colcon.colcon_core.environment:checking '/home/ishman/panda_ws/install/panda_moveit/lib/pkgconfig/panda_moveit.pc'
[2.089s] Level 1:colcon.colcon_core.environment:checking '/home/ishman/panda_ws/install/panda_moveit/lib/python3.10/site-packages'
[2.089s] Level 1:colcon.colcon_core.environment:checking '/home/ishman/panda_ws/install/panda_moveit/bin'
[2.089s] INFO:colcon.colcon_core.shell:Creating package script '/home/ishman/panda_ws/install/panda_moveit/share/panda_moveit/package.ps1'
[2.089s] INFO:colcon.colcon_core.shell:Creating package descriptor '/home/ishman/panda_ws/install/panda_moveit/share/panda_moveit/package.dsv'
[2.089s] INFO:colcon.colcon_core.shell:Creating package script '/home/ishman/panda_ws/install/panda_moveit/share/panda_moveit/package.sh'
[2.089s] INFO:colcon.colcon_core.shell:Creating package script '/home/ishman/panda_ws/install/panda_moveit/share/panda_moveit/package.bash'
[2.090s] INFO:colcon.colcon_core.shell:Creating package script '/home/ishman/panda_ws/install/panda_moveit/share/panda_moveit/package.zsh'
[2.090s] Level 1:colcon.colcon_core.environment:create_file_with_runtime_dependencies(/home/ishman/panda_ws/install/panda_moveit/share/colcon-core/packages/panda_moveit)
[2.090s] Level 1:colcon.colcon_core.environment:create_environment_scripts_only(panda_moveit)
[2.090s] Level 1:colcon.colcon_core.environment:checking '/home/ishman/panda_ws/install/panda_moveit' for CMake module files
[2.090s] Level 1:colcon.colcon_core.environment:checking '/home/ishman/panda_ws/install/panda_moveit' for CMake config files
[2.091s] Level 1:colcon.colcon_core.shell:create_environment_hook('panda_moveit', 'cmake_prefix_path')
[2.091s] INFO:colcon.colcon_core.shell:Creating environment hook '/home/ishman/panda_ws/install/panda_moveit/share/panda_moveit/hook/cmake_prefix_path.ps1'
[2.091s] INFO:colcon.colcon_core.shell:Creating environment descriptor '/home/ishman/panda_ws/install/panda_moveit/share/panda_moveit/hook/cmake_prefix_path.dsv'
[2.091s] INFO:colcon.colcon_core.shell:Creating environment hook '/home/ishman/panda_ws/install/panda_moveit/share/panda_moveit/hook/cmake_prefix_path.sh'
[2.091s] Level 1:colcon.colcon_core.environment:checking '/home/ishman/panda_ws/install/panda_moveit/bin'
[2.091s] Level 1:colcon.colcon_core.environment:checking '/home/ishman/panda_ws/install/panda_moveit/lib/pkgconfig/panda_moveit.pc'
[2.091s] Level 1:colcon.colcon_core.environment:checking '/home/ishman/panda_ws/install/panda_moveit/lib/python3.10/site-packages'
[2.092s] Level 1:colcon.colcon_core.environment:checking '/home/ishman/panda_ws/install/panda_moveit/bin'
[2.092s] INFO:colcon.colcon_core.shell:Creating package script '/home/ishman/panda_ws/install/panda_moveit/share/panda_moveit/package.ps1'
[2.092s] INFO:colcon.colcon_core.shell:Creating package descriptor '/home/ishman/panda_ws/install/panda_moveit/share/panda_moveit/package.dsv'
[2.092s] INFO:colcon.colcon_core.shell:Creating package script '/home/ishman/panda_ws/install/panda_moveit/share/panda_moveit/package.sh'
[2.092s] INFO:colcon.colcon_core.shell:Creating package script '/home/ishman/panda_ws/install/panda_moveit/share/panda_moveit/package.bash'
[2.093s] INFO:colcon.colcon_core.shell:Creating package script '/home/ishman/panda_ws/install/panda_moveit/share/panda_moveit/package.zsh'
[2.093s] Level 1:colcon.colcon_core.environment:create_file_with_runtime_dependencies(/home/ishman/panda_ws/install/panda_moveit/share/colcon-core/packages/panda_moveit)
[2.287s] DEBUG:colcon.colcon_core.event_handler.log_command:Invoked command in '/home/ishman/panda_ws/build/panda_controller' returned '0': CMAKE_PREFIX_PATH=/home/ishman/panda_ws/install/panda_description:/home/ishman/panda_ws/install/panda_moveit:/home/ishman/panda_ws/install/panda_controller:/opt/ros/humble /usr/bin/cmake --build /home/ishman/panda_ws/build/panda_controller -- -j10 -l10
[2.290s] DEBUG:colcon.colcon_core.event_handler.log_command:Invoking command in '/home/ishman/panda_ws/build/panda_controller': CMAKE_PREFIX_PATH=/home/ishman/panda_ws/install/panda_description:/home/ishman/panda_ws/install/panda_moveit:/home/ishman/panda_ws/install/panda_controller:/opt/ros/humble /usr/bin/cmake --install /home/ishman/panda_ws/build/panda_controller
[2.333s] Level 1:colcon.colcon_core.environment:create_environment_scripts_only(panda_controller)
[2.333s] Level 1:colcon.colcon_core.environment:checking '/home/ishman/panda_ws/install/panda_controller' for CMake module files
[2.333s] DEBUG:colcon.colcon_core.event_handler.log_command:Invoked command in '/home/ishman/panda_ws/build/panda_controller' returned '0': CMAKE_PREFIX_PATH=/home/ishman/panda_ws/install/panda_description:/home/ishman/panda_ws/install/panda_moveit:/home/ishman/panda_ws/install/panda_controller:/opt/ros/humble /usr/bin/cmake --install /home/ishman/panda_ws/build/panda_controller
[2.334s] Level 1:colcon.colcon_core.environment:checking '/home/ishman/panda_ws/install/panda_controller' for CMake config files
[2.334s] Level 1:colcon.colcon_core.shell:create_environment_hook('panda_controller', 'cmake_prefix_path')
[2.334s] INFO:colcon.colcon_core.shell:Creating environment hook '/home/ishman/panda_ws/install/panda_controller/share/panda_controller/hook/cmake_prefix_path.ps1'
[2.335s] INFO:colcon.colcon_core.shell:Creating environment descriptor '/home/ishman/panda_ws/install/panda_controller/share/panda_controller/hook/cmake_prefix_path.dsv'
[2.335s] INFO:colcon.colcon_core.shell:Creating environment hook '/home/ishman/panda_ws/install/panda_controller/share/panda_controller/hook/cmake_prefix_path.sh'
[2.335s] Level 1:colcon.colcon_core.environment:checking '/home/ishman/panda_ws/install/panda_controller/lib'
[2.335s] Level 1:colcon.colcon_core.environment:checking '/home/ishman/panda_ws/install/panda_controller/bin'
[2.335s] Level 1:colcon.colcon_core.environment:checking '/home/ishman/panda_ws/install/panda_controller/lib/pkgconfig/panda_controller.pc'
[2.335s] Level 1:colcon.colcon_core.environment:checking '/home/ishman/panda_ws/install/panda_controller/lib/python3.10/site-packages'
[2.336s] Level 1:colcon.colcon_core.environment:checking '/home/ishman/panda_ws/install/panda_controller/bin'
[2.336s] INFO:colcon.colcon_core.shell:Creating package script '/home/ishman/panda_ws/install/panda_controller/share/panda_controller/package.ps1'
[2.336s] INFO:colcon.colcon_core.shell:Creating package descriptor '/home/ishman/panda_ws/install/panda_controller/share/panda_controller/package.dsv'
[2.336s] INFO:colcon.colcon_core.shell:Creating package script '/home/ishman/panda_ws/install/panda_controller/share/panda_controller/package.sh'
[2.336s] INFO:colcon.colcon_core.shell:Creating package script '/home/ishman/panda_ws/install/panda_controller/share/panda_controller/package.bash'
[2.337s] INFO:colcon.colcon_core.shell:Creating package script '/home/ishman/panda_ws/install/panda_controller/share/panda_controller/package.zsh'
[2.337s] Level 1:colcon.colcon_core.environment:create_file_with_runtime_dependencies(/home/ishman/panda_ws/install/panda_controller/share/colcon-core/packages/panda_controller)
[2.337s] Level 1:colcon.colcon_core.environment:create_environment_scripts_only(panda_controller)
[2.337s] Level 1:colcon.colcon_core.environment:checking '/home/ishman/panda_ws/install/panda_controller' for CMake module files
[2.337s] Level 1:colcon.colcon_core.environment:checking '/home/ishman/panda_ws/install/panda_controller' for CMake config files
[2.337s] Level 1:colcon.colcon_core.shell:create_environment_hook('panda_controller', 'cmake_prefix_path')
[2.338s] INFO:colcon.colcon_core.shell:Creating environment hook '/home/ishman/panda_ws/install/panda_controller/share/panda_controller/hook/cmake_prefix_path.ps1'
[2.338s] INFO:colcon.colcon_core.shell:Creating environment descriptor '/home/ishman/panda_ws/install/panda_controller/share/panda_controller/hook/cmake_prefix_path.dsv'
[2.338s] INFO:colcon.colcon_core.shell:Creating environment hook '/home/ishman/panda_ws/install/panda_controller/share/panda_controller/hook/cmake_prefix_path.sh'
[2.338s] Level 1:colcon.colcon_core.environment:checking '/home/ishman/panda_ws/install/panda_controller/lib'
[2.338s] Level 1:colcon.colcon_core.environment:checking '/home/ishman/panda_ws/install/panda_controller/bin'
[2.338s] Level 1:colcon.colcon_core.environment:checking '/home/ishman/panda_ws/install/panda_controller/lib/pkgconfig/panda_controller.pc'
[2.338s] Level 1:colcon.colcon_core.environment:checking '/home/ishman/panda_ws/install/panda_controller/lib/python3.10/site-packages'
[2.339s] Level 1:colcon.colcon_core.environment:checking '/home/ishman/panda_ws/install/panda_controller/bin'
[2.339s] INFO:colcon.colcon_core.shell:Creating package script '/home/ishman/panda_ws/install/panda_controller/share/panda_controller/package.ps1'
[2.339s] INFO:colcon.colcon_core.shell:Creating package descriptor '/home/ishman/panda_ws/install/panda_controller/share/panda_controller/package.dsv'
[2.339s] INFO:colcon.colcon_core.shell:Creating package script '/home/ishman/panda_ws/install/panda_controller/share/panda_controller/package.sh'
[2.339s] INFO:colcon.colcon_core.shell:Creating package script '/home/ishman/panda_ws/install/panda_controller/share/panda_controller/package.bash'
[2.339s] INFO:colcon.colcon_core.shell:Creating package script '/home/ishman/panda_ws/install/panda_controller/share/panda_controller/package.zsh'
[2.340s] Level 1:colcon.colcon_core.environment:create_file_with_runtime_dependencies(/home/ishman/panda_ws/install/panda_controller/share/colcon-core/packages/panda_controller)
[2.473s] DEBUG:colcon.colcon_core.event_handler.log_command:Invoking command in '/home/ishman/panda_ws/src/panda_vision': PYTHONPATH=/home/ishman/panda_ws/build/panda_vision/prefix_override:/usr/lib/python3/dist-packages/colcon_core/task/python/colcon_distutils_commands:/home/ishman/panda_ws/install/panda_vision/lib/python3.10/site-packages:${PYTHONPATH} /usr/bin/python3 -W ignore:setup.py install is deprecated -W ignore:easy_install command is deprecated setup.py egg_info --egg-base ../../build/panda_vision build --build-base /home/ishman/panda_ws/build/panda_vision/build install --record /home/ishman/panda_ws/build/panda_vision/install.log --single-version-externally-managed install_data
[2.682s] Level 1:colcon.colcon_core.environment:checking '/home/ishman/panda_ws/install/panda_vision' for CMake module files
[2.683s] DEBUG:colcon.colcon_core.event_handler.log_command:Invoked command in '/home/ishman/panda_ws/src/panda_vision' returned '0': PYTHONPATH=/home/ishman/panda_ws/build/panda_vision/prefix_override:/usr/lib/python3/dist-packages/colcon_core/task/python/colcon_distutils_commands:/home/ishman/panda_ws/install/panda_vision/lib/python3.10/site-packages:${PYTHONPATH} /usr/bin/python3 -W ignore:setup.py install is deprecated -W ignore:easy_install command is deprecated setup.py egg_info --egg-base ../../build/panda_vision build --build-base /home/ishman/panda_ws/build/panda_vision/build install --record /home/ishman/panda_ws/build/panda_vision/install.log --single-version-externally-managed install_data
[2.683s] Level 1:colcon.colcon_core.environment:checking '/home/ishman/panda_ws/install/panda_vision' for CMake config files
[2.683s] Level 1:colcon.colcon_core.environment:checking '/home/ishman/panda_ws/install/panda_vision/lib'
[2.683s] Level 1:colcon.colcon_core.environment:checking '/home/ishman/panda_ws/install/panda_vision/bin'
[2.683s] Level 1:colcon.colcon_core.environment:checking '/home/ishman/panda_ws/install/panda_vision/lib/pkgconfig/panda_vision.pc'
[2.683s] Level 1:colcon.colcon_core.environment:checking '/home/ishman/panda_ws/install/panda_vision/lib/python3.10/site-packages'
[2.683s] Level 1:colcon.colcon_core.shell:create_environment_hook('panda_vision', 'pythonpath')
[2.684s] INFO:colcon.colcon_core.shell:Creating environment hook '/home/ishman/panda_ws/install/panda_vision/share/panda_vision/hook/pythonpath.ps1'
[2.684s] INFO:colcon.colcon_core.shell:Creating environment descriptor '/home/ishman/panda_ws/install/panda_vision/share/panda_vision/hook/pythonpath.dsv'
[2.684s] INFO:colcon.colcon_core.shell:Creating environment hook '/home/ishman/panda_ws/install/panda_vision/share/panda_vision/hook/pythonpath.sh'
[2.684s] Level 1:colcon.colcon_core.environment:checking '/home/ishman/panda_ws/install/panda_vision/bin'
[2.685s] Level 1:colcon.colcon_core.environment:create_environment_scripts_only(panda_vision)
[2.685s] INFO:colcon.colcon_core.shell:Creating package script '/home/ishman/panda_ws/install/panda_vision/share/panda_vision/package.ps1'
[2.685s] INFO:colcon.colcon_core.shell:Creating package descriptor '/home/ishman/panda_ws/install/panda_vision/share/panda_vision/package.dsv'
[2.685s] INFO:colcon.colcon_core.shell:Creating package script '/home/ishman/panda_ws/install/panda_vision/share/panda_vision/package.sh'
[2.685s] INFO:colcon.colcon_core.shell:Creating package script '/home/ishman/panda_ws/install/panda_vision/share/panda_vision/package.bash'
[2.686s] INFO:colcon.colcon_core.shell:Creating package script '/home/ishman/panda_ws/install/panda_vision/share/panda_vision/package.zsh'
[2.686s] Level 1:colcon.colcon_core.environment:create_file_with_runtime_dependencies(/home/ishman/panda_ws/install/panda_vision/share/colcon-core/packages/panda_vision)
[2.686s] DEBUG:colcon.colcon_parallel_executor.executor.parallel:closing loop
[2.687s] DEBUG:colcon.colcon_parallel_executor.executor.parallel:loop closed
[2.687s] DEBUG:colcon.colcon_parallel_executor.executor.parallel:run_until_complete finished with '0'
[2.687s] DEBUG:colcon.colcon_core.event_reactor:joining thread
[2.744s] INFO:colcon.colcon_core.plugin_system:Skipping extension 'colcon_notification.desktop_notification.notify_send': Could not find 'notify-send'
[2.745s] INFO:colcon.colcon_core.plugin_system:Skipping extension 'colcon_notification.desktop_notification.terminal_notifier': Not used on non-Darwin systems
[2.745s] INFO:colcon.colcon_core.plugin_system:Skipping extension 'colcon_notification.desktop_notification.win32': Not used on non-Windows systems
[2.745s] INFO:colcon.colcon_notification.desktop_notification:Sending desktop notification using 'notify2'
[2.745s] DEBUG:colcon.colcon_notification.desktop_notification.notify2:Failed to initialize notify2: org.freedesktop.DBus.Error.FileNotFound: Failed to connect to socket /run/user/1000/bus: No such file or directory
[2.745s] DEBUG:colcon.colcon_core.event_reactor:joined thread
[2.746s] INFO:colcon.colcon_core.shell:Creating prefix script '/home/ishman/panda_ws/install/local_setup.ps1'
[2.747s] INFO:colcon.colcon_core.shell:Creating prefix util module '/home/ishman/panda_ws/install/_local_setup_util_ps1.py'
[2.749s] INFO:colcon.colcon_core.shell:Creating prefix chain script '/home/ishman/panda_ws/install/setup.ps1'
[2.750s] INFO:colcon.colcon_core.shell:Creating prefix script '/home/ishman/panda_ws/install/local_setup.sh'
[2.751s] INFO:colcon.colcon_core.shell:Creating prefix util module '/home/ishman/panda_ws/install/_local_setup_util_sh.py'
[2.751s] INFO:colcon.colcon_core.shell:Creating prefix chain script '/home/ishman/panda_ws/install/setup.sh'
[2.752s] INFO:colcon.colcon_core.shell:Creating prefix script '/home/ishman/panda_ws/install/local_setup.bash'
[2.753s] INFO:colcon.colcon_core.shell:Creating prefix chain script '/home/ishman/panda_ws/install/setup.bash'
[2.754s] INFO:colcon.colcon_core.shell:Creating prefix script '/home/ishman/panda_ws/install/local_setup.zsh'
[2.755s] INFO:colcon.colcon_core.shell:Creating prefix chain script '/home/ishman/panda_ws/install/setup.zsh'
