[0.326s] Invoking command in '/home/ishman/panda_ws/build/panda_bringup': AMENT_PREFIX_PATH=/home/ishman/panda_ws/install/pymoveit2:${AMENT_PREFIX_PATH} CMAKE_PREFIX_PATH=/home/ishman/panda_ws/install/panda_moveit:/home/ishman/panda_ws/install/panda_controller:/home/ishman/panda_ws/install/pymoveit2:/home/ishman/panda_ws/install/panda_description:/home/ishman/panda_ws/install/panda_vision:/opt/ros/humble PYTHONPATH=/home/ishman/panda_ws/install/pymoveit2/local/lib/python3.10/dist-packages:${PYTHONPATH} /usr/bin/cmake /home/ishman/panda_ws/src/panda_bringup -DCMAKE_INSTALL_PREFIX=/home/ishman/panda_ws/install/panda_bringup
[0.486s] -- The C compiler identification is GNU 11.4.0
[1.146s] -- The CXX compiler identification is GNU 11.4.0
[1.500s] -- Detecting C compiler ABI info
[1.663s] -- Detecting C compiler ABI info - done
[1.669s] -- Check for working C compiler: /usr/bin/cc - skipped
[1.669s] -- Detecting C compile features
[1.669s] -- Detecting C compile features - done
[1.671s] -- Detecting CXX compiler ABI info
[1.830s] -- Detecting CXX compiler ABI info - done
[1.835s] -- Check for working CXX compiler: /usr/bin/c++ - skipped
[1.835s] -- Detecting CXX compile features
[1.835s] -- Detecting CXX compile features - done
[1.838s] -- Found ament_cmake: 1.3.12 (/opt/ros/humble/share/ament_cmake/cmake)
[1.964s] -- Found Python3: /usr/bin/python3 (found version "3.10.12") found components: Interpreter 
[2.089s] -- Configuring done
[2.094s] -- Generating done
[2.095s] -- Build files have been written to: /home/ishman/panda_ws/build/panda_bringup
[2.101s] Invoked command in '/home/ishman/panda_ws/build/panda_bringup' returned '0': AMENT_PREFIX_PATH=/home/ishman/panda_ws/install/pymoveit2:${AMENT_PREFIX_PATH} CMAKE_PREFIX_PATH=/home/ishman/panda_ws/install/panda_moveit:/home/ishman/panda_ws/install/panda_controller:/home/ishman/panda_ws/install/pymoveit2:/home/ishman/panda_ws/install/panda_description:/home/ishman/panda_ws/install/panda_vision:/opt/ros/humble PYTHONPATH=/home/ishman/panda_ws/install/pymoveit2/local/lib/python3.10/dist-packages:${PYTHONPATH} /usr/bin/cmake /home/ishman/panda_ws/src/panda_bringup -DCMAKE_INSTALL_PREFIX=/home/ishman/panda_ws/install/panda_bringup
[2.103s] Invoking command in '/home/ishman/panda_ws/build/panda_bringup': AMENT_PREFIX_PATH=/home/ishman/panda_ws/install/pymoveit2:${AMENT_PREFIX_PATH} CMAKE_PREFIX_PATH=/home/ishman/panda_ws/install/panda_moveit:/home/ishman/panda_ws/install/panda_controller:/home/ishman/panda_ws/install/pymoveit2:/home/ishman/panda_ws/install/panda_description:/home/ishman/panda_ws/install/panda_vision:/opt/ros/humble PYTHONPATH=/home/ishman/panda_ws/install/pymoveit2/local/lib/python3.10/dist-packages:${PYTHONPATH} /usr/bin/cmake --build /home/ishman/panda_ws/build/panda_bringup -- -j10 -l10
[2.141s] Invoked command in '/home/ishman/panda_ws/build/panda_bringup' returned '0': AMENT_PREFIX_PATH=/home/ishman/panda_ws/install/pymoveit2:${AMENT_PREFIX_PATH} CMAKE_PREFIX_PATH=/home/ishman/panda_ws/install/panda_moveit:/home/ishman/panda_ws/install/panda_controller:/home/ishman/panda_ws/install/pymoveit2:/home/ishman/panda_ws/install/panda_description:/home/ishman/panda_ws/install/panda_vision:/opt/ros/humble PYTHONPATH=/home/ishman/panda_ws/install/pymoveit2/local/lib/python3.10/dist-packages:${PYTHONPATH} /usr/bin/cmake --build /home/ishman/panda_ws/build/panda_bringup -- -j10 -l10
[2.143s] Invoking command in '/home/ishman/panda_ws/build/panda_bringup': AMENT_PREFIX_PATH=/home/ishman/panda_ws/install/pymoveit2:${AMENT_PREFIX_PATH} CMAKE_PREFIX_PATH=/home/ishman/panda_ws/install/panda_moveit:/home/ishman/panda_ws/install/panda_controller:/home/ishman/panda_ws/install/pymoveit2:/home/ishman/panda_ws/install/panda_description:/home/ishman/panda_ws/install/panda_vision:/opt/ros/humble PYTHONPATH=/home/ishman/panda_ws/install/pymoveit2/local/lib/python3.10/dist-packages:${PYTHONPATH} /usr/bin/cmake --install /home/ishman/panda_ws/build/panda_bringup
[2.150s] -- Install configuration: ""
[2.150s] -- Installing: /home/ishman/panda_ws/install/panda_bringup/share/panda_bringup/launch
[2.150s] -- Installing: /home/ishman/panda_ws/install/panda_bringup/share/panda_bringup/launch/pick_and_place.launch.py
[2.150s] -- Installing: /home/ishman/panda_ws/install/panda_bringup/share/ament_index/resource_index/package_run_dependencies/panda_bringup
[2.150s] -- Installing: /home/ishman/panda_ws/install/panda_bringup/share/ament_index/resource_index/parent_prefix_path/panda_bringup
[2.151s] -- Installing: /home/ishman/panda_ws/install/panda_bringup/share/panda_bringup/environment/ament_prefix_path.sh
[2.154s] -- Installing: /home/ishman/panda_ws/install/panda_bringup/share/panda_bringup/environment/ament_prefix_path.dsv
[2.154s] -- Installing: /home/ishman/panda_ws/install/panda_bringup/share/panda_bringup/environment/path.sh
[2.154s] -- Installing: /home/ishman/panda_ws/install/panda_bringup/share/panda_bringup/environment/path.dsv
[2.154s] -- Installing: /home/ishman/panda_ws/install/panda_bringup/share/panda_bringup/local_setup.bash
[2.154s] -- Installing: /home/ishman/panda_ws/install/panda_bringup/share/panda_bringup/local_setup.sh
[2.154s] -- Installing: /home/ishman/panda_ws/install/panda_bringup/share/panda_bringup/local_setup.zsh
[2.154s] -- Installing: /home/ishman/panda_ws/install/panda_bringup/share/panda_bringup/local_setup.dsv
[2.154s] -- Installing: /home/ishman/panda_ws/install/panda_bringup/share/panda_bringup/package.dsv
[2.154s] -- Installing: /home/ishman/panda_ws/install/panda_bringup/share/ament_index/resource_index/packages/panda_bringup
[2.154s] -- Installing: /home/ishman/panda_ws/install/panda_bringup/share/panda_bringup/cmake/panda_bringupConfig.cmake
[2.154s] -- Installing: /home/ishman/panda_ws/install/panda_bringup/share/panda_bringup/cmake/panda_bringupConfig-version.cmake
[2.154s] -- Installing: /home/ishman/panda_ws/install/panda_bringup/share/panda_bringup/package.xml
[2.155s] Invoked command in '/home/ishman/panda_ws/build/panda_bringup' returned '0': AMENT_PREFIX_PATH=/home/ishman/panda_ws/install/pymoveit2:${AMENT_PREFIX_PATH} CMAKE_PREFIX_PATH=/home/ishman/panda_ws/install/panda_moveit:/home/ishman/panda_ws/install/panda_controller:/home/ishman/panda_ws/install/pymoveit2:/home/ishman/panda_ws/install/panda_description:/home/ishman/panda_ws/install/panda_vision:/opt/ros/humble PYTHONPATH=/home/ishman/panda_ws/install/pymoveit2/local/lib/python3.10/dist-packages:${PYTHONPATH} /usr/bin/cmake --install /home/ishman/panda_ws/build/panda_bringup
