[0.042s] Invoking command in '/home/ishman/panda_ws/build/panda_description': CMAKE_PREFIX_PATH=${CMAKE_PREFIX_PATH}:/opt/ros/humble /usr/bin/cmake /home/ishman/panda_ws/src/panda_description -DCMAKE_INSTALL_PREFIX=/home/ishman/panda_ws/install/panda_description
[0.143s] -- Found ament_cmake: 1.3.12 (/opt/ros/humble/share/ament_cmake/cmake)
[0.269s] -- Override CMake install command with custom implementation using symlinks instead of copying resources
[0.306s] -- Found ament_lint_auto: 0.12.14 (/opt/ros/humble/share/ament_lint_auto/cmake)
[0.390s] -- Added test 'flake8' to check Python code syntax and style conventions
[0.392s] -- Added test 'lint_cmake' to check CMake code style
[0.393s] -- Added test 'pep257' to check Python code against some of the docstring style conventions in PEP 257
[0.398s] -- Added test 'xmllint' to check XML markup files
[0.400s] -- Configuring done
[0.406s] -- Generating done
[0.409s] -- Build files have been written to: /home/ishman/panda_ws/build/panda_description
[0.419s] Invoked command in '/home/ishman/panda_ws/build/panda_description' returned '0': CMAKE_PREFIX_PATH=${CMAKE_PREFIX_PATH}:/opt/ros/humble /usr/bin/cmake /home/ishman/panda_ws/src/panda_description -DCMAKE_INSTALL_PREFIX=/home/ishman/panda_ws/install/panda_description
[0.424s] Invoking command in '/home/ishman/panda_ws/build/panda_description': CMAKE_PREFIX_PATH=${CMAKE_PREFIX_PATH}:/opt/ros/humble /usr/bin/cmake --build /home/ishman/panda_ws/build/panda_description -- -j10 -l10
[0.468s] Invoked command in '/home/ishman/panda_ws/build/panda_description' returned '0': CMAKE_PREFIX_PATH=${CMAKE_PREFIX_PATH}:/opt/ros/humble /usr/bin/cmake --build /home/ishman/panda_ws/build/panda_description -- -j10 -l10
[0.480s] Invoking command in '/home/ishman/panda_ws/build/panda_description': CMAKE_PREFIX_PATH=${CMAKE_PREFIX_PATH}:/opt/ros/humble /usr/bin/cmake --install /home/ishman/panda_ws/build/panda_description
[0.485s] -- Install configuration: ""
[0.485s] -- Execute custom install script
[0.486s] -- Up-to-date symlink: /home/ishman/panda_ws/install/panda_description/share/panda_description/launch/display.launch.py
[0.486s] -- Up-to-date symlink: /home/ishman/panda_ws/install/panda_description/share/panda_description/launch/gazebo.launch.py
[0.486s] -- Up-to-date symlink: /home/ishman/panda_ws/install/panda_description/share/panda_description/meshes/collision/camera.stl
[0.489s] -- Up-to-date symlink: /home/ishman/panda_ws/install/panda_description/share/panda_description/meshes/collision/camera.stl:Zone.Identifier
[0.489s] -- Up-to-date symlink: /home/ishman/panda_ws/install/panda_description/share/panda_description/meshes/collision/finger.obj
[0.490s] -- Up-to-date symlink: /home/ishman/panda_ws/install/panda_description/share/panda_description/meshes/collision/finger.obj:Zone.Identifier
[0.490s] -- Up-to-date symlink: /home/ishman/panda_ws/install/panda_description/share/panda_description/meshes/collision/hand.obj
[0.490s] -- Up-to-date symlink: /home/ishman/panda_ws/install/panda_description/share/panda_description/meshes/collision/hand.obj:Zone.Identifier
[0.490s] -- Up-to-date symlink: /home/ishman/panda_ws/install/panda_description/share/panda_description/meshes/collision/link0.obj
[0.490s] -- Up-to-date symlink: /home/ishman/panda_ws/install/panda_description/share/panda_description/meshes/collision/link0.obj:Zone.Identifier
[0.490s] -- Up-to-date symlink: /home/ishman/panda_ws/install/panda_description/share/panda_description/meshes/collision/link1.obj
[0.490s] -- Up-to-date symlink: /home/ishman/panda_ws/install/panda_description/share/panda_description/meshes/collision/link1.obj:Zone.Identifier
[0.490s] -- Up-to-date symlink: /home/ishman/panda_ws/install/panda_description/share/panda_description/meshes/collision/link2.obj
[0.490s] -- Up-to-date symlink: /home/ishman/panda_ws/install/panda_description/share/panda_description/meshes/collision/link2.obj:Zone.Identifier
[0.490s] -- Up-to-date symlink: /home/ishman/panda_ws/install/panda_description/share/panda_description/meshes/collision/link3.obj
[0.490s] -- Up-to-date symlink: /home/ishman/panda_ws/install/panda_description/share/panda_description/meshes/collision/link3.obj:Zone.Identifier
[0.490s] -- Up-to-date symlink: /home/ishman/panda_ws/install/panda_description/share/panda_description/meshes/collision/link4.obj
[0.490s] -- Up-to-date symlink: /home/ishman/panda_ws/install/panda_description/share/panda_description/meshes/collision/link4.obj:Zone.Identifier
[0.490s] -- Up-to-date symlink: /home/ishman/panda_ws/install/panda_description/share/panda_description/meshes/collision/link5.obj
[0.490s] -- Up-to-date symlink: /home/ishman/panda_ws/install/panda_description/share/panda_description/meshes/collision/link5.obj:Zone.Identifier
[0.490s] -- Up-to-date symlink: /home/ishman/panda_ws/install/panda_description/share/panda_description/meshes/collision/link6.obj
[0.490s] -- Up-to-date symlink: /home/ishman/panda_ws/install/panda_description/share/panda_description/meshes/collision/link6.obj:Zone.Identifier
[0.490s] -- Up-to-date symlink: /home/ishman/panda_ws/install/panda_description/share/panda_description/meshes/collision/link7.obj
[0.490s] -- Up-to-date symlink: /home/ishman/panda_ws/install/panda_description/share/panda_description/meshes/collision/link7.obj:Zone.Identifier
[0.490s] -- Up-to-date symlink: /home/ishman/panda_ws/install/panda_description/share/panda_description/meshes/visual/camera.stl
[0.490s] -- Up-to-date symlink: /home/ishman/panda_ws/install/panda_description/share/panda_description/meshes/visual/camera.stl:Zone.Identifier
[0.490s] -- Up-to-date symlink: /home/ishman/panda_ws/install/panda_description/share/panda_description/meshes/visual/finger.dae
[0.490s] -- Up-to-date symlink: /home/ishman/panda_ws/install/panda_description/share/panda_description/meshes/visual/finger.dae:Zone.Identifier
[0.490s] -- Up-to-date symlink: /home/ishman/panda_ws/install/panda_description/share/panda_description/meshes/visual/hand.dae
[0.490s] -- Up-to-date symlink: /home/ishman/panda_ws/install/panda_description/share/panda_description/meshes/visual/hand.dae:Zone.Identifier
[0.490s] -- Up-to-date symlink: /home/ishman/panda_ws/install/panda_description/share/panda_description/meshes/visual/link0.dae
[0.490s] -- Up-to-date symlink: /home/ishman/panda_ws/install/panda_description/share/panda_description/meshes/visual/link0.dae:Zone.Identifier
[0.490s] -- Up-to-date symlink: /home/ishman/panda_ws/install/panda_description/share/panda_description/meshes/visual/link1.dae
[0.490s] -- Up-to-date symlink: /home/ishman/panda_ws/install/panda_description/share/panda_description/meshes/visual/link1.dae:Zone.Identifier
[0.490s] -- Up-to-date symlink: /home/ishman/panda_ws/install/panda_description/share/panda_description/meshes/visual/link2.dae
[0.491s] -- Up-to-date symlink: /home/ishman/panda_ws/install/panda_description/share/panda_description/meshes/visual/link2.dae:Zone.Identifier
[0.491s] -- Up-to-date symlink: /home/ishman/panda_ws/install/panda_description/share/panda_description/meshes/visual/link3.dae
[0.491s] -- Up-to-date symlink: /home/ishman/panda_ws/install/panda_description/share/panda_description/meshes/visual/link3.dae:Zone.Identifier
[0.491s] -- Up-to-date symlink: /home/ishman/panda_ws/install/panda_description/share/panda_description/meshes/visual/link4.dae
[0.491s] -- Up-to-date symlink: /home/ishman/panda_ws/install/panda_description/share/panda_description/meshes/visual/link4.dae:Zone.Identifier
[0.491s] -- Up-to-date symlink: /home/ishman/panda_ws/install/panda_description/share/panda_description/meshes/visual/link5.dae
[0.491s] -- Up-to-date symlink: /home/ishman/panda_ws/install/panda_description/share/panda_description/meshes/visual/link5.dae:Zone.Identifier
[0.491s] -- Up-to-date symlink: /home/ishman/panda_ws/install/panda_description/share/panda_description/meshes/visual/link6.dae
[0.491s] -- Up-to-date symlink: /home/ishman/panda_ws/install/panda_description/share/panda_description/meshes/visual/link6.dae:Zone.Identifier
[0.491s] -- Up-to-date symlink: /home/ishman/panda_ws/install/panda_description/share/panda_description/meshes/visual/link7.dae
[0.491s] -- Up-to-date symlink: /home/ishman/panda_ws/install/panda_description/share/panda_description/meshes/visual/link7.dae:Zone.Identifier
[0.491s] -- Up-to-date symlink: /home/ishman/panda_ws/install/panda_description/share/panda_description/urdf/arm.xacro
[0.491s] -- Up-to-date symlink: /home/ishman/panda_ws/install/panda_description/share/panda_description/urdf/gazebo.xacro
[0.491s] -- Up-to-date symlink: /home/ishman/panda_ws/install/panda_description/share/panda_description/urdf/panda.urdf.xacro
[0.491s] -- Up-to-date symlink: /home/ishman/panda_ws/install/panda_description/share/panda_description/urdf/ros2control.xacro
[0.491s] -- Up-to-date symlink: /home/ishman/panda_ws/install/panda_description/share/panda_description/rviz/display.rviz
[0.491s] -- Up-to-date symlink: /home/ishman/panda_ws/install/panda_description/share/panda_description/worlds/empty.world
[0.491s] -- Up-to-date symlink: /home/ishman/panda_ws/install/panda_description/share/panda_description/models/aws_robomaker_residential_CoffeeTable_01/materials/textures/aws_CoffeeTable_01.png
[0.491s] -- Up-to-date symlink: /home/ishman/panda_ws/install/panda_description/share/panda_description/models/aws_robomaker_residential_CoffeeTable_01/materials/textures/aws_CoffeeTable_01.png:Zone.Identifier
[0.491s] -- Up-to-date symlink: /home/ishman/panda_ws/install/panda_description/share/panda_description/models/aws_robomaker_residential_CoffeeTable_01/meshes/aws_CoffeeTable_01_collision.DAE
[0.491s] -- Up-to-date symlink: /home/ishman/panda_ws/install/panda_description/share/panda_description/models/aws_robomaker_residential_CoffeeTable_01/meshes/aws_CoffeeTable_01_collision.DAE:Zone.Identifier
[0.491s] -- Up-to-date symlink: /home/ishman/panda_ws/install/panda_description/share/panda_description/models/aws_robomaker_residential_CoffeeTable_01/meshes/aws_CoffeeTable_01_visual.DAE
[0.491s] -- Up-to-date symlink: /home/ishman/panda_ws/install/panda_description/share/panda_description/models/aws_robomaker_residential_CoffeeTable_01/meshes/aws_CoffeeTable_01_visual.DAE:Zone.Identifier
[0.491s] -- Up-to-date symlink: /home/ishman/panda_ws/install/panda_description/share/panda_description/models/aws_robomaker_residential_CoffeeTable_01/model.config
[0.491s] -- Up-to-date symlink: /home/ishman/panda_ws/install/panda_description/share/panda_description/models/aws_robomaker_residential_CoffeeTable_01/model.config:Zone.Identifier
[0.491s] -- Up-to-date symlink: /home/ishman/panda_ws/install/panda_description/share/panda_description/models/aws_robomaker_residential_CoffeeTable_01/model.sdf
[0.491s] -- Up-to-date symlink: /home/ishman/panda_ws/install/panda_description/share/panda_description/models/aws_robomaker_residential_CoffeeTable_01/model.sdf:Zone.Identifier
[0.491s] -- Up-to-date symlink: /home/ishman/panda_ws/install/panda_description/share/panda_description/models/aws_robomaker_residential_Trash_01/materials/textures/aws_Trash_01.png
[0.491s] -- Up-to-date symlink: /home/ishman/panda_ws/install/panda_description/share/panda_description/models/aws_robomaker_residential_Trash_01/materials/textures/aws_Trash_01.png:Zone.Identifier
[0.491s] -- Up-to-date symlink: /home/ishman/panda_ws/install/panda_description/share/panda_description/models/aws_robomaker_residential_Trash_01/meshes/aws_Trash_01_collision.DAE
[0.492s] -- Up-to-date symlink: /home/ishman/panda_ws/install/panda_description/share/panda_description/models/aws_robomaker_residential_Trash_01/meshes/aws_Trash_01_collision.DAE:Zone.Identifier
[0.492s] -- Up-to-date symlink: /home/ishman/panda_ws/install/panda_description/share/panda_description/models/aws_robomaker_residential_Trash_01/meshes/aws_Trash_01_visual.DAE
[0.492s] -- Up-to-date symlink: /home/ishman/panda_ws/install/panda_description/share/panda_description/models/aws_robomaker_residential_Trash_01/meshes/aws_Trash_01_visual.DAE:Zone.Identifier
[0.492s] -- Up-to-date symlink: /home/ishman/panda_ws/install/panda_description/share/panda_description/models/aws_robomaker_residential_Trash_01/model.config
[0.492s] -- Up-to-date symlink: /home/ishman/panda_ws/install/panda_description/share/panda_description/models/aws_robomaker_residential_Trash_01/model.config:Zone.Identifier
[0.492s] -- Up-to-date symlink: /home/ishman/panda_ws/install/panda_description/share/panda_description/models/aws_robomaker_residential_Trash_01/model.sdf
[0.492s] -- Up-to-date symlink: /home/ishman/panda_ws/install/panda_description/share/panda_description/models/aws_robomaker_residential_Trash_01/model.sdf:Zone.Identifier
[0.492s] -- Up-to-date symlink: /home/ishman/panda_ws/install/panda_description/share/ament_index/resource_index/package_run_dependencies/panda_description
[0.492s] -- Up-to-date symlink: /home/ishman/panda_ws/install/panda_description/share/ament_index/resource_index/parent_prefix_path/panda_description
[0.492s] -- Up-to-date symlink: /home/ishman/panda_ws/install/panda_description/share/panda_description/environment/ament_prefix_path.sh
[0.493s] -- Up-to-date symlink: /home/ishman/panda_ws/install/panda_description/share/panda_description/environment/ament_prefix_path.dsv
[0.493s] -- Up-to-date symlink: /home/ishman/panda_ws/install/panda_description/share/panda_description/environment/path.sh
[0.493s] -- Up-to-date symlink: /home/ishman/panda_ws/install/panda_description/share/panda_description/environment/path.dsv
[0.493s] -- Up-to-date symlink: /home/ishman/panda_ws/install/panda_description/share/panda_description/local_setup.bash
[0.493s] -- Up-to-date symlink: /home/ishman/panda_ws/install/panda_description/share/panda_description/local_setup.sh
[0.493s] -- Up-to-date symlink: /home/ishman/panda_ws/install/panda_description/share/panda_description/local_setup.zsh
[0.493s] -- Up-to-date symlink: /home/ishman/panda_ws/install/panda_description/share/panda_description/local_setup.dsv
[0.493s] -- Symlinking: /home/ishman/panda_ws/install/panda_description/share/panda_description/package.dsv
[0.504s] -- Up-to-date symlink: /home/ishman/panda_ws/install/panda_description/share/ament_index/resource_index/packages/panda_description
[0.504s] -- Up-to-date symlink: /home/ishman/panda_ws/install/panda_description/share/panda_description/cmake/panda_descriptionConfig.cmake
[0.504s] -- Up-to-date symlink: /home/ishman/panda_ws/install/panda_description/share/panda_description/cmake/panda_descriptionConfig-version.cmake
[0.504s] -- Up-to-date symlink: /home/ishman/panda_ws/install/panda_description/share/panda_description/package.xml
[0.507s] Invoked command in '/home/ishman/panda_ws/build/panda_description' returned '0': CMAKE_PREFIX_PATH=${CMAKE_PREFIX_PATH}:/opt/ros/humble /usr/bin/cmake --install /home/ishman/panda_ws/build/panda_description
