[0.049s] Invoking command in '/home/ishman/panda_ws/build/panda_moveit': AMENT_PREFIX_PATH=/home/ishman/panda_ws/install/panda_description CMAKE_PREFIX_PATH=/home/ishman/panda_ws/install/panda_description /usr/bin/cmake --build /home/ishman/panda_ws/build/panda_moveit -- -j10 -l10
[0.081s] Invoked command in '/home/ishman/panda_ws/build/panda_moveit' returned '0': AMENT_PREFIX_PATH=/home/ishman/panda_ws/install/panda_description CMAKE_PREFIX_PATH=/home/ishman/panda_ws/install/panda_description /usr/bin/cmake --build /home/ishman/panda_ws/build/panda_moveit -- -j10 -l10
[0.083s] Invoking command in '/home/ishman/panda_ws/build/panda_moveit': AMENT_PREFIX_PATH=/home/ishman/panda_ws/install/panda_description CMAKE_PREFIX_PATH=/home/ishman/panda_ws/install/panda_description /usr/bin/cmake --install /home/ishman/panda_ws/build/panda_moveit
[0.088s] -- Install configuration: ""
[0.088s] -- Up-to-date: /home/ishman/panda_ws/install/panda_moveit/share/panda_moveit/launch
[0.089s] -- Up-to-date: /home/ishman/panda_ws/install/panda_moveit/share/panda_moveit/launch/moveit.launch.py
[0.089s] -- Up-to-date: /home/ishman/panda_ws/install/panda_moveit/share/panda_moveit/config
[0.090s] -- Up-to-date: /home/ishman/panda_ws/install/panda_moveit/share/panda_moveit/config/pilz_cartesian_limits.yaml
[0.090s] -- Up-to-date: /home/ishman/panda_ws/install/panda_moveit/share/panda_moveit/config/kinematics.yaml
[0.090s] -- Up-to-date: /home/ishman/panda_ws/install/panda_moveit/share/panda_moveit/config/panda.srdf
[0.090s] -- Up-to-date: /home/ishman/panda_ws/install/panda_moveit/share/panda_moveit/config/joint_limits.yaml
[0.090s] -- Up-to-date: /home/ishman/panda_ws/install/panda_moveit/share/panda_moveit/config/moveit_controllers.yaml
[0.090s] -- Up-to-date: /home/ishman/panda_ws/install/panda_moveit/share/panda_moveit/config/initial_positions.yaml
[0.090s] -- Up-to-date: /home/ishman/panda_ws/install/panda_moveit/share/panda_moveit/config/planning_python_api.yaml
[0.090s] -- Up-to-date: /home/ishman/panda_ws/install/panda_moveit/share/panda_moveit/rviz
[0.090s] -- Up-to-date: /home/ishman/panda_ws/install/panda_moveit/share/panda_moveit/rviz/moveit.rviz
[0.091s] -- Up-to-date: /home/ishman/panda_ws/install/panda_moveit/share/ament_index/resource_index/package_run_dependencies/panda_moveit
[0.091s] -- Up-to-date: /home/ishman/panda_ws/install/panda_moveit/share/ament_index/resource_index/parent_prefix_path/panda_moveit
[0.092s] -- Up-to-date: /home/ishman/panda_ws/install/panda_moveit/share/panda_moveit/environment/ament_prefix_path.sh
[0.092s] -- Up-to-date: /home/ishman/panda_ws/install/panda_moveit/share/panda_moveit/environment/ament_prefix_path.dsv
[0.092s] -- Up-to-date: /home/ishman/panda_ws/install/panda_moveit/share/panda_moveit/environment/path.sh
[0.092s] -- Up-to-date: /home/ishman/panda_ws/install/panda_moveit/share/panda_moveit/environment/path.dsv
[0.092s] -- Up-to-date: /home/ishman/panda_ws/install/panda_moveit/share/panda_moveit/local_setup.bash
[0.092s] -- Up-to-date: /home/ishman/panda_ws/install/panda_moveit/share/panda_moveit/local_setup.sh
[0.092s] -- Up-to-date: /home/ishman/panda_ws/install/panda_moveit/share/panda_moveit/local_setup.zsh
[0.092s] -- Up-to-date: /home/ishman/panda_ws/install/panda_moveit/share/panda_moveit/local_setup.dsv
[0.092s] -- Up-to-date: /home/ishman/panda_ws/install/panda_moveit/share/panda_moveit/package.dsv
[0.092s] -- Up-to-date: /home/ishman/panda_ws/install/panda_moveit/share/ament_index/resource_index/packages/panda_moveit
[0.094s] -- Up-to-date: /home/ishman/panda_ws/install/panda_moveit/share/panda_moveit/cmake/panda_moveitConfig.cmake
[0.094s] -- Up-to-date: /home/ishman/panda_ws/install/panda_moveit/share/panda_moveit/cmake/panda_moveitConfig-version.cmake
[0.094s] -- Up-to-date: /home/ishman/panda_ws/install/panda_moveit/share/panda_moveit/package.xml
[0.095s] Invoked command in '/home/ishman/panda_ws/build/panda_moveit' returned '0': AMENT_PREFIX_PATH=/home/ishman/panda_ws/install/panda_description CMAKE_PREFIX_PATH=/home/ishman/panda_ws/install/panda_description /usr/bin/cmake --install /home/ishman/panda_ws/build/panda_moveit
