[0.251s] DEBUG:colcon:Command line arguments: ['/usr/bin/colcon', 'build']
[0.251s] DEBUG:colcon:Parsed command line arguments: Namespace(log_base=None, log_level=None, verb_name='build', build_base='build', install_base='install', merge_install=False, symlink_install=False, test_result_base=None, continue_on_error=False, executor='parallel', parallel_workers=10, event_handlers=None, ignore_user_meta=False, metas=['./colcon.meta'], base_paths=['.'], packages_ignore=None, packages_ignore_regex=None, paths=None, packages_up_to=None, packages_up_to_regex=None, packages_above=None, packages_above_and_dependencies=None, packages_above_depth=None, packages_select_by_dep=None, packages_skip_by_dep=None, packages_skip_up_to=None, packages_select_build_failed=False, packages_skip_build_finished=False, packages_select_test_failures=False, packages_skip_test_passed=False, packages_select=None, packages_skip=None, packages_select_regex=None, packages_skip_regex=None, packages_start=None, packages_end=None, allow_overriding=[], cmake_args=None, cmake_target=None, cmake_target_skip_unavailable=False, cmake_clean_cache=False, cmake_clean_first=False, cmake_force_configure=False, ament_cmake_args=None, catkin_cmake_args=None, catkin_skip_building_tests=False, mixin_files=None, mixin=None, verb_parser=<colcon_mixin.mixin.mixin_argument.MixinArgumentDecorator object at 0xfa3668be6ce0>, verb_extension=<colcon_core.verb.build.BuildVerb object at 0xfa3668be6830>, main=<bound method BuildVerb.main of <colcon_core.verb.build.BuildVerb object at 0xfa3668be6830>>, mixin_verb=('build',))
[0.354s] Level 1:colcon.colcon_core.package_discovery:discover_packages(colcon_meta) check parameters
[0.354s] Level 1:colcon.colcon_core.package_discovery:discover_packages(recursive) check parameters
[0.354s] Level 1:colcon.colcon_core.package_discovery:discover_packages(ignore) check parameters
[0.354s] Level 1:colcon.colcon_core.package_discovery:discover_packages(path) check parameters
[0.354s] Level 1:colcon.colcon_core.package_discovery:discover_packages(colcon_meta) discover
[0.355s] Level 1:colcon.colcon_core.package_discovery:discover_packages(recursive) discover
[0.355s] INFO:colcon.colcon_core.package_discovery:Crawling recursively for packages in '/home/ishman/panda_ws'
[0.355s] Level 1:colcon.colcon_core.package_identification:_identify(.) by extensions ['ignore', 'ignore_ament_install']
[0.355s] Level 1:colcon.colcon_core.package_identification:_identify(.) by extension 'ignore'
[0.355s] Level 1:colcon.colcon_core.package_identification:_identify(.) by extension 'ignore_ament_install'
[0.355s] Level 1:colcon.colcon_core.package_identification:_identify(.) by extensions ['colcon_pkg']
[0.355s] Level 1:colcon.colcon_core.package_identification:_identify(.) by extension 'colcon_pkg'
[0.355s] Level 1:colcon.colcon_core.package_identification:_identify(.) by extensions ['colcon_meta']
[0.355s] Level 1:colcon.colcon_core.package_identification:_identify(.) by extension 'colcon_meta'
[0.355s] Level 1:colcon.colcon_core.package_identification:_identify(.) by extensions ['ros']
[0.355s] Level 1:colcon.colcon_core.package_identification:_identify(.) by extension 'ros'
[0.364s] Level 1:colcon.colcon_core.package_identification:_identify(.) by extensions ['cmake', 'python']
[0.365s] Level 1:colcon.colcon_core.package_identification:_identify(.) by extension 'cmake'
[0.365s] Level 1:colcon.colcon_core.package_identification:_identify(.) by extension 'python'
[0.365s] Level 1:colcon.colcon_core.package_identification:_identify(.) by extensions ['python_setup_py']
[0.365s] Level 1:colcon.colcon_core.package_identification:_identify(.) by extension 'python_setup_py'
[0.365s] Level 1:colcon.colcon_core.package_identification:_identify(build) by extensions ['ignore', 'ignore_ament_install']
[0.365s] Level 1:colcon.colcon_core.package_identification:_identify(build) by extension 'ignore'
[0.365s] Level 1:colcon.colcon_core.package_identification:_identify(build) ignored
[0.365s] Level 1:colcon.colcon_core.package_identification:_identify(install) by extensions ['ignore', 'ignore_ament_install']
[0.365s] Level 1:colcon.colcon_core.package_identification:_identify(install) by extension 'ignore'
[0.365s] Level 1:colcon.colcon_core.package_identification:_identify(install) ignored
[0.365s] Level 1:colcon.colcon_core.package_identification:_identify(log) by extensions ['ignore', 'ignore_ament_install']
[0.365s] Level 1:colcon.colcon_core.package_identification:_identify(log) by extension 'ignore'
[0.365s] Level 1:colcon.colcon_core.package_identification:_identify(log) ignored
[0.365s] Level 1:colcon.colcon_core.package_identification:_identify(src) by extensions ['ignore', 'ignore_ament_install']
[0.365s] Level 1:colcon.colcon_core.package_identification:_identify(src) by extension 'ignore'
[0.365s] Level 1:colcon.colcon_core.package_identification:_identify(src) by extension 'ignore_ament_install'
[0.365s] Level 1:colcon.colcon_core.package_identification:_identify(src) by extensions ['colcon_pkg']
[0.365s] Level 1:colcon.colcon_core.package_identification:_identify(src) by extension 'colcon_pkg'
[0.365s] Level 1:colcon.colcon_core.package_identification:_identify(src) by extensions ['colcon_meta']
[0.365s] Level 1:colcon.colcon_core.package_identification:_identify(src) by extension 'colcon_meta'
[0.365s] Level 1:colcon.colcon_core.package_identification:_identify(src) by extensions ['ros']
[0.365s] Level 1:colcon.colcon_core.package_identification:_identify(src) by extension 'ros'
[0.365s] Level 1:colcon.colcon_core.package_identification:_identify(src) by extensions ['cmake', 'python']
[0.365s] Level 1:colcon.colcon_core.package_identification:_identify(src) by extension 'cmake'
[0.365s] Level 1:colcon.colcon_core.package_identification:_identify(src) by extension 'python'
[0.365s] Level 1:colcon.colcon_core.package_identification:_identify(src) by extensions ['python_setup_py']
[0.365s] Level 1:colcon.colcon_core.package_identification:_identify(src) by extension 'python_setup_py'
[0.365s] Level 1:colcon.colcon_core.package_identification:_identify(src/build) by extensions ['ignore', 'ignore_ament_install']
[0.366s] Level 1:colcon.colcon_core.package_identification:_identify(src/build) by extension 'ignore'
[0.366s] Level 1:colcon.colcon_core.package_identification:_identify(src/build) ignored
[0.366s] Level 1:colcon.colcon_core.package_identification:_identify(src/log) by extensions ['ignore', 'ignore_ament_install']
[0.366s] Level 1:colcon.colcon_core.package_identification:_identify(src/log) by extension 'ignore'
[0.366s] Level 1:colcon.colcon_core.package_identification:_identify(src/log) ignored
[0.366s] Level 1:colcon.colcon_core.package_identification:_identify(src/panda_bringup) by extensions ['ignore', 'ignore_ament_install']
[0.366s] Level 1:colcon.colcon_core.package_identification:_identify(src/panda_bringup) by extension 'ignore'
[0.366s] Level 1:colcon.colcon_core.package_identification:_identify(src/panda_bringup) by extension 'ignore_ament_install'
[0.366s] Level 1:colcon.colcon_core.package_identification:_identify(src/panda_bringup) by extensions ['colcon_pkg']
[0.366s] Level 1:colcon.colcon_core.package_identification:_identify(src/panda_bringup) by extension 'colcon_pkg'
[0.366s] Level 1:colcon.colcon_core.package_identification:_identify(src/panda_bringup) by extensions ['colcon_meta']
[0.366s] Level 1:colcon.colcon_core.package_identification:_identify(src/panda_bringup) by extension 'colcon_meta'
[0.366s] Level 1:colcon.colcon_core.package_identification:_identify(src/panda_bringup) by extensions ['ros']
[0.366s] Level 1:colcon.colcon_core.package_identification:_identify(src/panda_bringup) by extension 'ros'
[0.368s] DEBUG:colcon.colcon_core.package_identification:Package 'src/panda_bringup' with type 'ros.ament_cmake' and name 'panda_bringup'
[0.368s] Level 1:colcon.colcon_core.package_identification:_identify(src/panda_controller) by extensions ['ignore', 'ignore_ament_install']
[0.368s] Level 1:colcon.colcon_core.package_identification:_identify(src/panda_controller) by extension 'ignore'
[0.368s] Level 1:colcon.colcon_core.package_identification:_identify(src/panda_controller) by extension 'ignore_ament_install'
[0.368s] Level 1:colcon.colcon_core.package_identification:_identify(src/panda_controller) by extensions ['colcon_pkg']
[0.368s] Level 1:colcon.colcon_core.package_identification:_identify(src/panda_controller) by extension 'colcon_pkg'
[0.368s] Level 1:colcon.colcon_core.package_identification:_identify(src/panda_controller) by extensions ['colcon_meta']
[0.368s] Level 1:colcon.colcon_core.package_identification:_identify(src/panda_controller) by extension 'colcon_meta'
[0.368s] Level 1:colcon.colcon_core.package_identification:_identify(src/panda_controller) by extensions ['ros']
[0.368s] Level 1:colcon.colcon_core.package_identification:_identify(src/panda_controller) by extension 'ros'
[0.368s] DEBUG:colcon.colcon_core.package_identification:Package 'src/panda_controller' with type 'ros.ament_cmake' and name 'panda_controller'
[0.368s] Level 1:colcon.colcon_core.package_identification:_identify(src/panda_description) by extensions ['ignore', 'ignore_ament_install']
[0.368s] Level 1:colcon.colcon_core.package_identification:_identify(src/panda_description) by extension 'ignore'
[0.368s] Level 1:colcon.colcon_core.package_identification:_identify(src/panda_description) by extension 'ignore_ament_install'
[0.369s] Level 1:colcon.colcon_core.package_identification:_identify(src/panda_description) by extensions ['colcon_pkg']
[0.369s] Level 1:colcon.colcon_core.package_identification:_identify(src/panda_description) by extension 'colcon_pkg'
[0.369s] Level 1:colcon.colcon_core.package_identification:_identify(src/panda_description) by extensions ['colcon_meta']
[0.369s] Level 1:colcon.colcon_core.package_identification:_identify(src/panda_description) by extension 'colcon_meta'
[0.369s] Level 1:colcon.colcon_core.package_identification:_identify(src/panda_description) by extensions ['ros']
[0.369s] Level 1:colcon.colcon_core.package_identification:_identify(src/panda_description) by extension 'ros'
[0.370s] DEBUG:colcon.colcon_core.package_identification:Package 'src/panda_description' with type 'ros.ament_cmake' and name 'panda_description'
[0.370s] Level 1:colcon.colcon_core.package_identification:_identify(src/panda_moveit) by extensions ['ignore', 'ignore_ament_install']
[0.370s] Level 1:colcon.colcon_core.package_identification:_identify(src/panda_moveit) by extension 'ignore'
[0.370s] Level 1:colcon.colcon_core.package_identification:_identify(src/panda_moveit) by extension 'ignore_ament_install'
[0.370s] Level 1:colcon.colcon_core.package_identification:_identify(src/panda_moveit) by extensions ['colcon_pkg']
[0.370s] Level 1:colcon.colcon_core.package_identification:_identify(src/panda_moveit) by extension 'colcon_pkg'
[0.370s] Level 1:colcon.colcon_core.package_identification:_identify(src/panda_moveit) by extensions ['colcon_meta']
[0.370s] Level 1:colcon.colcon_core.package_identification:_identify(src/panda_moveit) by extension 'colcon_meta'
[0.370s] Level 1:colcon.colcon_core.package_identification:_identify(src/panda_moveit) by extensions ['ros']
[0.370s] Level 1:colcon.colcon_core.package_identification:_identify(src/panda_moveit) by extension 'ros'
[0.371s] DEBUG:colcon.colcon_core.package_identification:Package 'src/panda_moveit' with type 'ros.ament_cmake' and name 'panda_moveit'
[0.371s] Level 1:colcon.colcon_core.package_identification:_identify(src/panda_vision) by extensions ['ignore', 'ignore_ament_install']
[0.371s] Level 1:colcon.colcon_core.package_identification:_identify(src/panda_vision) by extension 'ignore'
[0.371s] Level 1:colcon.colcon_core.package_identification:_identify(src/panda_vision) by extension 'ignore_ament_install'
[0.371s] Level 1:colcon.colcon_core.package_identification:_identify(src/panda_vision) by extensions ['colcon_pkg']
[0.371s] Level 1:colcon.colcon_core.package_identification:_identify(src/panda_vision) by extension 'colcon_pkg'
[0.371s] Level 1:colcon.colcon_core.package_identification:_identify(src/panda_vision) by extensions ['colcon_meta']
[0.371s] Level 1:colcon.colcon_core.package_identification:_identify(src/panda_vision) by extension 'colcon_meta'
[0.371s] Level 1:colcon.colcon_core.package_identification:_identify(src/panda_vision) by extensions ['ros']
[0.371s] Level 1:colcon.colcon_core.package_identification:_identify(src/panda_vision) by extension 'ros'
[0.372s] DEBUG:colcon.colcon_core.package_identification:Package 'src/panda_vision' with type 'ros.ament_python' and name 'panda_vision'
[0.372s] Level 1:colcon.colcon_core.package_identification:_identify(src/pymoveit2) by extensions ['ignore', 'ignore_ament_install']
[0.372s] Level 1:colcon.colcon_core.package_identification:_identify(src/pymoveit2) by extension 'ignore'
[0.372s] Level 1:colcon.colcon_core.package_identification:_identify(src/pymoveit2) by extension 'ignore_ament_install'
[0.372s] Level 1:colcon.colcon_core.package_identification:_identify(src/pymoveit2) by extensions ['colcon_pkg']
[0.372s] Level 1:colcon.colcon_core.package_identification:_identify(src/pymoveit2) by extension 'colcon_pkg'
[0.372s] Level 1:colcon.colcon_core.package_identification:_identify(src/pymoveit2) by extensions ['colcon_meta']
[0.372s] Level 1:colcon.colcon_core.package_identification:_identify(src/pymoveit2) by extension 'colcon_meta'
[0.372s] Level 1:colcon.colcon_core.package_identification:_identify(src/pymoveit2) by extensions ['ros']
[0.372s] Level 1:colcon.colcon_core.package_identification:_identify(src/pymoveit2) by extension 'ros'
[0.372s] DEBUG:colcon.colcon_core.package_identification:Package 'src/pymoveit2' with type 'ros.ament_cmake' and name 'pymoveit2'
[0.372s] Level 1:colcon.colcon_core.package_discovery:discover_packages(recursive) using defaults
[0.372s] Level 1:colcon.colcon_core.package_discovery:discover_packages(ignore) discover
[0.372s] Level 1:colcon.colcon_core.package_discovery:discover_packages(ignore) using defaults
[0.372s] Level 1:colcon.colcon_core.package_discovery:discover_packages(path) discover
[0.372s] Level 1:colcon.colcon_core.package_discovery:discover_packages(path) using defaults
[0.396s] Level 1:colcon.colcon_core.package_discovery:discover_packages(prefix_path) check parameters
[0.396s] Level 1:colcon.colcon_core.package_discovery:discover_packages(prefix_path) discover
[0.396s] DEBUG:colcon.colcon_installed_package_information.package_discovery:Found 6 installed packages in /home/ishman/panda_ws/install
[0.397s] DEBUG:colcon.colcon_installed_package_information.package_discovery:Found 358 installed packages in /opt/ros/humble
[0.399s] Level 1:colcon.colcon_core.package_discovery:discover_packages(prefix_path) using defaults
[0.431s] Level 5:colcon.colcon_core.verb:set package 'panda_description' build argument 'cmake_args' from command line to 'None'
[0.431s] Level 5:colcon.colcon_core.verb:set package 'panda_description' build argument 'cmake_target' from command line to 'None'
[0.431s] Level 5:colcon.colcon_core.verb:set package 'panda_description' build argument 'cmake_target_skip_unavailable' from command line to 'False'
[0.431s] Level 5:colcon.colcon_core.verb:set package 'panda_description' build argument 'cmake_clean_cache' from command line to 'False'
[0.431s] Level 5:colcon.colcon_core.verb:set package 'panda_description' build argument 'cmake_clean_first' from command line to 'False'
[0.431s] Level 5:colcon.colcon_core.verb:set package 'panda_description' build argument 'cmake_force_configure' from command line to 'False'
[0.431s] Level 5:colcon.colcon_core.verb:set package 'panda_description' build argument 'ament_cmake_args' from command line to 'None'
[0.431s] Level 5:colcon.colcon_core.verb:set package 'panda_description' build argument 'catkin_cmake_args' from command line to 'None'
[0.431s] Level 5:colcon.colcon_core.verb:set package 'panda_description' build argument 'catkin_skip_building_tests' from command line to 'False'
[0.431s] DEBUG:colcon.colcon_core.verb:Building package 'panda_description' with the following arguments: {'ament_cmake_args': None, 'build_base': '/home/ishman/panda_ws/build/panda_description', 'catkin_cmake_args': None, 'catkin_skip_building_tests': False, 'cmake_args': None, 'cmake_clean_cache': False, 'cmake_clean_first': False, 'cmake_force_configure': False, 'cmake_target': None, 'cmake_target_skip_unavailable': False, 'install_base': '/home/ishman/panda_ws/install/panda_description', 'merge_install': False, 'path': '/home/ishman/panda_ws/src/panda_description', 'symlink_install': False, 'test_result_base': None}
[0.431s] Level 5:colcon.colcon_core.verb:set package 'panda_vision' build argument 'cmake_args' from command line to 'None'
[0.431s] Level 5:colcon.colcon_core.verb:set package 'panda_vision' build argument 'cmake_target' from command line to 'None'
[0.431s] Level 5:colcon.colcon_core.verb:set package 'panda_vision' build argument 'cmake_target_skip_unavailable' from command line to 'False'
[0.431s] Level 5:colcon.colcon_core.verb:set package 'panda_vision' build argument 'cmake_clean_cache' from command line to 'False'
[0.431s] Level 5:colcon.colcon_core.verb:set package 'panda_vision' build argument 'cmake_clean_first' from command line to 'False'
[0.431s] Level 5:colcon.colcon_core.verb:set package 'panda_vision' build argument 'cmake_force_configure' from command line to 'False'
[0.431s] Level 5:colcon.colcon_core.verb:set package 'panda_vision' build argument 'ament_cmake_args' from command line to 'None'
[0.431s] Level 5:colcon.colcon_core.verb:set package 'panda_vision' build argument 'catkin_cmake_args' from command line to 'None'
[0.431s] Level 5:colcon.colcon_core.verb:set package 'panda_vision' build argument 'catkin_skip_building_tests' from command line to 'False'
[0.431s] DEBUG:colcon.colcon_core.verb:Building package 'panda_vision' with the following arguments: {'ament_cmake_args': None, 'build_base': '/home/ishman/panda_ws/build/panda_vision', 'catkin_cmake_args': None, 'catkin_skip_building_tests': False, 'cmake_args': None, 'cmake_clean_cache': False, 'cmake_clean_first': False, 'cmake_force_configure': False, 'cmake_target': None, 'cmake_target_skip_unavailable': False, 'install_base': '/home/ishman/panda_ws/install/panda_vision', 'merge_install': False, 'path': '/home/ishman/panda_ws/src/panda_vision', 'symlink_install': False, 'test_result_base': None}
[0.432s] Level 5:colcon.colcon_core.verb:set package 'pymoveit2' build argument 'cmake_args' from command line to 'None'
[0.432s] Level 5:colcon.colcon_core.verb:set package 'pymoveit2' build argument 'cmake_target' from command line to 'None'
[0.432s] Level 5:colcon.colcon_core.verb:set package 'pymoveit2' build argument 'cmake_target_skip_unavailable' from command line to 'False'
[0.432s] Level 5:colcon.colcon_core.verb:set package 'pymoveit2' build argument 'cmake_clean_cache' from command line to 'False'
[0.432s] Level 5:colcon.colcon_core.verb:set package 'pymoveit2' build argument 'cmake_clean_first' from command line to 'False'
[0.432s] Level 5:colcon.colcon_core.verb:set package 'pymoveit2' build argument 'cmake_force_configure' from command line to 'False'
[0.432s] Level 5:colcon.colcon_core.verb:set package 'pymoveit2' build argument 'ament_cmake_args' from command line to 'None'
[0.432s] Level 5:colcon.colcon_core.verb:set package 'pymoveit2' build argument 'catkin_cmake_args' from command line to 'None'
[0.432s] Level 5:colcon.colcon_core.verb:set package 'pymoveit2' build argument 'catkin_skip_building_tests' from command line to 'False'
[0.432s] DEBUG:colcon.colcon_core.verb:Building package 'pymoveit2' with the following arguments: {'ament_cmake_args': None, 'build_base': '/home/ishman/panda_ws/build/pymoveit2', 'catkin_cmake_args': None, 'catkin_skip_building_tests': False, 'cmake_args': None, 'cmake_clean_cache': False, 'cmake_clean_first': False, 'cmake_force_configure': False, 'cmake_target': None, 'cmake_target_skip_unavailable': False, 'install_base': '/home/ishman/panda_ws/install/pymoveit2', 'merge_install': False, 'path': '/home/ishman/panda_ws/src/pymoveit2', 'symlink_install': False, 'test_result_base': None}
[0.432s] Level 5:colcon.colcon_core.verb:set package 'panda_controller' build argument 'cmake_args' from command line to 'None'
[0.432s] Level 5:colcon.colcon_core.verb:set package 'panda_controller' build argument 'cmake_target' from command line to 'None'
[0.432s] Level 5:colcon.colcon_core.verb:set package 'panda_controller' build argument 'cmake_target_skip_unavailable' from command line to 'False'
[0.432s] Level 5:colcon.colcon_core.verb:set package 'panda_controller' build argument 'cmake_clean_cache' from command line to 'False'
[0.432s] Level 5:colcon.colcon_core.verb:set package 'panda_controller' build argument 'cmake_clean_first' from command line to 'False'
[0.432s] Level 5:colcon.colcon_core.verb:set package 'panda_controller' build argument 'cmake_force_configure' from command line to 'False'
[0.432s] Level 5:colcon.colcon_core.verb:set package 'panda_controller' build argument 'ament_cmake_args' from command line to 'None'
[0.432s] Level 5:colcon.colcon_core.verb:set package 'panda_controller' build argument 'catkin_cmake_args' from command line to 'None'
[0.432s] Level 5:colcon.colcon_core.verb:set package 'panda_controller' build argument 'catkin_skip_building_tests' from command line to 'False'
[0.432s] DEBUG:colcon.colcon_core.verb:Building package 'panda_controller' with the following arguments: {'ament_cmake_args': None, 'build_base': '/home/ishman/panda_ws/build/panda_controller', 'catkin_cmake_args': None, 'catkin_skip_building_tests': False, 'cmake_args': None, 'cmake_clean_cache': False, 'cmake_clean_first': False, 'cmake_force_configure': False, 'cmake_target': None, 'cmake_target_skip_unavailable': False, 'install_base': '/home/ishman/panda_ws/install/panda_controller', 'merge_install': False, 'path': '/home/ishman/panda_ws/src/panda_controller', 'symlink_install': False, 'test_result_base': None}
[0.432s] Level 5:colcon.colcon_core.verb:set package 'panda_moveit' build argument 'cmake_args' from command line to 'None'
[0.432s] Level 5:colcon.colcon_core.verb:set package 'panda_moveit' build argument 'cmake_target' from command line to 'None'
[0.432s] Level 5:colcon.colcon_core.verb:set package 'panda_moveit' build argument 'cmake_target_skip_unavailable' from command line to 'False'
[0.432s] Level 5:colcon.colcon_core.verb:set package 'panda_moveit' build argument 'cmake_clean_cache' from command line to 'False'
[0.432s] Level 5:colcon.colcon_core.verb:set package 'panda_moveit' build argument 'cmake_clean_first' from command line to 'False'
[0.432s] Level 5:colcon.colcon_core.verb:set package 'panda_moveit' build argument 'cmake_force_configure' from command line to 'False'
[0.432s] Level 5:colcon.colcon_core.verb:set package 'panda_moveit' build argument 'ament_cmake_args' from command line to 'None'
[0.432s] Level 5:colcon.colcon_core.verb:set package 'panda_moveit' build argument 'catkin_cmake_args' from command line to 'None'
[0.432s] Level 5:colcon.colcon_core.verb:set package 'panda_moveit' build argument 'catkin_skip_building_tests' from command line to 'False'
[0.432s] DEBUG:colcon.colcon_core.verb:Building package 'panda_moveit' with the following arguments: {'ament_cmake_args': None, 'build_base': '/home/ishman/panda_ws/build/panda_moveit', 'catkin_cmake_args': None, 'catkin_skip_building_tests': False, 'cmake_args': None, 'cmake_clean_cache': False, 'cmake_clean_first': False, 'cmake_force_configure': False, 'cmake_target': None, 'cmake_target_skip_unavailable': False, 'install_base': '/home/ishman/panda_ws/install/panda_moveit', 'merge_install': False, 'path': '/home/ishman/panda_ws/src/panda_moveit', 'symlink_install': False, 'test_result_base': None}
[0.432s] Level 5:colcon.colcon_core.verb:set package 'panda_bringup' build argument 'cmake_args' from command line to 'None'
[0.432s] Level 5:colcon.colcon_core.verb:set package 'panda_bringup' build argument 'cmake_target' from command line to 'None'
[0.432s] Level 5:colcon.colcon_core.verb:set package 'panda_bringup' build argument 'cmake_target_skip_unavailable' from command line to 'False'
[0.432s] Level 5:colcon.colcon_core.verb:set package 'panda_bringup' build argument 'cmake_clean_cache' from command line to 'False'
[0.432s] Level 5:colcon.colcon_core.verb:set package 'panda_bringup' build argument 'cmake_clean_first' from command line to 'False'
[0.432s] Level 5:colcon.colcon_core.verb:set package 'panda_bringup' build argument 'cmake_force_configure' from command line to 'False'
[0.432s] Level 5:colcon.colcon_core.verb:set package 'panda_bringup' build argument 'ament_cmake_args' from command line to 'None'
[0.432s] Level 5:colcon.colcon_core.verb:set package 'panda_bringup' build argument 'catkin_cmake_args' from command line to 'None'
[0.432s] Level 5:colcon.colcon_core.verb:set package 'panda_bringup' build argument 'catkin_skip_building_tests' from command line to 'False'
[0.432s] DEBUG:colcon.colcon_core.verb:Building package 'panda_bringup' with the following arguments: {'ament_cmake_args': None, 'build_base': '/home/ishman/panda_ws/build/panda_bringup', 'catkin_cmake_args': None, 'catkin_skip_building_tests': False, 'cmake_args': None, 'cmake_clean_cache': False, 'cmake_clean_first': False, 'cmake_force_configure': False, 'cmake_target': None, 'cmake_target_skip_unavailable': False, 'install_base': '/home/ishman/panda_ws/install/panda_bringup', 'merge_install': False, 'path': '/home/ishman/panda_ws/src/panda_bringup', 'symlink_install': False, 'test_result_base': None}
[0.432s] INFO:colcon.colcon_core.executor:Executing jobs using 'parallel' executor
[0.434s] DEBUG:colcon.colcon_parallel_executor.executor.parallel:run_until_complete
[0.434s] INFO:colcon.colcon_ros.task.ament_cmake.build:Building ROS package in '/home/ishman/panda_ws/src/panda_description' with build type 'ament_cmake'
[0.434s] INFO:colcon.colcon_cmake.task.cmake.build:Building CMake package in '/home/ishman/panda_ws/src/panda_description'
[0.437s] INFO:colcon.colcon_core.plugin_system:Skipping extension 'colcon_core.shell.bat': Not used on non-Windows systems
[0.437s] INFO:colcon.colcon_core.shell:Skip shell extension 'powershell' for command environment: Not usable outside of PowerShell
[0.437s] DEBUG:colcon.colcon_core.shell:Skip shell extension 'dsv' for command environment
[0.443s] INFO:colcon.colcon_ros.task.ament_python.build:Building ROS package in '/home/ishman/panda_ws/src/panda_vision' with build type 'ament_python'
[0.443s] Level 1:colcon.colcon_core.shell:create_environment_hook('panda_vision', 'ament_prefix_path')
[0.443s] INFO:colcon.colcon_core.shell:Creating environment hook '/home/ishman/panda_ws/install/panda_vision/share/panda_vision/hook/ament_prefix_path.ps1'
[0.444s] INFO:colcon.colcon_core.shell:Creating environment descriptor '/home/ishman/panda_ws/install/panda_vision/share/panda_vision/hook/ament_prefix_path.dsv'
[0.444s] INFO:colcon.colcon_core.shell:Creating environment hook '/home/ishman/panda_ws/install/panda_vision/share/panda_vision/hook/ament_prefix_path.sh'
[0.444s] INFO:colcon.colcon_core.shell:Skip shell extension 'powershell' for command environment: Not usable outside of PowerShell
[0.444s] DEBUG:colcon.colcon_core.shell:Skip shell extension 'dsv' for command environment
[0.449s] INFO:colcon.colcon_ros.task.ament_cmake.build:Building ROS package in '/home/ishman/panda_ws/src/pymoveit2' with build type 'ament_cmake'
[0.449s] INFO:colcon.colcon_cmake.task.cmake.build:Building CMake package in '/home/ishman/panda_ws/src/pymoveit2'
[0.449s] INFO:colcon.colcon_core.shell:Skip shell extension 'powershell' for command environment: Not usable outside of PowerShell
[0.449s] DEBUG:colcon.colcon_core.shell:Skip shell extension 'dsv' for command environment
[0.461s] DEBUG:colcon.colcon_core.event_handler.log_command:Invoking command in '/home/ishman/panda_ws/build/panda_description': CMAKE_PREFIX_PATH=${CMAKE_PREFIX_PATH}:/home/ishman/panda_ws/install/panda_vision:/opt/ros/humble /usr/bin/cmake --build /home/ishman/panda_ws/build/panda_description -- -j10 -l10
[0.605s] INFO:colcon.colcon_core.task.python.build:Building Python package in '/home/ishman/panda_ws/src/panda_vision'
[0.606s] INFO:colcon.colcon_core.shell:Skip shell extension 'powershell' for command environment: Not usable outside of PowerShell
[0.606s] DEBUG:colcon.colcon_core.shell:Skip shell extension 'dsv' for command environment
[0.612s] DEBUG:colcon.colcon_core.event_handler.log_command:Invoked command in '/home/ishman/panda_ws/build/panda_description' returned '0': CMAKE_PREFIX_PATH=${CMAKE_PREFIX_PATH}:/home/ishman/panda_ws/install/panda_vision:/opt/ros/humble /usr/bin/cmake --build /home/ishman/panda_ws/build/panda_description -- -j10 -l10
[0.620s] DEBUG:colcon.colcon_core.event_handler.log_command:Invoking command in '/home/ishman/panda_ws/build/panda_description': CMAKE_PREFIX_PATH=${CMAKE_PREFIX_PATH}:/home/ishman/panda_ws/install/panda_vision:/opt/ros/humble /usr/bin/cmake --install /home/ishman/panda_ws/build/panda_description
[0.631s] DEBUG:colcon.colcon_core.event_handler.log_command:Invoking command in '/home/ishman/panda_ws/build/pymoveit2': CMAKE_PREFIX_PATH=${CMAKE_PREFIX_PATH}:/home/ishman/panda_ws/install/panda_vision:/opt/ros/humble /usr/bin/cmake --build /home/ishman/panda_ws/build/pymoveit2 -- -j10 -l10
[0.647s] Level 1:colcon.colcon_core.environment:create_environment_scripts_only(panda_description)
[0.648s] DEBUG:colcon.colcon_core.event_handler.log_command:Invoked command in '/home/ishman/panda_ws/build/panda_description' returned '0': CMAKE_PREFIX_PATH=${CMAKE_PREFIX_PATH}:/home/ishman/panda_ws/install/panda_vision:/opt/ros/humble /usr/bin/cmake --install /home/ishman/panda_ws/build/panda_description
[0.649s] Level 1:colcon.colcon_core.environment:checking '/home/ishman/panda_ws/install/panda_description' for CMake module files
[0.650s] Level 1:colcon.colcon_core.environment:checking '/home/ishman/panda_ws/install/panda_description' for CMake config files
[0.650s] Level 1:colcon.colcon_core.shell:create_environment_hook('panda_description', 'cmake_prefix_path')
[0.650s] INFO:colcon.colcon_core.shell:Creating environment hook '/home/ishman/panda_ws/install/panda_description/share/panda_description/hook/cmake_prefix_path.ps1'
[0.651s] INFO:colcon.colcon_core.shell:Creating environment descriptor '/home/ishman/panda_ws/install/panda_description/share/panda_description/hook/cmake_prefix_path.dsv'
[0.651s] INFO:colcon.colcon_core.shell:Creating environment hook '/home/ishman/panda_ws/install/panda_description/share/panda_description/hook/cmake_prefix_path.sh'
[0.651s] Level 1:colcon.colcon_core.environment:checking '/home/ishman/panda_ws/install/panda_description/bin'
[0.651s] Level 1:colcon.colcon_core.environment:checking '/home/ishman/panda_ws/install/panda_description/lib/pkgconfig/panda_description.pc'
[0.652s] Level 1:colcon.colcon_core.environment:checking '/home/ishman/panda_ws/install/panda_description/lib/python3.10/site-packages'
[0.652s] Level 1:colcon.colcon_core.environment:checking '/home/ishman/panda_ws/install/panda_description/bin'
[0.652s] INFO:colcon.colcon_core.shell:Creating package script '/home/ishman/panda_ws/install/panda_description/share/panda_description/package.ps1'
[0.652s] INFO:colcon.colcon_core.shell:Creating package descriptor '/home/ishman/panda_ws/install/panda_description/share/panda_description/package.dsv'
[0.653s] INFO:colcon.colcon_core.shell:Creating package script '/home/ishman/panda_ws/install/panda_description/share/panda_description/package.sh'
[0.653s] INFO:colcon.colcon_core.shell:Creating package script '/home/ishman/panda_ws/install/panda_description/share/panda_description/package.bash'
[0.653s] INFO:colcon.colcon_core.shell:Creating package script '/home/ishman/panda_ws/install/panda_description/share/panda_description/package.zsh'
[0.654s] Level 1:colcon.colcon_core.environment:create_file_with_runtime_dependencies(/home/ishman/panda_ws/install/panda_description/share/colcon-core/packages/panda_description)
[0.654s] Level 1:colcon.colcon_core.environment:create_environment_scripts_only(panda_description)
[0.654s] Level 1:colcon.colcon_core.environment:checking '/home/ishman/panda_ws/install/panda_description' for CMake module files
[0.655s] Level 1:colcon.colcon_core.environment:checking '/home/ishman/panda_ws/install/panda_description' for CMake config files
[0.655s] Level 1:colcon.colcon_core.shell:create_environment_hook('panda_description', 'cmake_prefix_path')
[0.655s] INFO:colcon.colcon_core.shell:Creating environment hook '/home/ishman/panda_ws/install/panda_description/share/panda_description/hook/cmake_prefix_path.ps1'
[0.656s] INFO:colcon.colcon_core.shell:Creating environment descriptor '/home/ishman/panda_ws/install/panda_description/share/panda_description/hook/cmake_prefix_path.dsv'
[0.656s] INFO:colcon.colcon_core.shell:Creating environment hook '/home/ishman/panda_ws/install/panda_description/share/panda_description/hook/cmake_prefix_path.sh'
[0.657s] Level 1:colcon.colcon_core.environment:checking '/home/ishman/panda_ws/install/panda_description/bin'
[0.657s] Level 1:colcon.colcon_core.environment:checking '/home/ishman/panda_ws/install/panda_description/lib/pkgconfig/panda_description.pc'
[0.657s] Level 1:colcon.colcon_core.environment:checking '/home/ishman/panda_ws/install/panda_description/lib/python3.10/site-packages'
[0.657s] Level 1:colcon.colcon_core.environment:checking '/home/ishman/panda_ws/install/panda_description/bin'
[0.657s] INFO:colcon.colcon_core.shell:Creating package script '/home/ishman/panda_ws/install/panda_description/share/panda_description/package.ps1'
[0.657s] INFO:colcon.colcon_core.shell:Creating package descriptor '/home/ishman/panda_ws/install/panda_description/share/panda_description/package.dsv'
[0.658s] INFO:colcon.colcon_core.shell:Creating package script '/home/ishman/panda_ws/install/panda_description/share/panda_description/package.sh'
[0.658s] INFO:colcon.colcon_core.shell:Creating package script '/home/ishman/panda_ws/install/panda_description/share/panda_description/package.bash'
[0.659s] INFO:colcon.colcon_core.shell:Creating package script '/home/ishman/panda_ws/install/panda_description/share/panda_description/package.zsh'
[0.659s] Level 1:colcon.colcon_core.environment:create_file_with_runtime_dependencies(/home/ishman/panda_ws/install/panda_description/share/colcon-core/packages/panda_description)
[0.659s] INFO:colcon.colcon_ros.task.ament_cmake.build:Building ROS package in '/home/ishman/panda_ws/src/panda_controller' with build type 'ament_cmake'
[0.659s] INFO:colcon.colcon_cmake.task.cmake.build:Building CMake package in '/home/ishman/panda_ws/src/panda_controller'
[0.659s] INFO:colcon.colcon_core.shell:Skip shell extension 'powershell' for command environment: Not usable outside of PowerShell
[0.659s] DEBUG:colcon.colcon_core.shell:Skip shell extension 'dsv' for command environment
[0.663s] INFO:colcon.colcon_ros.task.ament_cmake.build:Building ROS package in '/home/ishman/panda_ws/src/panda_moveit' with build type 'ament_cmake'
[0.663s] INFO:colcon.colcon_cmake.task.cmake.build:Building CMake package in '/home/ishman/panda_ws/src/panda_moveit'
[0.663s] INFO:colcon.colcon_core.shell:Skip shell extension 'powershell' for command environment: Not usable outside of PowerShell
[0.663s] DEBUG:colcon.colcon_core.shell:Skip shell extension 'dsv' for command environment
[0.700s] DEBUG:colcon.colcon_core.event_handler.log_command:Invoking command in '/home/ishman/panda_ws/build/panda_controller': CMAKE_PREFIX_PATH=/home/ishman/panda_ws/install/panda_description:/home/ishman/panda_ws/install/panda_bringup:/home/ishman/panda_ws/install/pymoveit2:/home/ishman/panda_ws/install/panda_moveit:/home/ishman/panda_ws/install/panda_controller:/home/ishman/panda_ws/install/panda_vision:/opt/ros/humble /usr/bin/cmake --build /home/ishman/panda_ws/build/panda_controller -- -j10 -l10
[0.707s] DEBUG:colcon.colcon_core.event_handler.log_command:Invoking command in '/home/ishman/panda_ws/build/panda_moveit': CMAKE_PREFIX_PATH=/home/ishman/panda_ws/install/panda_description:/home/ishman/panda_ws/install/panda_bringup:/home/ishman/panda_ws/install/pymoveit2:/home/ishman/panda_ws/install/panda_moveit:/home/ishman/panda_ws/install/panda_controller:/home/ishman/panda_ws/install/panda_vision:/opt/ros/humble /usr/bin/cmake --build /home/ishman/panda_ws/build/panda_moveit -- -j10 -l10
[0.731s] DEBUG:colcon.colcon_core.event_handler.log_command:Invoked command in '/home/ishman/panda_ws/build/panda_moveit' returned '0': CMAKE_PREFIX_PATH=/home/ishman/panda_ws/install/panda_description:/home/ishman/panda_ws/install/panda_bringup:/home/ishman/panda_ws/install/pymoveit2:/home/ishman/panda_ws/install/panda_moveit:/home/ishman/panda_ws/install/panda_controller:/home/ishman/panda_ws/install/panda_vision:/opt/ros/humble /usr/bin/cmake --build /home/ishman/panda_ws/build/panda_moveit -- -j10 -l10
[0.738s] DEBUG:colcon.colcon_core.event_handler.log_command:Invoking command in '/home/ishman/panda_ws/build/panda_moveit': CMAKE_PREFIX_PATH=/home/ishman/panda_ws/install/panda_description:/home/ishman/panda_ws/install/panda_bringup:/home/ishman/panda_ws/install/pymoveit2:/home/ishman/panda_ws/install/panda_moveit:/home/ishman/panda_ws/install/panda_controller:/home/ishman/panda_ws/install/panda_vision:/opt/ros/humble /usr/bin/cmake --install /home/ishman/panda_ws/build/panda_moveit
[0.741s] Level 1:colcon.colcon_core.environment:create_environment_scripts_only(panda_moveit)
[0.741s] DEBUG:colcon.colcon_core.event_handler.log_command:Invoked command in '/home/ishman/panda_ws/build/panda_moveit' returned '0': CMAKE_PREFIX_PATH=/home/ishman/panda_ws/install/panda_description:/home/ishman/panda_ws/install/panda_bringup:/home/ishman/panda_ws/install/pymoveit2:/home/ishman/panda_ws/install/panda_moveit:/home/ishman/panda_ws/install/panda_controller:/home/ishman/panda_ws/install/panda_vision:/opt/ros/humble /usr/bin/cmake --install /home/ishman/panda_ws/build/panda_moveit
[0.742s] Level 1:colcon.colcon_core.environment:checking '/home/ishman/panda_ws/install/panda_moveit' for CMake module files
[0.742s] Level 1:colcon.colcon_core.environment:checking '/home/ishman/panda_ws/install/panda_moveit' for CMake config files
[0.742s] Level 1:colcon.colcon_core.shell:create_environment_hook('panda_moveit', 'cmake_prefix_path')
[0.742s] INFO:colcon.colcon_core.shell:Creating environment hook '/home/ishman/panda_ws/install/panda_moveit/share/panda_moveit/hook/cmake_prefix_path.ps1'
[0.743s] INFO:colcon.colcon_core.shell:Creating environment descriptor '/home/ishman/panda_ws/install/panda_moveit/share/panda_moveit/hook/cmake_prefix_path.dsv'
[0.743s] INFO:colcon.colcon_core.shell:Creating environment hook '/home/ishman/panda_ws/install/panda_moveit/share/panda_moveit/hook/cmake_prefix_path.sh'
[0.743s] Level 1:colcon.colcon_core.environment:checking '/home/ishman/panda_ws/install/panda_moveit/bin'
[0.743s] Level 1:colcon.colcon_core.environment:checking '/home/ishman/panda_ws/install/panda_moveit/lib/pkgconfig/panda_moveit.pc'
[0.743s] Level 1:colcon.colcon_core.environment:checking '/home/ishman/panda_ws/install/panda_moveit/lib/python3.10/site-packages'
[0.743s] Level 1:colcon.colcon_core.environment:checking '/home/ishman/panda_ws/install/panda_moveit/bin'
[0.744s] INFO:colcon.colcon_core.shell:Creating package script '/home/ishman/panda_ws/install/panda_moveit/share/panda_moveit/package.ps1'
[0.744s] INFO:colcon.colcon_core.shell:Creating package descriptor '/home/ishman/panda_ws/install/panda_moveit/share/panda_moveit/package.dsv'
[0.744s] INFO:colcon.colcon_core.shell:Creating package script '/home/ishman/panda_ws/install/panda_moveit/share/panda_moveit/package.sh'
[0.744s] INFO:colcon.colcon_core.shell:Creating package script '/home/ishman/panda_ws/install/panda_moveit/share/panda_moveit/package.bash'
[0.744s] INFO:colcon.colcon_core.shell:Creating package script '/home/ishman/panda_ws/install/panda_moveit/share/panda_moveit/package.zsh'
[0.744s] Level 1:colcon.colcon_core.environment:create_file_with_runtime_dependencies(/home/ishman/panda_ws/install/panda_moveit/share/colcon-core/packages/panda_moveit)
[0.745s] Level 1:colcon.colcon_core.environment:create_environment_scripts_only(panda_moveit)
[0.745s] Level 1:colcon.colcon_core.environment:checking '/home/ishman/panda_ws/install/panda_moveit' for CMake module files
[0.745s] Level 1:colcon.colcon_core.environment:checking '/home/ishman/panda_ws/install/panda_moveit' for CMake config files
[0.745s] Level 1:colcon.colcon_core.shell:create_environment_hook('panda_moveit', 'cmake_prefix_path')
[0.745s] INFO:colcon.colcon_core.shell:Creating environment hook '/home/ishman/panda_ws/install/panda_moveit/share/panda_moveit/hook/cmake_prefix_path.ps1'
[0.746s] INFO:colcon.colcon_core.shell:Creating environment descriptor '/home/ishman/panda_ws/install/panda_moveit/share/panda_moveit/hook/cmake_prefix_path.dsv'
[0.746s] INFO:colcon.colcon_core.shell:Creating environment hook '/home/ishman/panda_ws/install/panda_moveit/share/panda_moveit/hook/cmake_prefix_path.sh'
[0.746s] Level 1:colcon.colcon_core.environment:checking '/home/ishman/panda_ws/install/panda_moveit/bin'
[0.746s] Level 1:colcon.colcon_core.environment:checking '/home/ishman/panda_ws/install/panda_moveit/lib/pkgconfig/panda_moveit.pc'
[0.747s] Level 1:colcon.colcon_core.environment:checking '/home/ishman/panda_ws/install/panda_moveit/lib/python3.10/site-packages'
[0.747s] Level 1:colcon.colcon_core.environment:checking '/home/ishman/panda_ws/install/panda_moveit/bin'
[0.747s] INFO:colcon.colcon_core.shell:Creating package script '/home/ishman/panda_ws/install/panda_moveit/share/panda_moveit/package.ps1'
[0.747s] INFO:colcon.colcon_core.shell:Creating package descriptor '/home/ishman/panda_ws/install/panda_moveit/share/panda_moveit/package.dsv'
[0.747s] INFO:colcon.colcon_core.shell:Creating package script '/home/ishman/panda_ws/install/panda_moveit/share/panda_moveit/package.sh'
[0.748s] INFO:colcon.colcon_core.shell:Creating package script '/home/ishman/panda_ws/install/panda_moveit/share/panda_moveit/package.bash'
[0.748s] INFO:colcon.colcon_core.shell:Creating package script '/home/ishman/panda_ws/install/panda_moveit/share/panda_moveit/package.zsh'
[0.748s] Level 1:colcon.colcon_core.environment:create_file_with_runtime_dependencies(/home/ishman/panda_ws/install/panda_moveit/share/colcon-core/packages/panda_moveit)
[0.844s] DEBUG:colcon.colcon_core.event_handler.log_command:Invoked command in '/home/ishman/panda_ws/build/pymoveit2' returned '0': CMAKE_PREFIX_PATH=${CMAKE_PREFIX_PATH}:/home/ishman/panda_ws/install/panda_vision:/opt/ros/humble /usr/bin/cmake --build /home/ishman/panda_ws/build/pymoveit2 -- -j10 -l10
[0.845s] DEBUG:colcon.colcon_core.event_handler.log_command:Invoking command in '/home/ishman/panda_ws/build/pymoveit2': CMAKE_PREFIX_PATH=${CMAKE_PREFIX_PATH}:/home/ishman/panda_ws/install/panda_vision:/opt/ros/humble /usr/bin/cmake --install /home/ishman/panda_ws/build/pymoveit2
[0.848s] DEBUG:colcon.colcon_core.event_handler.log_command:Invoking command in '/home/ishman/panda_ws/src/panda_vision': PYTHONPATH=/home/ishman/panda_ws/build/panda_vision/prefix_override:/usr/lib/python3/dist-packages/colcon_core/task/python/colcon_distutils_commands:/home/ishman/panda_ws/install/panda_vision/lib/python3.10/site-packages:${PYTHONPATH} /usr/bin/python3 -W ignore:setup.py install is deprecated -W ignore:easy_install command is deprecated setup.py egg_info --egg-base ../../build/panda_vision build --build-base /home/ishman/panda_ws/build/panda_vision/build install --record /home/ishman/panda_ws/build/panda_vision/install.log --single-version-externally-managed install_data
[0.876s] Level 1:colcon.colcon_core.environment:create_environment_scripts_only(pymoveit2)
[0.876s] Level 1:colcon.colcon_core.environment:checking '/home/ishman/panda_ws/install/pymoveit2' for CMake module files
[0.876s] DEBUG:colcon.colcon_core.event_handler.log_command:Invoked command in '/home/ishman/panda_ws/build/pymoveit2' returned '0': CMAKE_PREFIX_PATH=${CMAKE_PREFIX_PATH}:/home/ishman/panda_ws/install/panda_vision:/opt/ros/humble /usr/bin/cmake --install /home/ishman/panda_ws/build/pymoveit2
[0.876s] Level 1:colcon.colcon_core.environment:checking '/home/ishman/panda_ws/install/pymoveit2' for CMake config files
[0.877s] Level 1:colcon.colcon_core.shell:create_environment_hook('pymoveit2', 'cmake_prefix_path')
[0.877s] INFO:colcon.colcon_core.shell:Creating environment hook '/home/ishman/panda_ws/install/pymoveit2/share/pymoveit2/hook/cmake_prefix_path.ps1'
[0.877s] INFO:colcon.colcon_core.shell:Creating environment descriptor '/home/ishman/panda_ws/install/pymoveit2/share/pymoveit2/hook/cmake_prefix_path.dsv'
[0.877s] INFO:colcon.colcon_core.shell:Creating environment hook '/home/ishman/panda_ws/install/pymoveit2/share/pymoveit2/hook/cmake_prefix_path.sh'
[0.877s] Level 1:colcon.colcon_core.environment:checking '/home/ishman/panda_ws/install/pymoveit2/lib'
[0.878s] Level 1:colcon.colcon_core.environment:checking '/home/ishman/panda_ws/install/pymoveit2/bin'
[0.878s] Level 1:colcon.colcon_core.environment:checking '/home/ishman/panda_ws/install/pymoveit2/lib/pkgconfig/pymoveit2.pc'
[0.878s] Level 1:colcon.colcon_core.environment:checking '/home/ishman/panda_ws/install/pymoveit2/lib/python3.10/site-packages'
[0.878s] Level 1:colcon.colcon_core.environment:checking '/home/ishman/panda_ws/install/pymoveit2/bin'
[0.879s] INFO:colcon.colcon_core.shell:Creating package script '/home/ishman/panda_ws/install/pymoveit2/share/pymoveit2/package.ps1'
[0.879s] INFO:colcon.colcon_core.shell:Creating package descriptor '/home/ishman/panda_ws/install/pymoveit2/share/pymoveit2/package.dsv'
[0.879s] INFO:colcon.colcon_core.shell:Creating package script '/home/ishman/panda_ws/install/pymoveit2/share/pymoveit2/package.sh'
[0.879s] INFO:colcon.colcon_core.shell:Creating package script '/home/ishman/panda_ws/install/pymoveit2/share/pymoveit2/package.bash'
[0.880s] INFO:colcon.colcon_core.shell:Creating package script '/home/ishman/panda_ws/install/pymoveit2/share/pymoveit2/package.zsh'
[0.880s] Level 1:colcon.colcon_core.environment:create_file_with_runtime_dependencies(/home/ishman/panda_ws/install/pymoveit2/share/colcon-core/packages/pymoveit2)
[0.880s] Level 1:colcon.colcon_core.environment:create_environment_scripts_only(pymoveit2)
[0.880s] Level 1:colcon.colcon_core.environment:checking '/home/ishman/panda_ws/install/pymoveit2' for CMake module files
[0.881s] Level 1:colcon.colcon_core.environment:checking '/home/ishman/panda_ws/install/pymoveit2' for CMake config files
[0.881s] Level 1:colcon.colcon_core.shell:create_environment_hook('pymoveit2', 'cmake_prefix_path')
[0.881s] INFO:colcon.colcon_core.shell:Creating environment hook '/home/ishman/panda_ws/install/pymoveit2/share/pymoveit2/hook/cmake_prefix_path.ps1'
[0.881s] INFO:colcon.colcon_core.shell:Creating environment descriptor '/home/ishman/panda_ws/install/pymoveit2/share/pymoveit2/hook/cmake_prefix_path.dsv'
[0.881s] INFO:colcon.colcon_core.shell:Creating environment hook '/home/ishman/panda_ws/install/pymoveit2/share/pymoveit2/hook/cmake_prefix_path.sh'
[0.881s] Level 1:colcon.colcon_core.environment:checking '/home/ishman/panda_ws/install/pymoveit2/lib'
[0.881s] Level 1:colcon.colcon_core.environment:checking '/home/ishman/panda_ws/install/pymoveit2/bin'
[0.882s] Level 1:colcon.colcon_core.environment:checking '/home/ishman/panda_ws/install/pymoveit2/lib/pkgconfig/pymoveit2.pc'
[0.882s] Level 1:colcon.colcon_core.environment:checking '/home/ishman/panda_ws/install/pymoveit2/lib/python3.10/site-packages'
[0.882s] Level 1:colcon.colcon_core.environment:checking '/home/ishman/panda_ws/install/pymoveit2/bin'
[0.882s] INFO:colcon.colcon_core.shell:Creating package script '/home/ishman/panda_ws/install/pymoveit2/share/pymoveit2/package.ps1'
[0.883s] INFO:colcon.colcon_core.shell:Creating package descriptor '/home/ishman/panda_ws/install/pymoveit2/share/pymoveit2/package.dsv'
[0.883s] INFO:colcon.colcon_core.shell:Creating package script '/home/ishman/panda_ws/install/pymoveit2/share/pymoveit2/package.sh'
[0.883s] INFO:colcon.colcon_core.shell:Creating package script '/home/ishman/panda_ws/install/pymoveit2/share/pymoveit2/package.bash'
[0.884s] INFO:colcon.colcon_core.shell:Creating package script '/home/ishman/panda_ws/install/pymoveit2/share/pymoveit2/package.zsh'
[0.884s] Level 1:colcon.colcon_core.environment:create_file_with_runtime_dependencies(/home/ishman/panda_ws/install/pymoveit2/share/colcon-core/packages/pymoveit2)
[0.911s] DEBUG:colcon.colcon_core.event_handler.log_command:Invoked command in '/home/ishman/panda_ws/build/panda_controller' returned '0': CMAKE_PREFIX_PATH=/home/ishman/panda_ws/install/panda_description:/home/ishman/panda_ws/install/panda_bringup:/home/ishman/panda_ws/install/pymoveit2:/home/ishman/panda_ws/install/panda_moveit:/home/ishman/panda_ws/install/panda_controller:/home/ishman/panda_ws/install/panda_vision:/opt/ros/humble /usr/bin/cmake --build /home/ishman/panda_ws/build/panda_controller -- -j10 -l10
[0.911s] DEBUG:colcon.colcon_core.event_handler.log_command:Invoking command in '/home/ishman/panda_ws/build/panda_controller': CMAKE_PREFIX_PATH=/home/ishman/panda_ws/install/panda_description:/home/ishman/panda_ws/install/panda_bringup:/home/ishman/panda_ws/install/pymoveit2:/home/ishman/panda_ws/install/panda_moveit:/home/ishman/panda_ws/install/panda_controller:/home/ishman/panda_ws/install/panda_vision:/opt/ros/humble /usr/bin/cmake --install /home/ishman/panda_ws/build/panda_controller
[0.952s] Level 1:colcon.colcon_core.environment:create_environment_scripts_only(panda_controller)
[0.952s] Level 1:colcon.colcon_core.environment:checking '/home/ishman/panda_ws/install/panda_controller' for CMake module files
[0.952s] DEBUG:colcon.colcon_core.event_handler.log_command:Invoked command in '/home/ishman/panda_ws/build/panda_controller' returned '0': CMAKE_PREFIX_PATH=/home/ishman/panda_ws/install/panda_description:/home/ishman/panda_ws/install/panda_bringup:/home/ishman/panda_ws/install/pymoveit2:/home/ishman/panda_ws/install/panda_moveit:/home/ishman/panda_ws/install/panda_controller:/home/ishman/panda_ws/install/panda_vision:/opt/ros/humble /usr/bin/cmake --install /home/ishman/panda_ws/build/panda_controller
[0.953s] Level 1:colcon.colcon_core.environment:checking '/home/ishman/panda_ws/install/panda_controller' for CMake config files
[0.953s] Level 1:colcon.colcon_core.shell:create_environment_hook('panda_controller', 'cmake_prefix_path')
[0.953s] INFO:colcon.colcon_core.shell:Creating environment hook '/home/ishman/panda_ws/install/panda_controller/share/panda_controller/hook/cmake_prefix_path.ps1'
[0.953s] INFO:colcon.colcon_core.shell:Creating environment descriptor '/home/ishman/panda_ws/install/panda_controller/share/panda_controller/hook/cmake_prefix_path.dsv'
[0.953s] INFO:colcon.colcon_core.shell:Creating environment hook '/home/ishman/panda_ws/install/panda_controller/share/panda_controller/hook/cmake_prefix_path.sh'
[0.954s] Level 1:colcon.colcon_core.environment:checking '/home/ishman/panda_ws/install/panda_controller/lib'
[0.954s] Level 1:colcon.colcon_core.environment:checking '/home/ishman/panda_ws/install/panda_controller/bin'
[0.954s] Level 1:colcon.colcon_core.environment:checking '/home/ishman/panda_ws/install/panda_controller/lib/pkgconfig/panda_controller.pc'
[0.954s] Level 1:colcon.colcon_core.environment:checking '/home/ishman/panda_ws/install/panda_controller/lib/python3.10/site-packages'
[0.954s] Level 1:colcon.colcon_core.environment:checking '/home/ishman/panda_ws/install/panda_controller/bin'
[0.954s] INFO:colcon.colcon_core.shell:Creating package script '/home/ishman/panda_ws/install/panda_controller/share/panda_controller/package.ps1'
[0.954s] INFO:colcon.colcon_core.shell:Creating package descriptor '/home/ishman/panda_ws/install/panda_controller/share/panda_controller/package.dsv'
[0.955s] INFO:colcon.colcon_core.shell:Creating package script '/home/ishman/panda_ws/install/panda_controller/share/panda_controller/package.sh'
[0.955s] INFO:colcon.colcon_core.shell:Creating package script '/home/ishman/panda_ws/install/panda_controller/share/panda_controller/package.bash'
[0.955s] INFO:colcon.colcon_core.shell:Creating package script '/home/ishman/panda_ws/install/panda_controller/share/panda_controller/package.zsh'
[0.955s] Level 1:colcon.colcon_core.environment:create_file_with_runtime_dependencies(/home/ishman/panda_ws/install/panda_controller/share/colcon-core/packages/panda_controller)
[0.955s] Level 1:colcon.colcon_core.environment:create_environment_scripts_only(panda_controller)
[0.955s] Level 1:colcon.colcon_core.environment:checking '/home/ishman/panda_ws/install/panda_controller' for CMake module files
[0.956s] Level 1:colcon.colcon_core.environment:checking '/home/ishman/panda_ws/install/panda_controller' for CMake config files
[0.956s] Level 1:colcon.colcon_core.shell:create_environment_hook('panda_controller', 'cmake_prefix_path')
[0.956s] INFO:colcon.colcon_core.shell:Creating environment hook '/home/ishman/panda_ws/install/panda_controller/share/panda_controller/hook/cmake_prefix_path.ps1'
[0.956s] INFO:colcon.colcon_core.shell:Creating environment descriptor '/home/ishman/panda_ws/install/panda_controller/share/panda_controller/hook/cmake_prefix_path.dsv'
[0.956s] INFO:colcon.colcon_core.shell:Creating environment hook '/home/ishman/panda_ws/install/panda_controller/share/panda_controller/hook/cmake_prefix_path.sh'
[0.956s] Level 1:colcon.colcon_core.environment:checking '/home/ishman/panda_ws/install/panda_controller/lib'
[0.956s] Level 1:colcon.colcon_core.environment:checking '/home/ishman/panda_ws/install/panda_controller/bin'
[0.957s] Level 1:colcon.colcon_core.environment:checking '/home/ishman/panda_ws/install/panda_controller/lib/pkgconfig/panda_controller.pc'
[0.957s] Level 1:colcon.colcon_core.environment:checking '/home/ishman/panda_ws/install/panda_controller/lib/python3.10/site-packages'
[0.957s] Level 1:colcon.colcon_core.environment:checking '/home/ishman/panda_ws/install/panda_controller/bin'
[0.957s] INFO:colcon.colcon_core.shell:Creating package script '/home/ishman/panda_ws/install/panda_controller/share/panda_controller/package.ps1'
[0.957s] INFO:colcon.colcon_core.shell:Creating package descriptor '/home/ishman/panda_ws/install/panda_controller/share/panda_controller/package.dsv'
[0.958s] INFO:colcon.colcon_core.shell:Creating package script '/home/ishman/panda_ws/install/panda_controller/share/panda_controller/package.sh'
[0.958s] INFO:colcon.colcon_core.shell:Creating package script '/home/ishman/panda_ws/install/panda_controller/share/panda_controller/package.bash'
[0.959s] INFO:colcon.colcon_core.shell:Creating package script '/home/ishman/panda_ws/install/panda_controller/share/panda_controller/package.zsh'
[0.959s] Level 1:colcon.colcon_core.environment:create_file_with_runtime_dependencies(/home/ishman/panda_ws/install/panda_controller/share/colcon-core/packages/panda_controller)
[1.016s] Level 1:colcon.colcon_core.environment:checking '/home/ishman/panda_ws/install/panda_vision' for CMake module files
[1.017s] DEBUG:colcon.colcon_core.event_handler.log_command:Invoked command in '/home/ishman/panda_ws/src/panda_vision' returned '0': PYTHONPATH=/home/ishman/panda_ws/build/panda_vision/prefix_override:/usr/lib/python3/dist-packages/colcon_core/task/python/colcon_distutils_commands:/home/ishman/panda_ws/install/panda_vision/lib/python3.10/site-packages:${PYTHONPATH} /usr/bin/python3 -W ignore:setup.py install is deprecated -W ignore:easy_install command is deprecated setup.py egg_info --egg-base ../../build/panda_vision build --build-base /home/ishman/panda_ws/build/panda_vision/build install --record /home/ishman/panda_ws/build/panda_vision/install.log --single-version-externally-managed install_data
[1.018s] Level 1:colcon.colcon_core.environment:checking '/home/ishman/panda_ws/install/panda_vision' for CMake config files
[1.018s] Level 1:colcon.colcon_core.environment:checking '/home/ishman/panda_ws/install/panda_vision/lib'
[1.018s] Level 1:colcon.colcon_core.environment:checking '/home/ishman/panda_ws/install/panda_vision/bin'
[1.018s] Level 1:colcon.colcon_core.environment:checking '/home/ishman/panda_ws/install/panda_vision/lib/pkgconfig/panda_vision.pc'
[1.018s] Level 1:colcon.colcon_core.environment:checking '/home/ishman/panda_ws/install/panda_vision/lib/python3.10/site-packages'
[1.018s] Level 1:colcon.colcon_core.shell:create_environment_hook('panda_vision', 'pythonpath')
[1.019s] INFO:colcon.colcon_core.shell:Creating environment hook '/home/ishman/panda_ws/install/panda_vision/share/panda_vision/hook/pythonpath.ps1'
[1.019s] INFO:colcon.colcon_core.shell:Creating environment descriptor '/home/ishman/panda_ws/install/panda_vision/share/panda_vision/hook/pythonpath.dsv'
[1.019s] INFO:colcon.colcon_core.shell:Creating environment hook '/home/ishman/panda_ws/install/panda_vision/share/panda_vision/hook/pythonpath.sh'
[1.019s] Level 1:colcon.colcon_core.environment:checking '/home/ishman/panda_ws/install/panda_vision/bin'
[1.019s] Level 1:colcon.colcon_core.environment:create_environment_scripts_only(panda_vision)
[1.020s] INFO:colcon.colcon_core.shell:Creating package script '/home/ishman/panda_ws/install/panda_vision/share/panda_vision/package.ps1'
[1.020s] INFO:colcon.colcon_core.shell:Creating package descriptor '/home/ishman/panda_ws/install/panda_vision/share/panda_vision/package.dsv'
[1.020s] INFO:colcon.colcon_core.shell:Creating package script '/home/ishman/panda_ws/install/panda_vision/share/panda_vision/package.sh'
[1.020s] INFO:colcon.colcon_core.shell:Creating package script '/home/ishman/panda_ws/install/panda_vision/share/panda_vision/package.bash'
[1.021s] INFO:colcon.colcon_core.shell:Creating package script '/home/ishman/panda_ws/install/panda_vision/share/panda_vision/package.zsh'
[1.021s] Level 1:colcon.colcon_core.environment:create_file_with_runtime_dependencies(/home/ishman/panda_ws/install/panda_vision/share/colcon-core/packages/panda_vision)
[1.022s] INFO:colcon.colcon_ros.task.ament_cmake.build:Building ROS package in '/home/ishman/panda_ws/src/panda_bringup' with build type 'ament_cmake'
[1.022s] INFO:colcon.colcon_cmake.task.cmake.build:Building CMake package in '/home/ishman/panda_ws/src/panda_bringup'
[1.023s] INFO:colcon.colcon_core.shell:Skip shell extension 'powershell' for command environment: Not usable outside of PowerShell
[1.024s] DEBUG:colcon.colcon_core.shell:Skip shell extension 'dsv' for command environment
[1.531s] DEBUG:colcon.colcon_core.event_handler.log_command:Invoking command in '/home/ishman/panda_ws/build/panda_bringup': AMENT_PREFIX_PATH=/home/ishman/panda_ws/install/panda_vision:/home/ishman/panda_ws/install/panda_bringup:/home/ishman/panda_ws/install/pymoveit2:/home/ishman/panda_ws/install/panda_moveit:/home/ishman/panda_ws/install/panda_controller:/home/ishman/panda_ws/install/panda_description:/opt/ros/humble CMAKE_PREFIX_PATH=/home/ishman/panda_ws/install/panda_moveit:/home/ishman/panda_ws/install/panda_controller:/home/ishman/panda_ws/install/pymoveit2:/home/ishman/panda_ws/install/panda_description:/home/ishman/panda_ws/install/panda_bringup:/home/ishman/panda_ws/install/panda_vision:/opt/ros/humble PYTHONPATH=/home/ishman/panda_ws/install/panda_vision/lib/python3.10/site-packages:/home/ishman/panda_ws/install/pymoveit2/local/lib/python3.10/dist-packages:/home/ishman/panda_ws/install/panda_controller/local/lib/python3.10/dist-packages:/opt/ros/humble/lib/python3.10/site-packages:/opt/ros/humble/local/lib/python3.10/dist-packages /usr/bin/cmake --build /home/ishman/panda_ws/build/panda_bringup -- -j10 -l10
[1.593s] DEBUG:colcon.colcon_core.event_handler.log_command:Invoked command in '/home/ishman/panda_ws/build/panda_bringup' returned '0': AMENT_PREFIX_PATH=/home/ishman/panda_ws/install/panda_vision:/home/ishman/panda_ws/install/panda_bringup:/home/ishman/panda_ws/install/pymoveit2:/home/ishman/panda_ws/install/panda_moveit:/home/ishman/panda_ws/install/panda_controller:/home/ishman/panda_ws/install/panda_description:/opt/ros/humble CMAKE_PREFIX_PATH=/home/ishman/panda_ws/install/panda_moveit:/home/ishman/panda_ws/install/panda_controller:/home/ishman/panda_ws/install/pymoveit2:/home/ishman/panda_ws/install/panda_description:/home/ishman/panda_ws/install/panda_bringup:/home/ishman/panda_ws/install/panda_vision:/opt/ros/humble PYTHONPATH=/home/ishman/panda_ws/install/panda_vision/lib/python3.10/site-packages:/home/ishman/panda_ws/install/pymoveit2/local/lib/python3.10/dist-packages:/home/ishman/panda_ws/install/panda_controller/local/lib/python3.10/dist-packages:/opt/ros/humble/lib/python3.10/site-packages:/opt/ros/humble/local/lib/python3.10/dist-packages /usr/bin/cmake --build /home/ishman/panda_ws/build/panda_bringup -- -j10 -l10
[1.595s] DEBUG:colcon.colcon_core.event_handler.log_command:Invoking command in '/home/ishman/panda_ws/build/panda_bringup': AMENT_PREFIX_PATH=/home/ishman/panda_ws/install/panda_vision:/home/ishman/panda_ws/install/panda_bringup:/home/ishman/panda_ws/install/pymoveit2:/home/ishman/panda_ws/install/panda_moveit:/home/ishman/panda_ws/install/panda_controller:/home/ishman/panda_ws/install/panda_description:/opt/ros/humble CMAKE_PREFIX_PATH=/home/ishman/panda_ws/install/panda_moveit:/home/ishman/panda_ws/install/panda_controller:/home/ishman/panda_ws/install/pymoveit2:/home/ishman/panda_ws/install/panda_description:/home/ishman/panda_ws/install/panda_bringup:/home/ishman/panda_ws/install/panda_vision:/opt/ros/humble PYTHONPATH=/home/ishman/panda_ws/install/panda_vision/lib/python3.10/site-packages:/home/ishman/panda_ws/install/pymoveit2/local/lib/python3.10/dist-packages:/home/ishman/panda_ws/install/panda_controller/local/lib/python3.10/dist-packages:/opt/ros/humble/lib/python3.10/site-packages:/opt/ros/humble/local/lib/python3.10/dist-packages /usr/bin/cmake --install /home/ishman/panda_ws/build/panda_bringup
[1.605s] Level 1:colcon.colcon_core.environment:create_environment_scripts_only(panda_bringup)
[1.605s] Level 1:colcon.colcon_core.environment:checking '/home/ishman/panda_ws/install/panda_bringup' for CMake module files
[1.605s] DEBUG:colcon.colcon_core.event_handler.log_command:Invoked command in '/home/ishman/panda_ws/build/panda_bringup' returned '0': AMENT_PREFIX_PATH=/home/ishman/panda_ws/install/panda_vision:/home/ishman/panda_ws/install/panda_bringup:/home/ishman/panda_ws/install/pymoveit2:/home/ishman/panda_ws/install/panda_moveit:/home/ishman/panda_ws/install/panda_controller:/home/ishman/panda_ws/install/panda_description:/opt/ros/humble CMAKE_PREFIX_PATH=/home/ishman/panda_ws/install/panda_moveit:/home/ishman/panda_ws/install/panda_controller:/home/ishman/panda_ws/install/pymoveit2:/home/ishman/panda_ws/install/panda_description:/home/ishman/panda_ws/install/panda_bringup:/home/ishman/panda_ws/install/panda_vision:/opt/ros/humble PYTHONPATH=/home/ishman/panda_ws/install/panda_vision/lib/python3.10/site-packages:/home/ishman/panda_ws/install/pymoveit2/local/lib/python3.10/dist-packages:/home/ishman/panda_ws/install/panda_controller/local/lib/python3.10/dist-packages:/opt/ros/humble/lib/python3.10/site-packages:/opt/ros/humble/local/lib/python3.10/dist-packages /usr/bin/cmake --install /home/ishman/panda_ws/build/panda_bringup
[1.606s] Level 1:colcon.colcon_core.environment:checking '/home/ishman/panda_ws/install/panda_bringup' for CMake config files
[1.606s] Level 1:colcon.colcon_core.shell:create_environment_hook('panda_bringup', 'cmake_prefix_path')
[1.606s] INFO:colcon.colcon_core.shell:Creating environment hook '/home/ishman/panda_ws/install/panda_bringup/share/panda_bringup/hook/cmake_prefix_path.ps1'
[1.606s] INFO:colcon.colcon_core.shell:Creating environment descriptor '/home/ishman/panda_ws/install/panda_bringup/share/panda_bringup/hook/cmake_prefix_path.dsv'
[1.607s] INFO:colcon.colcon_core.shell:Creating environment hook '/home/ishman/panda_ws/install/panda_bringup/share/panda_bringup/hook/cmake_prefix_path.sh'
[1.607s] Level 1:colcon.colcon_core.environment:checking '/home/ishman/panda_ws/install/panda_bringup/bin'
[1.607s] Level 1:colcon.colcon_core.environment:checking '/home/ishman/panda_ws/install/panda_bringup/lib/pkgconfig/panda_bringup.pc'
[1.607s] Level 1:colcon.colcon_core.environment:checking '/home/ishman/panda_ws/install/panda_bringup/lib/python3.10/site-packages'
[1.607s] Level 1:colcon.colcon_core.environment:checking '/home/ishman/panda_ws/install/panda_bringup/bin'
[1.608s] INFO:colcon.colcon_core.shell:Creating package script '/home/ishman/panda_ws/install/panda_bringup/share/panda_bringup/package.ps1'
[1.608s] INFO:colcon.colcon_core.shell:Creating package descriptor '/home/ishman/panda_ws/install/panda_bringup/share/panda_bringup/package.dsv'
[1.608s] INFO:colcon.colcon_core.shell:Creating package script '/home/ishman/panda_ws/install/panda_bringup/share/panda_bringup/package.sh'
[1.608s] INFO:colcon.colcon_core.shell:Creating package script '/home/ishman/panda_ws/install/panda_bringup/share/panda_bringup/package.bash'
[1.608s] INFO:colcon.colcon_core.shell:Creating package script '/home/ishman/panda_ws/install/panda_bringup/share/panda_bringup/package.zsh'
[1.609s] Level 1:colcon.colcon_core.environment:create_file_with_runtime_dependencies(/home/ishman/panda_ws/install/panda_bringup/share/colcon-core/packages/panda_bringup)
[1.609s] Level 1:colcon.colcon_core.environment:create_environment_scripts_only(panda_bringup)
[1.609s] Level 1:colcon.colcon_core.environment:checking '/home/ishman/panda_ws/install/panda_bringup' for CMake module files
[1.609s] Level 1:colcon.colcon_core.environment:checking '/home/ishman/panda_ws/install/panda_bringup' for CMake config files
[1.610s] Level 1:colcon.colcon_core.shell:create_environment_hook('panda_bringup', 'cmake_prefix_path')
[1.610s] INFO:colcon.colcon_core.shell:Creating environment hook '/home/ishman/panda_ws/install/panda_bringup/share/panda_bringup/hook/cmake_prefix_path.ps1'
[1.610s] INFO:colcon.colcon_core.shell:Creating environment descriptor '/home/ishman/panda_ws/install/panda_bringup/share/panda_bringup/hook/cmake_prefix_path.dsv'
[1.610s] INFO:colcon.colcon_core.shell:Creating environment hook '/home/ishman/panda_ws/install/panda_bringup/share/panda_bringup/hook/cmake_prefix_path.sh'
[1.610s] Level 1:colcon.colcon_core.environment:checking '/home/ishman/panda_ws/install/panda_bringup/bin'
[1.610s] Level 1:colcon.colcon_core.environment:checking '/home/ishman/panda_ws/install/panda_bringup/lib/pkgconfig/panda_bringup.pc'
[1.611s] Level 1:colcon.colcon_core.environment:checking '/home/ishman/panda_ws/install/panda_bringup/lib/python3.10/site-packages'
[1.611s] Level 1:colcon.colcon_core.environment:checking '/home/ishman/panda_ws/install/panda_bringup/bin'
[1.611s] INFO:colcon.colcon_core.shell:Creating package script '/home/ishman/panda_ws/install/panda_bringup/share/panda_bringup/package.ps1'
[1.611s] INFO:colcon.colcon_core.shell:Creating package descriptor '/home/ishman/panda_ws/install/panda_bringup/share/panda_bringup/package.dsv'
[1.612s] INFO:colcon.colcon_core.shell:Creating package script '/home/ishman/panda_ws/install/panda_bringup/share/panda_bringup/package.sh'
[1.612s] INFO:colcon.colcon_core.shell:Creating package script '/home/ishman/panda_ws/install/panda_bringup/share/panda_bringup/package.bash'
[1.612s] INFO:colcon.colcon_core.shell:Creating package script '/home/ishman/panda_ws/install/panda_bringup/share/panda_bringup/package.zsh'
[1.612s] Level 1:colcon.colcon_core.environment:create_file_with_runtime_dependencies(/home/ishman/panda_ws/install/panda_bringup/share/colcon-core/packages/panda_bringup)
[1.613s] DEBUG:colcon.colcon_parallel_executor.executor.parallel:closing loop
[1.613s] DEBUG:colcon.colcon_parallel_executor.executor.parallel:loop closed
[1.613s] DEBUG:colcon.colcon_parallel_executor.executor.parallel:run_until_complete finished with '0'
[1.613s] DEBUG:colcon.colcon_core.event_reactor:joining thread
[1.671s] INFO:colcon.colcon_core.plugin_system:Skipping extension 'colcon_notification.desktop_notification.notify_send': Could not find 'notify-send'
[1.671s] INFO:colcon.colcon_core.plugin_system:Skipping extension 'colcon_notification.desktop_notification.terminal_notifier': Not used on non-Darwin systems
[1.671s] INFO:colcon.colcon_core.plugin_system:Skipping extension 'colcon_notification.desktop_notification.win32': Not used on non-Windows systems
[1.672s] INFO:colcon.colcon_notification.desktop_notification:Sending desktop notification using 'notify2'
[1.672s] DEBUG:colcon.colcon_notification.desktop_notification.notify2:Failed to initialize notify2: org.freedesktop.DBus.Error.FileNotFound: Failed to connect to socket /run/user/1000/bus: No such file or directory
[1.672s] DEBUG:colcon.colcon_core.event_reactor:joined thread
[1.672s] INFO:colcon.colcon_core.shell:Creating prefix script '/home/ishman/panda_ws/install/local_setup.ps1'
[1.674s] INFO:colcon.colcon_core.shell:Creating prefix util module '/home/ishman/panda_ws/install/_local_setup_util_ps1.py'
[1.676s] INFO:colcon.colcon_core.shell:Creating prefix chain script '/home/ishman/panda_ws/install/setup.ps1'
[1.677s] INFO:colcon.colcon_core.shell:Creating prefix script '/home/ishman/panda_ws/install/local_setup.sh'
[1.678s] INFO:colcon.colcon_core.shell:Creating prefix util module '/home/ishman/panda_ws/install/_local_setup_util_sh.py'
[1.678s] INFO:colcon.colcon_core.shell:Creating prefix chain script '/home/ishman/panda_ws/install/setup.sh'
[1.680s] INFO:colcon.colcon_core.shell:Creating prefix script '/home/ishman/panda_ws/install/local_setup.bash'
[1.680s] INFO:colcon.colcon_core.shell:Creating prefix chain script '/home/ishman/panda_ws/install/setup.bash'
[1.682s] INFO:colcon.colcon_core.shell:Creating prefix script '/home/ishman/panda_ws/install/local_setup.zsh'
[1.683s] INFO:colcon.colcon_core.shell:Creating prefix chain script '/home/ishman/panda_ws/install/setup.zsh'
