[0.177s] DEBUG:colcon:Command line arguments: ['/usr/bin/colcon', 'build', '--symlink-install']
[0.177s] DEBUG:colcon:Parsed command line arguments: Namespace(log_base=None, log_level=None, verb_name='build', build_base='build', install_base='install', merge_install=False, symlink_install=True, test_result_base=None, continue_on_error=False, executor='parallel', parallel_workers=10, event_handlers=None, ignore_user_meta=False, metas=['./colcon.meta'], base_paths=['.'], packages_ignore=None, packages_ignore_regex=None, paths=None, packages_up_to=None, packages_up_to_regex=None, packages_above=None, packages_above_and_dependencies=None, packages_above_depth=None, packages_select_by_dep=None, packages_skip_by_dep=None, packages_skip_up_to=None, packages_select_build_failed=False, packages_skip_build_finished=False, packages_select_test_failures=False, packages_skip_test_passed=False, packages_select=None, packages_skip=None, packages_select_regex=None, packages_skip_regex=None, packages_start=None, packages_end=None, allow_overriding=[], cmake_args=None, cmake_target=None, cmake_target_skip_unavailable=False, cmake_clean_cache=False, cmake_clean_first=False, cmake_force_configure=False, ament_cmake_args=None, catkin_cmake_args=None, catkin_skip_building_tests=False, mixin_files=None, mixin=None, verb_parser=<colcon_mixin.mixin.mixin_argument.MixinArgumentDecorator object at 0xfbcbb460a260>, verb_extension=<colcon_core.verb.build.BuildVerb object at 0xfbcbb4609db0>, main=<bound method BuildVerb.main of <colcon_core.verb.build.BuildVerb object at 0xfbcbb4609db0>>, mixin_verb=('build',))
[0.317s] Level 1:colcon.colcon_core.package_discovery:discover_packages(colcon_meta) check parameters
[0.317s] Level 1:colcon.colcon_core.package_discovery:discover_packages(recursive) check parameters
[0.317s] Level 1:colcon.colcon_core.package_discovery:discover_packages(ignore) check parameters
[0.317s] Level 1:colcon.colcon_core.package_discovery:discover_packages(path) check parameters
[0.317s] Level 1:colcon.colcon_core.package_discovery:discover_packages(colcon_meta) discover
[0.317s] Level 1:colcon.colcon_core.package_discovery:discover_packages(recursive) discover
[0.317s] INFO:colcon.colcon_core.package_discovery:Crawling recursively for packages in '/home/ishman/panda_ws'
[0.317s] Level 1:colcon.colcon_core.package_identification:_identify(.) by extensions ['ignore', 'ignore_ament_install']
[0.317s] Level 1:colcon.colcon_core.package_identification:_identify(.) by extension 'ignore'
[0.317s] Level 1:colcon.colcon_core.package_identification:_identify(.) by extension 'ignore_ament_install'
[0.317s] Level 1:colcon.colcon_core.package_identification:_identify(.) by extensions ['colcon_pkg']
[0.317s] Level 1:colcon.colcon_core.package_identification:_identify(.) by extension 'colcon_pkg'
[0.317s] Level 1:colcon.colcon_core.package_identification:_identify(.) by extensions ['colcon_meta']
[0.317s] Level 1:colcon.colcon_core.package_identification:_identify(.) by extension 'colcon_meta'
[0.317s] Level 1:colcon.colcon_core.package_identification:_identify(.) by extensions ['ros']
[0.317s] Level 1:colcon.colcon_core.package_identification:_identify(.) by extension 'ros'
[0.323s] Level 1:colcon.colcon_core.package_identification:_identify(.) by extensions ['cmake', 'python']
[0.323s] Level 1:colcon.colcon_core.package_identification:_identify(.) by extension 'cmake'
[0.323s] Level 1:colcon.colcon_core.package_identification:_identify(.) by extension 'python'
[0.323s] Level 1:colcon.colcon_core.package_identification:_identify(.) by extensions ['python_setup_py']
[0.323s] Level 1:colcon.colcon_core.package_identification:_identify(.) by extension 'python_setup_py'
[0.323s] Level 1:colcon.colcon_core.package_identification:_identify(build) by extensions ['ignore', 'ignore_ament_install']
[0.323s] Level 1:colcon.colcon_core.package_identification:_identify(build) by extension 'ignore'
[0.323s] Level 1:colcon.colcon_core.package_identification:_identify(build) ignored
[0.323s] Level 1:colcon.colcon_core.package_identification:_identify(install) by extensions ['ignore', 'ignore_ament_install']
[0.324s] Level 1:colcon.colcon_core.package_identification:_identify(install) by extension 'ignore'
[0.324s] Level 1:colcon.colcon_core.package_identification:_identify(install) ignored
[0.324s] Level 1:colcon.colcon_core.package_identification:_identify(log) by extensions ['ignore', 'ignore_ament_install']
[0.324s] Level 1:colcon.colcon_core.package_identification:_identify(log) by extension 'ignore'
[0.324s] Level 1:colcon.colcon_core.package_identification:_identify(log) ignored
[0.324s] Level 1:colcon.colcon_core.package_identification:_identify(src) by extensions ['ignore', 'ignore_ament_install']
[0.324s] Level 1:colcon.colcon_core.package_identification:_identify(src) by extension 'ignore'
[0.324s] Level 1:colcon.colcon_core.package_identification:_identify(src) by extension 'ignore_ament_install'
[0.324s] Level 1:colcon.colcon_core.package_identification:_identify(src) by extensions ['colcon_pkg']
[0.324s] Level 1:colcon.colcon_core.package_identification:_identify(src) by extension 'colcon_pkg'
[0.324s] Level 1:colcon.colcon_core.package_identification:_identify(src) by extensions ['colcon_meta']
[0.324s] Level 1:colcon.colcon_core.package_identification:_identify(src) by extension 'colcon_meta'
[0.324s] Level 1:colcon.colcon_core.package_identification:_identify(src) by extensions ['ros']
[0.324s] Level 1:colcon.colcon_core.package_identification:_identify(src) by extension 'ros'
[0.324s] Level 1:colcon.colcon_core.package_identification:_identify(src) by extensions ['cmake', 'python']
[0.324s] Level 1:colcon.colcon_core.package_identification:_identify(src) by extension 'cmake'
[0.324s] Level 1:colcon.colcon_core.package_identification:_identify(src) by extension 'python'
[0.324s] Level 1:colcon.colcon_core.package_identification:_identify(src) by extensions ['python_setup_py']
[0.324s] Level 1:colcon.colcon_core.package_identification:_identify(src) by extension 'python_setup_py'
[0.324s] Level 1:colcon.colcon_core.package_identification:_identify(src/build) by extensions ['ignore', 'ignore_ament_install']
[0.324s] Level 1:colcon.colcon_core.package_identification:_identify(src/build) by extension 'ignore'
[0.324s] Level 1:colcon.colcon_core.package_identification:_identify(src/build) ignored
[0.324s] Level 1:colcon.colcon_core.package_identification:_identify(src/log) by extensions ['ignore', 'ignore_ament_install']
[0.324s] Level 1:colcon.colcon_core.package_identification:_identify(src/log) by extension 'ignore'
[0.324s] Level 1:colcon.colcon_core.package_identification:_identify(src/log) ignored
[0.324s] Level 1:colcon.colcon_core.package_identification:_identify(src/panda_controller) by extensions ['ignore', 'ignore_ament_install']
[0.324s] Level 1:colcon.colcon_core.package_identification:_identify(src/panda_controller) by extension 'ignore'
[0.324s] Level 1:colcon.colcon_core.package_identification:_identify(src/panda_controller) by extension 'ignore_ament_install'
[0.324s] Level 1:colcon.colcon_core.package_identification:_identify(src/panda_controller) by extensions ['colcon_pkg']
[0.324s] Level 1:colcon.colcon_core.package_identification:_identify(src/panda_controller) by extension 'colcon_pkg'
[0.324s] Level 1:colcon.colcon_core.package_identification:_identify(src/panda_controller) by extensions ['colcon_meta']
[0.324s] Level 1:colcon.colcon_core.package_identification:_identify(src/panda_controller) by extension 'colcon_meta'
[0.324s] Level 1:colcon.colcon_core.package_identification:_identify(src/panda_controller) by extensions ['ros']
[0.324s] Level 1:colcon.colcon_core.package_identification:_identify(src/panda_controller) by extension 'ros'
[0.326s] DEBUG:colcon.colcon_core.package_identification:Package 'src/panda_controller' with type 'ros.ament_cmake' and name 'panda_controller'
[0.326s] Level 1:colcon.colcon_core.package_identification:_identify(src/panda_description) by extensions ['ignore', 'ignore_ament_install']
[0.326s] Level 1:colcon.colcon_core.package_identification:_identify(src/panda_description) by extension 'ignore'
[0.326s] Level 1:colcon.colcon_core.package_identification:_identify(src/panda_description) by extension 'ignore_ament_install'
[0.326s] Level 1:colcon.colcon_core.package_identification:_identify(src/panda_description) by extensions ['colcon_pkg']
[0.326s] Level 1:colcon.colcon_core.package_identification:_identify(src/panda_description) by extension 'colcon_pkg'
[0.326s] Level 1:colcon.colcon_core.package_identification:_identify(src/panda_description) by extensions ['colcon_meta']
[0.326s] Level 1:colcon.colcon_core.package_identification:_identify(src/panda_description) by extension 'colcon_meta'
[0.326s] Level 1:colcon.colcon_core.package_identification:_identify(src/panda_description) by extensions ['ros']
[0.326s] Level 1:colcon.colcon_core.package_identification:_identify(src/panda_description) by extension 'ros'
[0.327s] DEBUG:colcon.colcon_core.package_identification:Package 'src/panda_description' with type 'ros.ament_cmake' and name 'panda_description'
[0.327s] Level 1:colcon.colcon_core.package_discovery:discover_packages(recursive) using defaults
[0.327s] Level 1:colcon.colcon_core.package_discovery:discover_packages(ignore) discover
[0.327s] Level 1:colcon.colcon_core.package_discovery:discover_packages(ignore) using defaults
[0.327s] Level 1:colcon.colcon_core.package_discovery:discover_packages(path) discover
[0.327s] Level 1:colcon.colcon_core.package_discovery:discover_packages(path) using defaults
[0.346s] Level 1:colcon.colcon_core.package_discovery:discover_packages(prefix_path) check parameters
[0.346s] Level 1:colcon.colcon_core.package_discovery:discover_packages(prefix_path) discover
[0.348s] WARNING:colcon.colcon_ros.prefix_path.ament:The path '/home/ishman/panda_ws/install/panda_controller' in the environment variable AMENT_PREFIX_PATH doesn't exist
[0.348s] WARNING:colcon.colcon_ros.prefix_path.ament:The path '/home/ishman/panda_ws/install/panda_description' in the environment variable AMENT_PREFIX_PATH doesn't exist
[0.348s] WARNING:colcon.colcon_ros.prefix_path.catkin:The path '/home/ishman/panda_ws/install/panda_controller' in the environment variable CMAKE_PREFIX_PATH doesn't exist
[0.348s] WARNING:colcon.colcon_ros.prefix_path.catkin:The path '/home/ishman/panda_ws/install/panda_description' in the environment variable CMAKE_PREFIX_PATH doesn't exist
[0.348s] DEBUG:colcon.colcon_installed_package_information.package_discovery:Found 0 installed packages in /home/ishman/panda_ws/install
[0.350s] DEBUG:colcon.colcon_installed_package_information.package_discovery:Found 340 installed packages in /opt/ros/humble
[0.351s] Level 1:colcon.colcon_core.package_discovery:discover_packages(prefix_path) using defaults
[0.391s] Level 5:colcon.colcon_core.verb:set package 'panda_description' build argument 'cmake_args' from command line to 'None'
[0.391s] Level 5:colcon.colcon_core.verb:set package 'panda_description' build argument 'cmake_target' from command line to 'None'
[0.391s] Level 5:colcon.colcon_core.verb:set package 'panda_description' build argument 'cmake_target_skip_unavailable' from command line to 'False'
[0.391s] Level 5:colcon.colcon_core.verb:set package 'panda_description' build argument 'cmake_clean_cache' from command line to 'False'
[0.391s] Level 5:colcon.colcon_core.verb:set package 'panda_description' build argument 'cmake_clean_first' from command line to 'False'
[0.391s] Level 5:colcon.colcon_core.verb:set package 'panda_description' build argument 'cmake_force_configure' from command line to 'False'
[0.391s] Level 5:colcon.colcon_core.verb:set package 'panda_description' build argument 'ament_cmake_args' from command line to 'None'
[0.391s] Level 5:colcon.colcon_core.verb:set package 'panda_description' build argument 'catkin_cmake_args' from command line to 'None'
[0.391s] Level 5:colcon.colcon_core.verb:set package 'panda_description' build argument 'catkin_skip_building_tests' from command line to 'False'
[0.391s] DEBUG:colcon.colcon_core.verb:Building package 'panda_description' with the following arguments: {'ament_cmake_args': None, 'build_base': '/home/ishman/panda_ws/build/panda_description', 'catkin_cmake_args': None, 'catkin_skip_building_tests': False, 'cmake_args': None, 'cmake_clean_cache': False, 'cmake_clean_first': False, 'cmake_force_configure': False, 'cmake_target': None, 'cmake_target_skip_unavailable': False, 'install_base': '/home/ishman/panda_ws/install/panda_description', 'merge_install': False, 'path': '/home/ishman/panda_ws/src/panda_description', 'symlink_install': True, 'test_result_base': None}
[0.392s] Level 5:colcon.colcon_core.verb:set package 'panda_controller' build argument 'cmake_args' from command line to 'None'
[0.392s] Level 5:colcon.colcon_core.verb:set package 'panda_controller' build argument 'cmake_target' from command line to 'None'
[0.392s] Level 5:colcon.colcon_core.verb:set package 'panda_controller' build argument 'cmake_target_skip_unavailable' from command line to 'False'
[0.392s] Level 5:colcon.colcon_core.verb:set package 'panda_controller' build argument 'cmake_clean_cache' from command line to 'False'
[0.392s] Level 5:colcon.colcon_core.verb:set package 'panda_controller' build argument 'cmake_clean_first' from command line to 'False'
[0.392s] Level 5:colcon.colcon_core.verb:set package 'panda_controller' build argument 'cmake_force_configure' from command line to 'False'
[0.392s] Level 5:colcon.colcon_core.verb:set package 'panda_controller' build argument 'ament_cmake_args' from command line to 'None'
[0.392s] Level 5:colcon.colcon_core.verb:set package 'panda_controller' build argument 'catkin_cmake_args' from command line to 'None'
[0.392s] Level 5:colcon.colcon_core.verb:set package 'panda_controller' build argument 'catkin_skip_building_tests' from command line to 'False'
[0.392s] DEBUG:colcon.colcon_core.verb:Building package 'panda_controller' with the following arguments: {'ament_cmake_args': None, 'build_base': '/home/ishman/panda_ws/build/panda_controller', 'catkin_cmake_args': None, 'catkin_skip_building_tests': False, 'cmake_args': None, 'cmake_clean_cache': False, 'cmake_clean_first': False, 'cmake_force_configure': False, 'cmake_target': None, 'cmake_target_skip_unavailable': False, 'install_base': '/home/ishman/panda_ws/install/panda_controller', 'merge_install': False, 'path': '/home/ishman/panda_ws/src/panda_controller', 'symlink_install': True, 'test_result_base': None}
[0.392s] INFO:colcon.colcon_core.executor:Executing jobs using 'parallel' executor
[0.396s] DEBUG:colcon.colcon_parallel_executor.executor.parallel:run_until_complete
[0.397s] INFO:colcon.colcon_ros.task.ament_cmake.build:Building ROS package in '/home/ishman/panda_ws/src/panda_description' with build type 'ament_cmake'
[0.397s] INFO:colcon.colcon_cmake.task.cmake.build:Building CMake package in '/home/ishman/panda_ws/src/panda_description'
[0.399s] INFO:colcon.colcon_core.plugin_system:Skipping extension 'colcon_core.shell.bat': Not used on non-Windows systems
[0.399s] INFO:colcon.colcon_core.shell:Skip shell extension 'powershell' for command environment: Not usable outside of PowerShell
[0.399s] DEBUG:colcon.colcon_core.shell:Skip shell extension 'dsv' for command environment
[0.411s] DEBUG:colcon.colcon_core.event_handler.log_command:Invoking command in '/home/ishman/panda_ws/build/panda_description': CMAKE_PREFIX_PATH=${CMAKE_PREFIX_PATH}:/opt/ros/humble /usr/bin/cmake /home/ishman/panda_ws/src/panda_description -DAMENT_CMAKE_SYMLINK_INSTALL=1 -DCMAKE_INSTALL_PREFIX=/home/ishman/panda_ws/install/panda_description
[2.929s] DEBUG:colcon.colcon_core.event_handler.log_command:Invoked command in '/home/ishman/panda_ws/build/panda_description' returned '0': CMAKE_PREFIX_PATH=${CMAKE_PREFIX_PATH}:/opt/ros/humble /usr/bin/cmake /home/ishman/panda_ws/src/panda_description -DAMENT_CMAKE_SYMLINK_INSTALL=1 -DCMAKE_INSTALL_PREFIX=/home/ishman/panda_ws/install/panda_description
[2.931s] DEBUG:colcon.colcon_core.event_handler.log_command:Invoking command in '/home/ishman/panda_ws/build/panda_description': CMAKE_PREFIX_PATH=${CMAKE_PREFIX_PATH}:/opt/ros/humble /usr/bin/cmake --build /home/ishman/panda_ws/build/panda_description -- -j10 -l10
[2.965s] DEBUG:colcon.colcon_core.event_handler.log_command:Invoked command in '/home/ishman/panda_ws/build/panda_description' returned '0': CMAKE_PREFIX_PATH=${CMAKE_PREFIX_PATH}:/opt/ros/humble /usr/bin/cmake --build /home/ishman/panda_ws/build/panda_description -- -j10 -l10
[2.971s] DEBUG:colcon.colcon_core.event_handler.log_command:Invoking command in '/home/ishman/panda_ws/build/panda_description': CMAKE_PREFIX_PATH=${CMAKE_PREFIX_PATH}:/opt/ros/humble /usr/bin/cmake --install /home/ishman/panda_ws/build/panda_description
[3.235s] Level 1:colcon.colcon_core.environment:create_environment_scripts_only(panda_description)
[3.237s] DEBUG:colcon.colcon_core.event_handler.log_command:Invoked command in '/home/ishman/panda_ws/build/panda_description' returned '0': CMAKE_PREFIX_PATH=${CMAKE_PREFIX_PATH}:/opt/ros/humble /usr/bin/cmake --install /home/ishman/panda_ws/build/panda_description
[3.239s] Level 1:colcon.colcon_core.environment:checking '/home/ishman/panda_ws/install/panda_description' for CMake module files
[3.240s] Level 1:colcon.colcon_core.environment:checking '/home/ishman/panda_ws/install/panda_description' for CMake config files
[3.240s] Level 1:colcon.colcon_core.shell:create_environment_hook('panda_description', 'cmake_prefix_path')
[3.241s] INFO:colcon.colcon_core.shell:Creating environment hook '/home/ishman/panda_ws/install/panda_description/share/panda_description/hook/cmake_prefix_path.ps1'
[3.242s] INFO:colcon.colcon_core.shell:Creating environment descriptor '/home/ishman/panda_ws/install/panda_description/share/panda_description/hook/cmake_prefix_path.dsv'
[3.242s] INFO:colcon.colcon_core.shell:Creating environment hook '/home/ishman/panda_ws/install/panda_description/share/panda_description/hook/cmake_prefix_path.sh'
[3.242s] Level 1:colcon.colcon_core.environment:checking '/home/ishman/panda_ws/install/panda_description/bin'
[3.242s] Level 1:colcon.colcon_core.environment:checking '/home/ishman/panda_ws/install/panda_description/lib/pkgconfig/panda_description.pc'
[3.243s] Level 1:colcon.colcon_core.environment:checking '/home/ishman/panda_ws/install/panda_description/lib/python3.10/site-packages'
[3.243s] Level 1:colcon.colcon_core.environment:checking '/home/ishman/panda_ws/install/panda_description/bin'
[3.243s] INFO:colcon.colcon_core.shell:Creating package script '/home/ishman/panda_ws/install/panda_description/share/panda_description/package.ps1'
[3.244s] INFO:colcon.colcon_core.shell:Creating package descriptor '/home/ishman/panda_ws/install/panda_description/share/panda_description/package.dsv'
[3.244s] INFO:colcon.colcon_core.shell:Creating package script '/home/ishman/panda_ws/install/panda_description/share/panda_description/package.sh'
[3.244s] INFO:colcon.colcon_core.shell:Creating package script '/home/ishman/panda_ws/install/panda_description/share/panda_description/package.bash'
[3.245s] INFO:colcon.colcon_core.shell:Creating package script '/home/ishman/panda_ws/install/panda_description/share/panda_description/package.zsh'
[3.245s] Level 1:colcon.colcon_core.environment:create_file_with_runtime_dependencies(/home/ishman/panda_ws/install/panda_description/share/colcon-core/packages/panda_description)
[3.246s] Level 1:colcon.colcon_core.environment:create_environment_scripts_only(panda_description)
[3.246s] Level 1:colcon.colcon_core.environment:checking '/home/ishman/panda_ws/install/panda_description' for CMake module files
[3.246s] Level 1:colcon.colcon_core.environment:checking '/home/ishman/panda_ws/install/panda_description' for CMake config files
[3.247s] Level 1:colcon.colcon_core.shell:create_environment_hook('panda_description', 'cmake_prefix_path')
[3.248s] INFO:colcon.colcon_core.shell:Creating environment hook '/home/ishman/panda_ws/install/panda_description/share/panda_description/hook/cmake_prefix_path.ps1'
[3.248s] INFO:colcon.colcon_core.shell:Creating environment descriptor '/home/ishman/panda_ws/install/panda_description/share/panda_description/hook/cmake_prefix_path.dsv'
[3.249s] INFO:colcon.colcon_core.shell:Creating environment hook '/home/ishman/panda_ws/install/panda_description/share/panda_description/hook/cmake_prefix_path.sh'
[3.249s] Level 1:colcon.colcon_core.environment:checking '/home/ishman/panda_ws/install/panda_description/bin'
[3.249s] Level 1:colcon.colcon_core.environment:checking '/home/ishman/panda_ws/install/panda_description/lib/pkgconfig/panda_description.pc'
[3.249s] Level 1:colcon.colcon_core.environment:checking '/home/ishman/panda_ws/install/panda_description/lib/python3.10/site-packages'
[3.249s] Level 1:colcon.colcon_core.environment:checking '/home/ishman/panda_ws/install/panda_description/bin'
[3.250s] INFO:colcon.colcon_core.shell:Creating package script '/home/ishman/panda_ws/install/panda_description/share/panda_description/package.ps1'
[3.250s] INFO:colcon.colcon_core.shell:Creating package descriptor '/home/ishman/panda_ws/install/panda_description/share/panda_description/package.dsv'
[3.250s] INFO:colcon.colcon_core.shell:Creating package script '/home/ishman/panda_ws/install/panda_description/share/panda_description/package.sh'
[3.250s] INFO:colcon.colcon_core.shell:Creating package script '/home/ishman/panda_ws/install/panda_description/share/panda_description/package.bash'
[3.250s] INFO:colcon.colcon_core.shell:Creating package script '/home/ishman/panda_ws/install/panda_description/share/panda_description/package.zsh'
[3.251s] Level 1:colcon.colcon_core.environment:create_file_with_runtime_dependencies(/home/ishman/panda_ws/install/panda_description/share/colcon-core/packages/panda_description)
[3.252s] INFO:colcon.colcon_ros.task.ament_cmake.build:Building ROS package in '/home/ishman/panda_ws/src/panda_controller' with build type 'ament_cmake'
[3.252s] INFO:colcon.colcon_cmake.task.cmake.build:Building CMake package in '/home/ishman/panda_ws/src/panda_controller'
[3.252s] INFO:colcon.colcon_core.shell:Skip shell extension 'powershell' for command environment: Not usable outside of PowerShell
[3.252s] DEBUG:colcon.colcon_core.shell:Skip shell extension 'dsv' for command environment
[3.296s] DEBUG:colcon.colcon_core.event_handler.log_command:Invoking command in '/home/ishman/panda_ws/build/panda_controller': CMAKE_PREFIX_PATH=/home/ishman/panda_ws/install/panda_description:/home/ishman/panda_ws/install/panda_controller:/opt/ros/humble /usr/bin/cmake /home/ishman/panda_ws/src/panda_controller -DAMENT_CMAKE_SYMLINK_INSTALL=1 -DCMAKE_INSTALL_PREFIX=/home/ishman/panda_ws/install/panda_controller
[8.645s] DEBUG:colcon.colcon_core.event_handler.log_command:Invoked command in '/home/ishman/panda_ws/build/panda_controller' returned '0': CMAKE_PREFIX_PATH=/home/ishman/panda_ws/install/panda_description:/home/ishman/panda_ws/install/panda_controller:/opt/ros/humble /usr/bin/cmake /home/ishman/panda_ws/src/panda_controller -DAMENT_CMAKE_SYMLINK_INSTALL=1 -DCMAKE_INSTALL_PREFIX=/home/ishman/panda_ws/install/panda_controller
[8.646s] DEBUG:colcon.colcon_core.event_handler.log_command:Invoking command in '/home/ishman/panda_ws/build/panda_controller': CMAKE_PREFIX_PATH=/home/ishman/panda_ws/install/panda_description:/home/ishman/panda_ws/install/panda_controller:/opt/ros/humble /usr/bin/cmake --build /home/ishman/panda_ws/build/panda_controller -- -j10 -l10
[8.901s] DEBUG:colcon.colcon_core.event_handler.log_command:Invoked command in '/home/ishman/panda_ws/build/panda_controller' returned '0': CMAKE_PREFIX_PATH=/home/ishman/panda_ws/install/panda_description:/home/ishman/panda_ws/install/panda_controller:/opt/ros/humble /usr/bin/cmake --build /home/ishman/panda_ws/build/panda_controller -- -j10 -l10
[8.903s] DEBUG:colcon.colcon_core.event_handler.log_command:Invoking command in '/home/ishman/panda_ws/build/panda_controller': CMAKE_PREFIX_PATH=/home/ishman/panda_ws/install/panda_description:/home/ishman/panda_ws/install/panda_controller:/opt/ros/humble /usr/bin/cmake --install /home/ishman/panda_ws/build/panda_controller
[9.160s] Level 1:colcon.colcon_core.environment:create_environment_scripts_only(panda_controller)
[9.160s] Level 1:colcon.colcon_core.environment:checking '/home/ishman/panda_ws/install/panda_controller' for CMake module files
[9.160s] DEBUG:colcon.colcon_core.event_handler.log_command:Invoked command in '/home/ishman/panda_ws/build/panda_controller' returned '0': CMAKE_PREFIX_PATH=/home/ishman/panda_ws/install/panda_description:/home/ishman/panda_ws/install/panda_controller:/opt/ros/humble /usr/bin/cmake --install /home/ishman/panda_ws/build/panda_controller
[9.161s] Level 1:colcon.colcon_core.environment:checking '/home/ishman/panda_ws/install/panda_controller' for CMake config files
[9.161s] Level 1:colcon.colcon_core.shell:create_environment_hook('panda_controller', 'cmake_prefix_path')
[9.161s] INFO:colcon.colcon_core.shell:Creating environment hook '/home/ishman/panda_ws/install/panda_controller/share/panda_controller/hook/cmake_prefix_path.ps1'
[9.162s] INFO:colcon.colcon_core.shell:Creating environment descriptor '/home/ishman/panda_ws/install/panda_controller/share/panda_controller/hook/cmake_prefix_path.dsv'
[9.162s] INFO:colcon.colcon_core.shell:Creating environment hook '/home/ishman/panda_ws/install/panda_controller/share/panda_controller/hook/cmake_prefix_path.sh'
[9.163s] Level 1:colcon.colcon_core.environment:checking '/home/ishman/panda_ws/install/panda_controller/lib'
[9.163s] Level 1:colcon.colcon_core.environment:checking '/home/ishman/panda_ws/install/panda_controller/bin'
[9.163s] Level 1:colcon.colcon_core.environment:checking '/home/ishman/panda_ws/install/panda_controller/lib/pkgconfig/panda_controller.pc'
[9.163s] Level 1:colcon.colcon_core.environment:checking '/home/ishman/panda_ws/install/panda_controller/lib/python3.10/site-packages'
[9.164s] Level 1:colcon.colcon_core.environment:checking '/home/ishman/panda_ws/install/panda_controller/bin'
[9.164s] INFO:colcon.colcon_core.shell:Creating package script '/home/ishman/panda_ws/install/panda_controller/share/panda_controller/package.ps1'
[9.164s] INFO:colcon.colcon_core.shell:Creating package descriptor '/home/ishman/panda_ws/install/panda_controller/share/panda_controller/package.dsv'
[9.164s] INFO:colcon.colcon_core.shell:Creating package script '/home/ishman/panda_ws/install/panda_controller/share/panda_controller/package.sh'
[9.165s] INFO:colcon.colcon_core.shell:Creating package script '/home/ishman/panda_ws/install/panda_controller/share/panda_controller/package.bash'
[9.165s] INFO:colcon.colcon_core.shell:Creating package script '/home/ishman/panda_ws/install/panda_controller/share/panda_controller/package.zsh'
[9.165s] Level 1:colcon.colcon_core.environment:create_file_with_runtime_dependencies(/home/ishman/panda_ws/install/panda_controller/share/colcon-core/packages/panda_controller)
[9.166s] Level 1:colcon.colcon_core.environment:create_environment_scripts_only(panda_controller)
[9.166s] Level 1:colcon.colcon_core.environment:checking '/home/ishman/panda_ws/install/panda_controller' for CMake module files
[9.166s] Level 1:colcon.colcon_core.environment:checking '/home/ishman/panda_ws/install/panda_controller' for CMake config files
[9.166s] Level 1:colcon.colcon_core.shell:create_environment_hook('panda_controller', 'cmake_prefix_path')
[9.166s] INFO:colcon.colcon_core.shell:Creating environment hook '/home/ishman/panda_ws/install/panda_controller/share/panda_controller/hook/cmake_prefix_path.ps1'
[9.167s] INFO:colcon.colcon_core.shell:Creating environment descriptor '/home/ishman/panda_ws/install/panda_controller/share/panda_controller/hook/cmake_prefix_path.dsv'
[9.167s] INFO:colcon.colcon_core.shell:Creating environment hook '/home/ishman/panda_ws/install/panda_controller/share/panda_controller/hook/cmake_prefix_path.sh'
[9.167s] Level 1:colcon.colcon_core.environment:checking '/home/ishman/panda_ws/install/panda_controller/lib'
[9.167s] Level 1:colcon.colcon_core.environment:checking '/home/ishman/panda_ws/install/panda_controller/bin'
[9.167s] Level 1:colcon.colcon_core.environment:checking '/home/ishman/panda_ws/install/panda_controller/lib/pkgconfig/panda_controller.pc'
[9.167s] Level 1:colcon.colcon_core.environment:checking '/home/ishman/panda_ws/install/panda_controller/lib/python3.10/site-packages'
[9.167s] Level 1:colcon.colcon_core.environment:checking '/home/ishman/panda_ws/install/panda_controller/bin'
[9.168s] INFO:colcon.colcon_core.shell:Creating package script '/home/ishman/panda_ws/install/panda_controller/share/panda_controller/package.ps1'
[9.168s] INFO:colcon.colcon_core.shell:Creating package descriptor '/home/ishman/panda_ws/install/panda_controller/share/panda_controller/package.dsv'
[9.169s] INFO:colcon.colcon_core.shell:Creating package script '/home/ishman/panda_ws/install/panda_controller/share/panda_controller/package.sh'
[9.169s] INFO:colcon.colcon_core.shell:Creating package script '/home/ishman/panda_ws/install/panda_controller/share/panda_controller/package.bash'
[9.169s] INFO:colcon.colcon_core.shell:Creating package script '/home/ishman/panda_ws/install/panda_controller/share/panda_controller/package.zsh'
[9.169s] Level 1:colcon.colcon_core.environment:create_file_with_runtime_dependencies(/home/ishman/panda_ws/install/panda_controller/share/colcon-core/packages/panda_controller)
[9.169s] DEBUG:colcon.colcon_parallel_executor.executor.parallel:closing loop
[9.169s] DEBUG:colcon.colcon_parallel_executor.executor.parallel:loop closed
[9.169s] DEBUG:colcon.colcon_parallel_executor.executor.parallel:run_until_complete finished with '0'
[9.170s] DEBUG:colcon.colcon_core.event_reactor:joining thread
[9.215s] INFO:colcon.colcon_core.plugin_system:Skipping extension 'colcon_notification.desktop_notification.notify_send': Could not find 'notify-send'
[9.215s] INFO:colcon.colcon_core.plugin_system:Skipping extension 'colcon_notification.desktop_notification.terminal_notifier': Not used on non-Darwin systems
[9.216s] INFO:colcon.colcon_core.plugin_system:Skipping extension 'colcon_notification.desktop_notification.win32': Not used on non-Windows systems
[9.216s] INFO:colcon.colcon_notification.desktop_notification:Sending desktop notification using 'notify2'
[9.216s] DEBUG:colcon.colcon_notification.desktop_notification.notify2:Failed to initialize notify2: org.freedesktop.DBus.Error.FileNotFound: Failed to connect to socket /run/user/1000/bus: No such file or directory
[9.216s] DEBUG:colcon.colcon_core.event_reactor:joined thread
[9.216s] INFO:colcon.colcon_core.shell:Creating prefix script '/home/ishman/panda_ws/install/local_setup.ps1'
[9.217s] INFO:colcon.colcon_core.shell:Creating prefix util module '/home/ishman/panda_ws/install/_local_setup_util_ps1.py'
[9.217s] INFO:colcon.colcon_core.shell:Creating prefix chain script '/home/ishman/panda_ws/install/setup.ps1'
[9.218s] INFO:colcon.colcon_core.shell:Creating prefix script '/home/ishman/panda_ws/install/local_setup.sh'
[9.218s] INFO:colcon.colcon_core.shell:Creating prefix util module '/home/ishman/panda_ws/install/_local_setup_util_sh.py'
[9.218s] INFO:colcon.colcon_core.shell:Creating prefix chain script '/home/ishman/panda_ws/install/setup.sh'
[9.219s] INFO:colcon.colcon_core.shell:Creating prefix script '/home/ishman/panda_ws/install/local_setup.bash'
[9.219s] INFO:colcon.colcon_core.shell:Creating prefix chain script '/home/ishman/panda_ws/install/setup.bash'
[9.219s] INFO:colcon.colcon_core.shell:Creating prefix script '/home/ishman/panda_ws/install/local_setup.zsh'
[9.220s] INFO:colcon.colcon_core.shell:Creating prefix chain script '/home/ishman/panda_ws/install/setup.zsh'
