-- Install configuration: ""
-- Up-to-date: /home/ishman/panda_ws/install/panda_moveit/share/panda_moveit/launch
-- Up-to-date: /home/ishman/panda_ws/install/panda_moveit/share/panda_moveit/launch/moveit.launch.py
-- Up-to-date: /home/ishman/panda_ws/install/panda_moveit/share/panda_moveit/config
-- Up-to-date: /home/ishman/panda_ws/install/panda_moveit/share/panda_moveit/config/pilz_cartesian_limits.yaml
-- Up-to-date: /home/ishman/panda_ws/install/panda_moveit/share/panda_moveit/config/kinematics.yaml
-- Up-to-date: /home/ishman/panda_ws/install/panda_moveit/share/panda_moveit/config/panda.srdf
-- Up-to-date: /home/ishman/panda_ws/install/panda_moveit/share/panda_moveit/config/joint_limits.yaml
-- Up-to-date: /home/ishman/panda_ws/install/panda_moveit/share/panda_moveit/config/moveit_controllers.yaml
-- Up-to-date: /home/ishman/panda_ws/install/panda_moveit/share/panda_moveit/config/initial_positions.yaml
-- Up-to-date: /home/ishman/panda_ws/install/panda_moveit/share/panda_moveit/config/planning_python_api.yaml
-- Up-to-date: /home/ishman/panda_ws/install/panda_moveit/share/panda_moveit/rviz
-- Up-to-date: /home/ishman/panda_ws/install/panda_moveit/share/panda_moveit/rviz/moveit.rviz
-- Up-to-date: /home/ishman/panda_ws/install/panda_moveit/share/ament_index/resource_index/package_run_dependencies/panda_moveit
-- Up-to-date: /home/ishman/panda_ws/install/panda_moveit/share/ament_index/resource_index/parent_prefix_path/panda_moveit
-- Up-to-date: /home/ishman/panda_ws/install/panda_moveit/share/panda_moveit/environment/ament_prefix_path.sh
-- Up-to-date: /home/ishman/panda_ws/install/panda_moveit/share/panda_moveit/environment/ament_prefix_path.dsv
-- Up-to-date: /home/ishman/panda_ws/install/panda_moveit/share/panda_moveit/environment/path.sh
-- Up-to-date: /home/ishman/panda_ws/install/panda_moveit/share/panda_moveit/environment/path.dsv
-- Up-to-date: /home/ishman/panda_ws/install/panda_moveit/share/panda_moveit/local_setup.bash
-- Up-to-date: /home/ishman/panda_ws/install/panda_moveit/share/panda_moveit/local_setup.sh
-- Up-to-date: /home/ishman/panda_ws/install/panda_moveit/share/panda_moveit/local_setup.zsh
-- Up-to-date: /home/ishman/panda_ws/install/panda_moveit/share/panda_moveit/local_setup.dsv
-- Installing: /home/ishman/panda_ws/install/panda_moveit/share/panda_moveit/package.dsv
-- Up-to-date: /home/ishman/panda_ws/install/panda_moveit/share/ament_index/resource_index/packages/panda_moveit
-- Up-to-date: /home/ishman/panda_ws/install/panda_moveit/share/panda_moveit/cmake/panda_moveitConfig.cmake
-- Up-to-date: /home/ishman/panda_ws/install/panda_moveit/share/panda_moveit/cmake/panda_moveitConfig-version.cmake
-- Up-to-date: /home/ishman/panda_ws/install/panda_moveit/share/panda_moveit/package.xml
