[0.315s] Invoking command in '/home/ishman/panda_ws/build/panda_bringup': AMENT_PREFIX_PATH=/home/ishman/panda_ws/install/panda_vision:/home/ishman/panda_ws/install/panda_bringup:/home/ishman/panda_ws/install/pymoveit2:/home/ishman/panda_ws/install/panda_moveit:/home/ishman/panda_ws/install/panda_controller:/home/ishman/panda_ws/install/panda_description:/opt/ros/humble CMAKE_PREFIX_PATH=/home/ishman/panda_ws/install/panda_moveit:/home/ishman/panda_ws/install/panda_controller:/home/ishman/panda_ws/install/pymoveit2:/home/ishman/panda_ws/install/panda_description:/home/ishman/panda_ws/install/panda_bringup:/home/ishman/panda_ws/install/panda_vision:/opt/ros/humble PYTHONPATH=/home/ishman/panda_ws/install/panda_vision/lib/python3.10/site-packages:/home/ishman/panda_ws/install/pymoveit2/local/lib/python3.10/dist-packages:/home/ishman/panda_ws/install/panda_controller/local/lib/python3.10/dist-packages:/opt/ros/humble/lib/python3.10/site-packages:/opt/ros/humble/local/lib/python3.10/dist-packages /usr/bin/cmake --build /home/ishman/panda_ws/build/panda_bringup -- -j10 -l10
[0.347s] Invoked command in '/home/ishman/panda_ws/build/panda_bringup' returned '0': AMENT_PREFIX_PATH=/home/ishman/panda_ws/install/panda_vision:/home/ishman/panda_ws/install/panda_bringup:/home/ishman/panda_ws/install/pymoveit2:/home/ishman/panda_ws/install/panda_moveit:/home/ishman/panda_ws/install/panda_controller:/home/ishman/panda_ws/install/panda_description:/opt/ros/humble CMAKE_PREFIX_PATH=/home/ishman/panda_ws/install/panda_moveit:/home/ishman/panda_ws/install/panda_controller:/home/ishman/panda_ws/install/pymoveit2:/home/ishman/panda_ws/install/panda_description:/home/ishman/panda_ws/install/panda_bringup:/home/ishman/panda_ws/install/panda_vision:/opt/ros/humble PYTHONPATH=/home/ishman/panda_ws/install/panda_vision/lib/python3.10/site-packages:/home/ishman/panda_ws/install/pymoveit2/local/lib/python3.10/dist-packages:/home/ishman/panda_ws/install/panda_controller/local/lib/python3.10/dist-packages:/opt/ros/humble/lib/python3.10/site-packages:/opt/ros/humble/local/lib/python3.10/dist-packages /usr/bin/cmake --build /home/ishman/panda_ws/build/panda_bringup -- -j10 -l10
[0.349s] Invoking command in '/home/ishman/panda_ws/build/panda_bringup': AMENT_PREFIX_PATH=/home/ishman/panda_ws/install/panda_vision:/home/ishman/panda_ws/install/panda_bringup:/home/ishman/panda_ws/install/pymoveit2:/home/ishman/panda_ws/install/panda_moveit:/home/ishman/panda_ws/install/panda_controller:/home/ishman/panda_ws/install/panda_description:/opt/ros/humble CMAKE_PREFIX_PATH=/home/ishman/panda_ws/install/panda_moveit:/home/ishman/panda_ws/install/panda_controller:/home/ishman/panda_ws/install/pymoveit2:/home/ishman/panda_ws/install/panda_description:/home/ishman/panda_ws/install/panda_bringup:/home/ishman/panda_ws/install/panda_vision:/opt/ros/humble PYTHONPATH=/home/ishman/panda_ws/install/panda_vision/lib/python3.10/site-packages:/home/ishman/panda_ws/install/pymoveit2/local/lib/python3.10/dist-packages:/home/ishman/panda_ws/install/panda_controller/local/lib/python3.10/dist-packages:/opt/ros/humble/lib/python3.10/site-packages:/opt/ros/humble/local/lib/python3.10/dist-packages /usr/bin/cmake --install /home/ishman/panda_ws/build/panda_bringup
[0.354s] -- Install configuration: ""
[0.355s] -- Up-to-date: /home/ishman/panda_ws/install/panda_bringup/share/panda_bringup/launch
[0.355s] -- Up-to-date: /home/ishman/panda_ws/install/panda_bringup/share/panda_bringup/launch/pick_and_place.launch.py
[0.355s] -- Up-to-date: /home/ishman/panda_ws/install/panda_bringup/share/ament_index/resource_index/package_run_dependencies/panda_bringup
[0.355s] -- Up-to-date: /home/ishman/panda_ws/install/panda_bringup/share/ament_index/resource_index/parent_prefix_path/panda_bringup
[0.355s] -- Up-to-date: /home/ishman/panda_ws/install/panda_bringup/share/panda_bringup/environment/ament_prefix_path.sh
[0.355s] -- Up-to-date: /home/ishman/panda_ws/install/panda_bringup/share/panda_bringup/environment/ament_prefix_path.dsv
[0.355s] -- Up-to-date: /home/ishman/panda_ws/install/panda_bringup/share/panda_bringup/environment/path.sh
[0.355s] -- Up-to-date: /home/ishman/panda_ws/install/panda_bringup/share/panda_bringup/environment/path.dsv
[0.355s] -- Up-to-date: /home/ishman/panda_ws/install/panda_bringup/share/panda_bringup/local_setup.bash
[0.355s] -- Up-to-date: /home/ishman/panda_ws/install/panda_bringup/share/panda_bringup/local_setup.sh
[0.355s] -- Up-to-date: /home/ishman/panda_ws/install/panda_bringup/share/panda_bringup/local_setup.zsh
[0.355s] -- Up-to-date: /home/ishman/panda_ws/install/panda_bringup/share/panda_bringup/local_setup.dsv
[0.356s] -- Installing: /home/ishman/panda_ws/install/panda_bringup/share/panda_bringup/package.dsv
[0.356s] -- Up-to-date: /home/ishman/panda_ws/install/panda_bringup/share/ament_index/resource_index/packages/panda_bringup
[0.356s] -- Up-to-date: /home/ishman/panda_ws/install/panda_bringup/share/panda_bringup/cmake/panda_bringupConfig.cmake
[0.356s] -- Up-to-date: /home/ishman/panda_ws/install/panda_bringup/share/panda_bringup/cmake/panda_bringupConfig-version.cmake
[0.356s] -- Up-to-date: /home/ishman/panda_ws/install/panda_bringup/share/panda_bringup/package.xml
[0.358s] Invoked command in '/home/ishman/panda_ws/build/panda_bringup' returned '0': AMENT_PREFIX_PATH=/home/ishman/panda_ws/install/panda_vision:/home/ishman/panda_ws/install/panda_bringup:/home/ishman/panda_ws/install/pymoveit2:/home/ishman/panda_ws/install/panda_moveit:/home/ishman/panda_ws/install/panda_controller:/home/ishman/panda_ws/install/panda_description:/opt/ros/humble CMAKE_PREFIX_PATH=/home/ishman/panda_ws/install/panda_moveit:/home/ishman/panda_ws/install/panda_controller:/home/ishman/panda_ws/install/pymoveit2:/home/ishman/panda_ws/install/panda_description:/home/ishman/panda_ws/install/panda_bringup:/home/ishman/panda_ws/install/panda_vision:/opt/ros/humble PYTHONPATH=/home/ishman/panda_ws/install/panda_vision/lib/python3.10/site-packages:/home/ishman/panda_ws/install/pymoveit2/local/lib/python3.10/dist-packages:/home/ishman/panda_ws/install/panda_controller/local/lib/python3.10/dist-packages:/opt/ros/humble/lib/python3.10/site-packages:/opt/ros/humble/local/lib/python3.10/dist-packages /usr/bin/cmake --install /home/ishman/panda_ws/build/panda_bringup
