[0.027s] Invoking command in '/home/ishman/panda_ws/build/panda_moveit': CMAKE_PREFIX_PATH=/home/ishman/panda_ws/install/panda_description:/home/ishman/panda_ws/install/panda_bringup:/home/ishman/panda_ws/install/pymoveit2:/home/ishman/panda_ws/install/panda_moveit:/home/ishman/panda_ws/install/panda_controller:/home/ishman/panda_ws/install/panda_vision:/opt/ros/humble /usr/bin/cmake --build /home/ishman/panda_ws/build/panda_moveit -- -j10 -l10
[0.060s] Invoked command in '/home/ishman/panda_ws/build/panda_moveit' returned '0': CMAKE_PREFIX_PATH=/home/ishman/panda_ws/install/panda_description:/home/ishman/panda_ws/install/panda_bringup:/home/ishman/panda_ws/install/pymoveit2:/home/ishman/panda_ws/install/panda_moveit:/home/ishman/panda_ws/install/panda_controller:/home/ishman/panda_ws/install/panda_vision:/opt/ros/humble /usr/bin/cmake --build /home/ishman/panda_ws/build/panda_moveit -- -j10 -l10
[0.065s] Invoking command in '/home/ishman/panda_ws/build/panda_moveit': CMAKE_PREFIX_PATH=/home/ishman/panda_ws/install/panda_description:/home/ishman/panda_ws/install/panda_bringup:/home/ishman/panda_ws/install/pymoveit2:/home/ishman/panda_ws/install/panda_moveit:/home/ishman/panda_ws/install/panda_controller:/home/ishman/panda_ws/install/panda_vision:/opt/ros/humble /usr/bin/cmake --install /home/ishman/panda_ws/build/panda_moveit
[0.069s] -- Install configuration: ""
[0.069s] -- Up-to-date: /home/ishman/panda_ws/install/panda_moveit/share/panda_moveit/launch
[0.069s] -- Up-to-date: /home/ishman/panda_ws/install/panda_moveit/share/panda_moveit/launch/moveit.launch.py
[0.070s] -- Up-to-date: /home/ishman/panda_ws/install/panda_moveit/share/panda_moveit/config
[0.071s] -- Up-to-date: /home/ishman/panda_ws/install/panda_moveit/share/panda_moveit/config/pilz_cartesian_limits.yaml
[0.071s] -- Up-to-date: /home/ishman/panda_ws/install/panda_moveit/share/panda_moveit/config/kinematics.yaml
[0.071s] -- Up-to-date: /home/ishman/panda_ws/install/panda_moveit/share/panda_moveit/config/panda.srdf
[0.071s] -- Up-to-date: /home/ishman/panda_ws/install/panda_moveit/share/panda_moveit/config/joint_limits.yaml
[0.071s] -- Up-to-date: /home/ishman/panda_ws/install/panda_moveit/share/panda_moveit/config/moveit_controllers.yaml
[0.071s] -- Up-to-date: /home/ishman/panda_ws/install/panda_moveit/share/panda_moveit/config/initial_positions.yaml
[0.071s] -- Up-to-date: /home/ishman/panda_ws/install/panda_moveit/share/panda_moveit/config/planning_python_api.yaml
[0.071s] -- Up-to-date: /home/ishman/panda_ws/install/panda_moveit/share/panda_moveit/rviz
[0.071s] -- Up-to-date: /home/ishman/panda_ws/install/panda_moveit/share/panda_moveit/rviz/moveit.rviz
[0.071s] -- Up-to-date: /home/ishman/panda_ws/install/panda_moveit/share/ament_index/resource_index/package_run_dependencies/panda_moveit
[0.071s] -- Up-to-date: /home/ishman/panda_ws/install/panda_moveit/share/ament_index/resource_index/parent_prefix_path/panda_moveit
[0.071s] -- Up-to-date: /home/ishman/panda_ws/install/panda_moveit/share/panda_moveit/environment/ament_prefix_path.sh
[0.071s] -- Up-to-date: /home/ishman/panda_ws/install/panda_moveit/share/panda_moveit/environment/ament_prefix_path.dsv
[0.071s] -- Up-to-date: /home/ishman/panda_ws/install/panda_moveit/share/panda_moveit/environment/path.sh
[0.071s] -- Up-to-date: /home/ishman/panda_ws/install/panda_moveit/share/panda_moveit/environment/path.dsv
[0.072s] -- Up-to-date: /home/ishman/panda_ws/install/panda_moveit/share/panda_moveit/local_setup.bash
[0.072s] -- Up-to-date: /home/ishman/panda_ws/install/panda_moveit/share/panda_moveit/local_setup.sh
[0.072s] -- Up-to-date: /home/ishman/panda_ws/install/panda_moveit/share/panda_moveit/local_setup.zsh
[0.072s] -- Up-to-date: /home/ishman/panda_ws/install/panda_moveit/share/panda_moveit/local_setup.dsv
[0.072s] -- Installing: /home/ishman/panda_ws/install/panda_moveit/share/panda_moveit/package.dsv
[0.073s] -- Up-to-date: /home/ishman/panda_ws/install/panda_moveit/share/ament_index/resource_index/packages/panda_moveit
[0.073s] -- Up-to-date: /home/ishman/panda_ws/install/panda_moveit/share/panda_moveit/cmake/panda_moveitConfig.cmake
[0.073s] -- Up-to-date: /home/ishman/panda_ws/install/panda_moveit/share/panda_moveit/cmake/panda_moveitConfig-version.cmake
[0.073s] -- Up-to-date: /home/ishman/panda_ws/install/panda_moveit/share/panda_moveit/package.xml
[0.075s] Invoked command in '/home/ishman/panda_ws/build/panda_moveit' returned '0': CMAKE_PREFIX_PATH=/home/ishman/panda_ws/install/panda_description:/home/ishman/panda_ws/install/panda_bringup:/home/ishman/panda_ws/install/pymoveit2:/home/ishman/panda_ws/install/panda_moveit:/home/ishman/panda_ws/install/panda_controller:/home/ishman/panda_ws/install/panda_vision:/opt/ros/humble /usr/bin/cmake --install /home/ishman/panda_ws/build/panda_moveit
