running egg_info
creating ../../build/panda_vision/panda_vision.egg-info
writing ../../build/panda_vision/panda_vision.egg-info/PKG-INFO
writing dependency_links to ../../build/panda_vision/panda_vision.egg-info/dependency_links.txt
writing entry points to ../../build/panda_vision/panda_vision.egg-info/entry_points.txt
writing requirements to ../../build/panda_vision/panda_vision.egg-info/requires.txt
writing top-level names to ../../build/panda_vision/panda_vision.egg-info/top_level.txt
writing manifest file '../../build/panda_vision/panda_vision.egg-info/SOURCES.txt'
reading manifest file '../../build/panda_vision/panda_vision.egg-info/SOURCES.txt'
writing manifest file '../../build/panda_vision/panda_vision.egg-info/SOURCES.txt'
running build
running build_py
creating /home/ishman/panda_ws/build/panda_vision/build
creating /home/ishman/panda_ws/build/panda_vision/build/lib
creating /home/ishman/panda_ws/build/panda_vision/build/lib/panda_vision
copying panda_vision/colour_detector.py -> /home/ishman/panda_ws/build/panda_vision/build/lib/panda_vision
copying panda_vision/__init__.py -> /home/ishman/panda_ws/build/panda_vision/build/lib/panda_vision
running install
running install_lib
creating /home/ishman/panda_ws/install/panda_vision/lib/python3.10/site-packages/panda_vision
copying /home/ishman/panda_ws/build/panda_vision/build/lib/panda_vision/colour_detector.py -> /home/ishman/panda_ws/install/panda_vision/lib/python3.10/site-packages/panda_vision
copying /home/ishman/panda_ws/build/panda_vision/build/lib/panda_vision/__init__.py -> /home/ishman/panda_ws/install/panda_vision/lib/python3.10/site-packages/panda_vision
byte-compiling /home/ishman/panda_ws/install/panda_vision/lib/python3.10/site-packages/panda_vision/colour_detector.py to colour_detector.cpython-310.pyc
byte-compiling /home/ishman/panda_ws/install/panda_vision/lib/python3.10/site-packages/panda_vision/__init__.py to __init__.cpython-310.pyc
running install_data
creating /home/ishman/panda_ws/install/panda_vision/share/ament_index
creating /home/ishman/panda_ws/install/panda_vision/share/ament_index/resource_index
creating /home/ishman/panda_ws/install/panda_vision/share/ament_index/resource_index/packages
copying resource/panda_vision -> /home/ishman/panda_ws/install/panda_vision/share/ament_index/resource_index/packages
copying package.xml -> /home/ishman/panda_ws/install/panda_vision/share/panda_vision
running install_egg_info
Copying ../../build/panda_vision/panda_vision.egg-info to /home/ishman/panda_ws/install/panda_vision/lib/python3.10/site-packages/panda_vision-0.0.0-py3.10.egg-info
running install_scripts
Installing color_detector script to /home/ishman/panda_ws/install/panda_vision/lib/panda_vision
writing list of installed files to '/home/ishman/panda_ws/build/panda_vision/install.log'
