[0.798s] Invoking command in '/home/ishman/panda_ws/src/panda_vision': PYTHONPATH=/home/ishman/panda_ws/build/panda_vision/prefix_override:/usr/lib/python3/dist-packages/colcon_core/task/python/colcon_distutils_commands:/home/ishman/panda_ws/install/panda_vision/lib/python3.10/site-packages:${PYTHONPATH} /usr/bin/python3 -W ignore:setup.py install is deprecated -W ignore:easy_install command is deprecated setup.py egg_info --egg-base ../../build/panda_vision build --build-base /home/ishman/panda_ws/build/panda_vision/build install --record /home/ishman/panda_ws/build/panda_vision/install.log --single-version-externally-managed install_data
[0.954s] running egg_info
[0.955s] creating ../../build/panda_vision/panda_vision.egg-info
[0.956s] writing ../../build/panda_vision/panda_vision.egg-info/PKG-INFO
[0.956s] writing dependency_links to ../../build/panda_vision/panda_vision.egg-info/dependency_links.txt
[0.956s] writing entry points to ../../build/panda_vision/panda_vision.egg-info/entry_points.txt
[0.961s] writing requirements to ../../build/panda_vision/panda_vision.egg-info/requires.txt
[0.961s] writing top-level names to ../../build/panda_vision/panda_vision.egg-info/top_level.txt
[0.961s] writing manifest file '../../build/panda_vision/panda_vision.egg-info/SOURCES.txt'
[0.961s] reading manifest file '../../build/panda_vision/panda_vision.egg-info/SOURCES.txt'
[0.961s] writing manifest file '../../build/panda_vision/panda_vision.egg-info/SOURCES.txt'
[0.961s] running build
[0.961s] running build_py
[0.961s] creating /home/ishman/panda_ws/build/panda_vision/build
[0.961s] creating /home/ishman/panda_ws/build/panda_vision/build/lib
[0.961s] creating /home/ishman/panda_ws/build/panda_vision/build/lib/panda_vision
[0.962s] copying panda_vision/colour_detector.py -> /home/ishman/panda_ws/build/panda_vision/build/lib/panda_vision
[0.968s] copying panda_vision/__init__.py -> /home/ishman/panda_ws/build/panda_vision/build/lib/panda_vision
[0.968s] running install
[0.969s] running install_lib
[0.969s] creating /home/ishman/panda_ws/install/panda_vision/lib/python3.10/site-packages/panda_vision
[0.969s] copying /home/ishman/panda_ws/build/panda_vision/build/lib/panda_vision/colour_detector.py -> /home/ishman/panda_ws/install/panda_vision/lib/python3.10/site-packages/panda_vision
[0.969s] copying /home/ishman/panda_ws/build/panda_vision/build/lib/panda_vision/__init__.py -> /home/ishman/panda_ws/install/panda_vision/lib/python3.10/site-packages/panda_vision
[0.969s] byte-compiling /home/ishman/panda_ws/install/panda_vision/lib/python3.10/site-packages/panda_vision/colour_detector.py to colour_detector.cpython-310.pyc
[0.969s] byte-compiling /home/ishman/panda_ws/install/panda_vision/lib/python3.10/site-packages/panda_vision/__init__.py to __init__.cpython-310.pyc
[0.969s] running install_data
[0.969s] creating /home/ishman/panda_ws/install/panda_vision/share/ament_index
[0.970s] creating /home/ishman/panda_ws/install/panda_vision/share/ament_index/resource_index
[0.970s] creating /home/ishman/panda_ws/install/panda_vision/share/ament_index/resource_index/packages
[0.970s] copying resource/panda_vision -> /home/ishman/panda_ws/install/panda_vision/share/ament_index/resource_index/packages
[0.970s] copying package.xml -> /home/ishman/panda_ws/install/panda_vision/share/panda_vision
[0.970s] running install_egg_info
[0.971s] Copying ../../build/panda_vision/panda_vision.egg-info to /home/ishman/panda_ws/install/panda_vision/lib/python3.10/site-packages/panda_vision-0.0.0-py3.10.egg-info
[0.973s] running install_scripts
[0.990s] Installing color_detector script to /home/ishman/panda_ws/install/panda_vision/lib/panda_vision
[0.990s] writing list of installed files to '/home/ishman/panda_ws/build/panda_vision/install.log'
[1.007s] Invoked command in '/home/ishman/panda_ws/src/panda_vision' returned '0': PYTHONPATH=/home/ishman/panda_ws/build/panda_vision/prefix_override:/usr/lib/python3/dist-packages/colcon_core/task/python/colcon_distutils_commands:/home/ishman/panda_ws/install/panda_vision/lib/python3.10/site-packages:${PYTHONPATH} /usr/bin/python3 -W ignore:setup.py install is deprecated -W ignore:easy_install command is deprecated setup.py egg_info --egg-base ../../build/panda_vision build --build-base /home/ishman/panda_ws/build/panda_vision/build install --record /home/ishman/panda_ws/build/panda_vision/install.log --single-version-externally-managed install_data
