[0.034s] Invoking command in '/home/ishman/panda_ws/build/panda_controller': CMAKE_PREFIX_PATH=/home/ishman/panda_ws/install/panda_description:/home/ishman/panda_ws/install/panda_moveit:/home/ishman/panda_ws/install/panda_controller:/home/ishman/panda_ws/install/panda_vision:/opt/ros/humble /usr/bin/cmake --build /home/ishman/panda_ws/build/panda_controller -- -j10 -l10
[0.089s] Built target ament_cmake_python_symlink_panda_controller
[0.234s] running egg_info
[0.235s] writing panda_controller.egg-info/PKG-INFO
[0.235s] writing dependency_links to panda_controller.egg-info/dependency_links.txt
[0.235s] writing top-level names to panda_controller.egg-info/top_level.txt
[0.236s] reading manifest file 'panda_controller.egg-info/SOURCES.txt'
[0.238s] writing manifest file 'panda_controller.egg-info/SOURCES.txt'
[0.257s] Built target ament_cmake_python_build_panda_controller_egg
[0.264s] Invoked command in '/home/ishman/panda_ws/build/panda_controller' returned '0': CMAKE_PREFIX_PATH=/home/ishman/panda_ws/install/panda_description:/home/ishman/panda_ws/install/panda_moveit:/home/ishman/panda_ws/install/panda_controller:/home/ishman/panda_ws/install/panda_vision:/opt/ros/humble /usr/bin/cmake --build /home/ishman/panda_ws/build/panda_controller -- -j10 -l10
[0.267s] Invoking command in '/home/ishman/panda_ws/build/panda_controller': CMAKE_PREFIX_PATH=/home/ishman/panda_ws/install/panda_description:/home/ishman/panda_ws/install/panda_moveit:/home/ishman/panda_ws/install/panda_controller:/home/ishman/panda_ws/install/panda_vision:/opt/ros/humble /usr/bin/cmake --install /home/ishman/panda_ws/build/panda_controller
[0.271s] -- Install configuration: ""
[0.272s] -- Execute custom install script
[0.272s] -- Up-to-date symlink: /home/ishman/panda_ws/install/panda_controller/share/panda_controller//launch/panda_controller.launch.py
[0.273s] -- Up-to-date symlink: /home/ishman/panda_ws/install/panda_controller/share/panda_controller//launch/slider_controller.launch.py
[0.273s] -- Up-to-date symlink: /home/ishman/panda_ws/install/panda_controller/share/panda_controller//config/panda_controllers.yaml
[0.274s] -- Up-to-date symlink: /home/ishman/panda_ws/install/panda_controller/share/panda_controller/environment/pythonpath.sh
[0.274s] -- Up-to-date symlink: /home/ishman/panda_ws/install/panda_controller/share/panda_controller/environment/pythonpath.dsv
[0.274s] -- Up-to-date symlink: /home/ishman/panda_ws/install/panda_controller/local/lib/python3.10/dist-packages/panda_controller-0.0.0-py3.10.egg-info/PKG-INFO
[0.274s] -- Up-to-date symlink: /home/ishman/panda_ws/install/panda_controller/local/lib/python3.10/dist-packages/panda_controller-0.0.0-py3.10.egg-info/SOURCES.txt
[0.275s] -- Up-to-date symlink: /home/ishman/panda_ws/install/panda_controller/local/lib/python3.10/dist-packages/panda_controller-0.0.0-py3.10.egg-info/dependency_links.txt
[0.275s] -- Up-to-date symlink: /home/ishman/panda_ws/install/panda_controller/local/lib/python3.10/dist-packages/panda_controller-0.0.0-py3.10.egg-info/top_level.txt
[0.276s] -- Up-to-date symlink: /home/ishman/panda_ws/install/panda_controller/local/lib/python3.10/dist-packages/panda_controller/__init__.py
[0.276s] -- Up-to-date symlink: /home/ishman/panda_ws/install/panda_controller/local/lib/python3.10/dist-packages/panda_controller/slider_controller.py
[0.276s] -- Up-to-date symlink: /home/ishman/panda_ws/install/panda_controller/lib/panda_controller/slider_controller.py
[0.276s] -- Up-to-date symlink: /home/ishman/panda_ws/install/panda_controller/share/ament_index/resource_index/package_run_dependencies/panda_controller
[0.277s] -- Up-to-date symlink: /home/ishman/panda_ws/install/panda_controller/share/ament_index/resource_index/parent_prefix_path/panda_controller
[0.277s] -- Up-to-date symlink: /home/ishman/panda_ws/install/panda_controller/share/panda_controller/environment/ament_prefix_path.sh
[0.277s] -- Up-to-date symlink: /home/ishman/panda_ws/install/panda_controller/share/panda_controller/environment/ament_prefix_path.dsv
[0.278s] -- Up-to-date symlink: /home/ishman/panda_ws/install/panda_controller/share/panda_controller/environment/path.sh
[0.278s] -- Up-to-date symlink: /home/ishman/panda_ws/install/panda_controller/share/panda_controller/environment/path.dsv
[0.278s] -- Up-to-date symlink: /home/ishman/panda_ws/install/panda_controller/share/panda_controller/local_setup.bash
[0.279s] -- Up-to-date symlink: /home/ishman/panda_ws/install/panda_controller/share/panda_controller/local_setup.sh
[0.279s] -- Up-to-date symlink: /home/ishman/panda_ws/install/panda_controller/share/panda_controller/local_setup.zsh
[0.279s] -- Up-to-date symlink: /home/ishman/panda_ws/install/panda_controller/share/panda_controller/local_setup.dsv
[0.279s] -- Symlinking: /home/ishman/panda_ws/install/panda_controller/share/panda_controller/package.dsv
[0.287s] -- Up-to-date symlink: /home/ishman/panda_ws/install/panda_controller/share/ament_index/resource_index/packages/panda_controller
[0.287s] -- Up-to-date symlink: /home/ishman/panda_ws/install/panda_controller/share/panda_controller/cmake/panda_controllerConfig.cmake
[0.288s] -- Up-to-date symlink: /home/ishman/panda_ws/install/panda_controller/share/panda_controller/cmake/panda_controllerConfig-version.cmake
[0.288s] -- Up-to-date symlink: /home/ishman/panda_ws/install/panda_controller/share/panda_controller/package.xml
[0.314s] Listing '/home/ishman/panda_ws/install/panda_controller/local/lib/python3.10/dist-packages/panda_controller'...
[0.321s] Invoked command in '/home/ishman/panda_ws/build/panda_controller' returned '0': CMAKE_PREFIX_PATH=/home/ishman/panda_ws/install/panda_description:/home/ishman/panda_ws/install/panda_moveit:/home/ishman/panda_ws/install/panda_controller:/home/ishman/panda_ws/install/panda_vision:/opt/ros/humble /usr/bin/cmake --install /home/ishman/panda_ws/build/panda_controller
