[0.052s] Invoking command in '/home/ishman/panda_ws/src/build/panda_controller': AMENT_PREFIX_PATH=/home/ishman/panda_ws/src/install/panda_description:${AMENT_PREFIX_PATH} CMAKE_PREFIX_PATH=/home/ishman/panda_ws/src/install/panda_description:/home/ishman/panda_ws/install/panda_controller:/home/ishman/panda_ws/install/panda_description:/opt/ros/humble /usr/bin/cmake /home/ishman/panda_ws/src/panda_controller -DCMAKE_INSTALL_PREFIX=/home/ishman/panda_ws/src/install/panda_controller
[0.198s] -- The C compiler identification is GNU 11.4.0
[0.663s] -- The CXX compiler identification is GNU 11.4.0
[0.972s] -- Detecting C compiler ABI info
[1.116s] -- Detecting C compiler ABI info - done
[1.119s] -- Check for working C compiler: /usr/bin/cc - skipped
[1.120s] -- Detecting C compile features
[1.120s] -- Detecting C compile features - done
[1.127s] -- Detecting CXX compiler ABI info
[1.309s] -- Detecting CXX compiler ABI info - done
[1.315s] -- Check for working CXX compiler: /usr/bin/c++ - skipped
[1.316s] -- Detecting CXX compile features
[1.316s] -- Detecting CXX compile features - done
[1.316s] -- Found ament_cmake: 1.3.12 (/opt/ros/humble/share/ament_cmake/cmake)
[1.500s] -- Found Python3: /usr/bin/python3 (found version "3.10.12") found components: Interpreter 
[1.634s] -- Found rclpy: 3.3.19 (/opt/ros/humble/share/rclpy/cmake)
[1.638s] -- Found sensor_msgs: 4.9.0 (/opt/ros/humble/share/sensor_msgs/cmake)
[1.845s] -- Found rosidl_generator_c: 3.1.8 (/opt/ros/humble/share/rosidl_generator_c/cmake)
[1.857s] -- Found rosidl_adapter: 3.1.8 (/opt/ros/humble/share/rosidl_adapter/cmake)
[1.887s] -- Found rosidl_generator_cpp: 3.1.8 (/opt/ros/humble/share/rosidl_generator_cpp/cmake)
[1.938s] -- Using all available rosidl_typesupport_c: rosidl_typesupport_fastrtps_c;rosidl_typesupport_introspection_c
[1.972s] -- Using all available rosidl_typesupport_cpp: rosidl_typesupport_fastrtps_cpp;rosidl_typesupport_introspection_cpp
[2.102s] -- Found trajectory_msgs: 4.9.0 (/opt/ros/humble/share/trajectory_msgs/cmake)
[2.119s] -- Found control_msgs: 4.8.0 (/opt/ros/humble/share/control_msgs/cmake)
[2.215s] -- Found controller_manager: 2.53.0 (/opt/ros/humble/share/controller_manager/cmake)
[3.891s] -- Found rmw_implementation_cmake: 6.1.2 (/opt/ros/humble/share/rmw_implementation_cmake/cmake)
[3.896s] -- Found rmw_fastrtps_cpp: 6.2.9 (/opt/ros/humble/share/rmw_fastrtps_cpp/cmake)
[3.954s] -- Found TinyXML2 via Config file: TinyXML2_DIR-NOTFOUND
[4.055s] -- Found OpenSSL: /usr/lib/aarch64-linux-gnu/libcrypto.so (found version "3.0.2")  
[4.063s] -- Found TinyXML2 via Config file: TinyXML2_DIR-NOTFOUND
[4.223s] -- Found FastRTPS: /opt/ros/humble/include  
[4.233s] -- Found TinyXML2 via Config file: TinyXML2_DIR-NOTFOUND
[4.251s] -- Found TinyXML2 via Config file: TinyXML2_DIR-NOTFOUND
[4.350s] -- Using RMW implementation 'rmw_fastrtps_cpp' as default
[4.391s] -- Looking for pthread.h
[4.568s] -- Looking for pthread.h - found
[4.568s] -- Performing Test CMAKE_HAVE_LIBC_PTHREAD
[4.785s] -- Performing Test CMAKE_HAVE_LIBC_PTHREAD - Success
[4.786s] -- Found Threads: TRUE  
[5.003s] -- Found joint_trajectory_controller: 2.52.0 (/opt/ros/humble/share/joint_trajectory_controller/cmake)
[5.123s] -- Found joint_state_broadcaster: 2.52.0 (/opt/ros/humble/share/joint_state_broadcaster/cmake)
[5.252s] -- Found ament_lint_auto: 0.12.14 (/opt/ros/humble/share/ament_lint_auto/cmake)
[5.395s] -- Added test 'flake8' to check Python code syntax and style conventions
[5.397s] -- Added test 'lint_cmake' to check CMake code style
[5.400s] -- Added test 'pep257' to check Python code against some of the docstring style conventions in PEP 257
[5.403s] -- Added test 'xmllint' to check XML markup files
[5.405s] -- Configuring done
[5.421s] -- Generating done
[5.423s] -- Build files have been written to: /home/ishman/panda_ws/src/build/panda_controller
[5.442s] Invoked command in '/home/ishman/panda_ws/src/build/panda_controller' returned '0': AMENT_PREFIX_PATH=/home/ishman/panda_ws/src/install/panda_description:${AMENT_PREFIX_PATH} CMAKE_PREFIX_PATH=/home/ishman/panda_ws/src/install/panda_description:/home/ishman/panda_ws/install/panda_controller:/home/ishman/panda_ws/install/panda_description:/opt/ros/humble /usr/bin/cmake /home/ishman/panda_ws/src/panda_controller -DCMAKE_INSTALL_PREFIX=/home/ishman/panda_ws/src/install/panda_controller
[5.445s] Invoking command in '/home/ishman/panda_ws/src/build/panda_controller': AMENT_PREFIX_PATH=/home/ishman/panda_ws/src/install/panda_description:${AMENT_PREFIX_PATH} CMAKE_PREFIX_PATH=/home/ishman/panda_ws/src/install/panda_description:/home/ishman/panda_ws/install/panda_controller:/home/ishman/panda_ws/install/panda_description:/opt/ros/humble /usr/bin/cmake --build /home/ishman/panda_ws/src/build/panda_controller -- -j10 -l10
[5.571s] Built target ament_cmake_python_copy_panda_controller
[5.910s] running egg_info
[5.910s] creating panda_controller.egg-info
[5.911s] writing panda_controller.egg-info/PKG-INFO
[5.911s] writing dependency_links to panda_controller.egg-info/dependency_links.txt
[5.911s] writing top-level names to panda_controller.egg-info/top_level.txt
[5.911s] writing manifest file 'panda_controller.egg-info/SOURCES.txt'
[5.912s] reading manifest file 'panda_controller.egg-info/SOURCES.txt'
[5.913s] writing manifest file 'panda_controller.egg-info/SOURCES.txt'
[5.944s] Built target ament_cmake_python_build_panda_controller_egg
[5.964s] Invoked command in '/home/ishman/panda_ws/src/build/panda_controller' returned '0': AMENT_PREFIX_PATH=/home/ishman/panda_ws/src/install/panda_description:${AMENT_PREFIX_PATH} CMAKE_PREFIX_PATH=/home/ishman/panda_ws/src/install/panda_description:/home/ishman/panda_ws/install/panda_controller:/home/ishman/panda_ws/install/panda_description:/opt/ros/humble /usr/bin/cmake --build /home/ishman/panda_ws/src/build/panda_controller -- -j10 -l10
[5.965s] Invoking command in '/home/ishman/panda_ws/src/build/panda_controller': AMENT_PREFIX_PATH=/home/ishman/panda_ws/src/install/panda_description:${AMENT_PREFIX_PATH} CMAKE_PREFIX_PATH=/home/ishman/panda_ws/src/install/panda_description:/home/ishman/panda_ws/install/panda_controller:/home/ishman/panda_ws/install/panda_description:/opt/ros/humble /usr/bin/cmake --install /home/ishman/panda_ws/src/build/panda_controller
[5.971s] -- Install configuration: ""
[5.971s] -- Installing: /home/ishman/panda_ws/src/install/panda_controller/share/panda_controller//launch
[5.974s] -- Installing: /home/ishman/panda_ws/src/install/panda_controller/share/panda_controller//launch/panda_controller.launch.py
[5.976s] -- Installing: /home/ishman/panda_ws/src/install/panda_controller/share/panda_controller//launch/slider_controller.launch.py
[5.976s] -- Installing: /home/ishman/panda_ws/src/install/panda_controller/share/panda_controller//config
[5.977s] -- Installing: /home/ishman/panda_ws/src/install/panda_controller/share/panda_controller//config/panda_controllers.yaml
[5.978s] -- Installing: /home/ishman/panda_ws/src/install/panda_controller/share/panda_controller/environment/pythonpath.sh
[5.978s] -- Installing: /home/ishman/panda_ws/src/install/panda_controller/share/panda_controller/environment/pythonpath.dsv
[5.979s] -- Installing: /home/ishman/panda_ws/src/install/panda_controller/local/lib/python3.10/dist-packages/panda_controller-0.0.0-py3.10.egg-info
[5.983s] -- Installing: /home/ishman/panda_ws/src/install/panda_controller/local/lib/python3.10/dist-packages/panda_controller-0.0.0-py3.10.egg-info/SOURCES.txt
[5.983s] -- Installing: /home/ishman/panda_ws/src/install/panda_controller/local/lib/python3.10/dist-packages/panda_controller-0.0.0-py3.10.egg-info/PKG-INFO
[5.984s] -- Installing: /home/ishman/panda_ws/src/install/panda_controller/local/lib/python3.10/dist-packages/panda_controller-0.0.0-py3.10.egg-info/top_level.txt
[5.984s] -- Installing: /home/ishman/panda_ws/src/install/panda_controller/local/lib/python3.10/dist-packages/panda_controller-0.0.0-py3.10.egg-info/dependency_links.txt
[5.984s] -- Installing: /home/ishman/panda_ws/src/install/panda_controller/local/lib/python3.10/dist-packages/panda_controller
[5.985s] -- Installing: /home/ishman/panda_ws/src/install/panda_controller/local/lib/python3.10/dist-packages/panda_controller/__init__.py
[5.985s] -- Installing: /home/ishman/panda_ws/src/install/panda_controller/local/lib/python3.10/dist-packages/panda_controller/slider_controller.py
[6.038s] Listing '/home/ishman/panda_ws/src/install/panda_controller/local/lib/python3.10/dist-packages/panda_controller'...
[6.038s] Compiling '/home/ishman/panda_ws/src/install/panda_controller/local/lib/python3.10/dist-packages/panda_controller/__init__.py'...
[6.038s] Compiling '/home/ishman/panda_ws/src/install/panda_controller/local/lib/python3.10/dist-packages/panda_controller/slider_controller.py'...
[6.044s] -- Installing: /home/ishman/panda_ws/src/install/panda_controller/lib/panda_controller/slider_controller.py
[6.046s] -- Installing: /home/ishman/panda_ws/src/install/panda_controller/share/ament_index/resource_index/package_run_dependencies/panda_controller
[6.048s] -- Installing: /home/ishman/panda_ws/src/install/panda_controller/share/ament_index/resource_index/parent_prefix_path/panda_controller
[6.048s] -- Installing: /home/ishman/panda_ws/src/install/panda_controller/share/panda_controller/environment/ament_prefix_path.sh
[6.048s] -- Installing: /home/ishman/panda_ws/src/install/panda_controller/share/panda_controller/environment/ament_prefix_path.dsv
[6.049s] -- Installing: /home/ishman/panda_ws/src/install/panda_controller/share/panda_controller/environment/path.sh
[6.049s] -- Installing: /home/ishman/panda_ws/src/install/panda_controller/share/panda_controller/environment/path.dsv
[6.049s] -- Installing: /home/ishman/panda_ws/src/install/panda_controller/share/panda_controller/local_setup.bash
[6.049s] -- Installing: /home/ishman/panda_ws/src/install/panda_controller/share/panda_controller/local_setup.sh
[6.050s] -- Installing: /home/ishman/panda_ws/src/install/panda_controller/share/panda_controller/local_setup.zsh
[6.050s] -- Installing: /home/ishman/panda_ws/src/install/panda_controller/share/panda_controller/local_setup.dsv
[6.050s] -- Installing: /home/ishman/panda_ws/src/install/panda_controller/share/panda_controller/package.dsv
[6.051s] -- Installing: /home/ishman/panda_ws/src/install/panda_controller/share/ament_index/resource_index/packages/panda_controller
[6.053s] -- Installing: /home/ishman/panda_ws/src/install/panda_controller/share/panda_controller/cmake/panda_controllerConfig.cmake
[6.053s] -- Installing: /home/ishman/panda_ws/src/install/panda_controller/share/panda_controller/cmake/panda_controllerConfig-version.cmake
[6.053s] -- Installing: /home/ishman/panda_ws/src/install/panda_controller/share/panda_controller/package.xml
[6.059s] Invoked command in '/home/ishman/panda_ws/src/build/panda_controller' returned '0': AMENT_PREFIX_PATH=/home/ishman/panda_ws/src/install/panda_description:${AMENT_PREFIX_PATH} CMAKE_PREFIX_PATH=/home/ishman/panda_ws/src/install/panda_description:/home/ishman/panda_ws/install/panda_controller:/home/ishman/panda_ws/install/panda_description:/opt/ros/humble /usr/bin/cmake --install /home/ishman/panda_ws/src/build/panda_controller
