[0.277s] Invoking command in '/home/ishman/panda_ws/build/pymoveit2': CMAKE_PREFIX_PATH=${CMAKE_PREFIX_PATH}:/home/ishman/panda_ws/install/panda_vision:/opt/ros/humble /usr/bin/cmake /home/ishman/panda_ws/src/pymoveit2 -DCMAKE_INSTALL_PREFIX=/home/ishman/panda_ws/install/pymoveit2
[0.526s] -- The C compiler identification is GNU 11.4.0
[1.102s] -- The CXX compiler identification is GNU 11.4.0
[1.575s] -- Detecting C compiler ABI info
[1.759s] -- Detecting C compiler ABI info - done
[1.784s] -- Check for working C compiler: /usr/bin/cc - skipped
[1.784s] -- Detecting C compile features
[1.785s] -- Detecting C compile features - done
[1.791s] -- Detecting CXX compiler ABI info
[1.963s] -- Detecting CXX compiler ABI info - done
[1.967s] -- Check for working CXX compiler: /usr/bin/c++ - skipped
[1.967s] -- Detecting CXX compile features
[1.967s] -- Detecting CXX compile features - done
[1.992s] -- Found ament_cmake: 1.3.12 (/opt/ros/humble/share/ament_cmake/cmake)
[2.129s] -- Found Python3: /usr/bin/python3 (found version "3.10.12") found components: Interpreter 
[2.413s] -- Configuring done
[2.421s] -- Generating done
[2.424s] -- Build files have been written to: /home/ishman/panda_ws/build/pymoveit2
[2.430s] Invoked command in '/home/ishman/panda_ws/build/pymoveit2' returned '0': CMAKE_PREFIX_PATH=${CMAKE_PREFIX_PATH}:/home/ishman/panda_ws/install/panda_vision:/opt/ros/humble /usr/bin/cmake /home/ishman/panda_ws/src/pymoveit2 -DCMAKE_INSTALL_PREFIX=/home/ishman/panda_ws/install/pymoveit2
[2.430s] Invoking command in '/home/ishman/panda_ws/build/pymoveit2': CMAKE_PREFIX_PATH=${CMAKE_PREFIX_PATH}:/home/ishman/panda_ws/install/panda_vision:/opt/ros/humble /usr/bin/cmake --build /home/ishman/panda_ws/build/pymoveit2 -- -j10 -l10
[2.501s] Built target ament_cmake_python_copy_pymoveit2
[2.679s] running egg_info
[2.679s] creating pymoveit2.egg-info
[2.679s] writing pymoveit2.egg-info/PKG-INFO
[2.679s] writing dependency_links to pymoveit2.egg-info/dependency_links.txt
[2.679s] writing top-level names to pymoveit2.egg-info/top_level.txt
[2.679s] writing manifest file 'pymoveit2.egg-info/SOURCES.txt'
[2.679s] reading manifest file 'pymoveit2.egg-info/SOURCES.txt'
[2.680s] writing manifest file 'pymoveit2.egg-info/SOURCES.txt'
[2.702s] Built target ament_cmake_python_build_pymoveit2_egg
[2.711s] Invoked command in '/home/ishman/panda_ws/build/pymoveit2' returned '0': CMAKE_PREFIX_PATH=${CMAKE_PREFIX_PATH}:/home/ishman/panda_ws/install/panda_vision:/opt/ros/humble /usr/bin/cmake --build /home/ishman/panda_ws/build/pymoveit2 -- -j10 -l10
[2.713s] Invoking command in '/home/ishman/panda_ws/build/pymoveit2': CMAKE_PREFIX_PATH=${CMAKE_PREFIX_PATH}:/home/ishman/panda_ws/install/panda_vision:/opt/ros/humble /usr/bin/cmake --install /home/ishman/panda_ws/build/pymoveit2
[2.719s] -- Install configuration: ""
[2.719s] -- Installing: /home/ishman/panda_ws/install/pymoveit2/share/pymoveit2/environment/pythonpath.sh
[2.719s] -- Installing: /home/ishman/panda_ws/install/pymoveit2/share/pymoveit2/environment/pythonpath.dsv
[2.719s] -- Installing: /home/ishman/panda_ws/install/pymoveit2/local/lib/python3.10/dist-packages/pymoveit2-4.2.0-py3.10.egg-info
[2.723s] -- Installing: /home/ishman/panda_ws/install/pymoveit2/local/lib/python3.10/dist-packages/pymoveit2-4.2.0-py3.10.egg-info/SOURCES.txt
[2.723s] -- Installing: /home/ishman/panda_ws/install/pymoveit2/local/lib/python3.10/dist-packages/pymoveit2-4.2.0-py3.10.egg-info/PKG-INFO
[2.723s] -- Installing: /home/ishman/panda_ws/install/pymoveit2/local/lib/python3.10/dist-packages/pymoveit2-4.2.0-py3.10.egg-info/top_level.txt
[2.723s] -- Installing: /home/ishman/panda_ws/install/pymoveit2/local/lib/python3.10/dist-packages/pymoveit2-4.2.0-py3.10.egg-info/dependency_links.txt
[2.723s] -- Installing: /home/ishman/panda_ws/install/pymoveit2/local/lib/python3.10/dist-packages/pymoveit2
[2.723s] -- Installing: /home/ishman/panda_ws/install/pymoveit2/local/lib/python3.10/dist-packages/pymoveit2/moveit2.py
[2.723s] -- Installing: /home/ishman/panda_ws/install/pymoveit2/local/lib/python3.10/dist-packages/pymoveit2/gripper_interface.py
[2.723s] -- Installing: /home/ishman/panda_ws/install/pymoveit2/local/lib/python3.10/dist-packages/pymoveit2/gripper_command.py
[2.723s] -- Installing: /home/ishman/panda_ws/install/pymoveit2/local/lib/python3.10/dist-packages/pymoveit2/__init__.py
[2.724s] -- Installing: /home/ishman/panda_ws/install/pymoveit2/local/lib/python3.10/dist-packages/pymoveit2/moveit2_gripper.py
[2.724s] -- Installing: /home/ishman/panda_ws/install/pymoveit2/local/lib/python3.10/dist-packages/pymoveit2/robots
[2.724s] -- Installing: /home/ishman/panda_ws/install/pymoveit2/local/lib/python3.10/dist-packages/pymoveit2/robots/lbr.py
[2.724s] -- Installing: /home/ishman/panda_ws/install/pymoveit2/local/lib/python3.10/dist-packages/pymoveit2/robots/panda.py
[2.724s] -- Installing: /home/ishman/panda_ws/install/pymoveit2/local/lib/python3.10/dist-packages/pymoveit2/robots/kinova.py
[2.724s] -- Installing: /home/ishman/panda_ws/install/pymoveit2/local/lib/python3.10/dist-packages/pymoveit2/robots/crane_x7.py
[2.724s] -- Installing: /home/ishman/panda_ws/install/pymoveit2/local/lib/python3.10/dist-packages/pymoveit2/robots/ur.py
[2.724s] -- Installing: /home/ishman/panda_ws/install/pymoveit2/local/lib/python3.10/dist-packages/pymoveit2/robots/__init__.py
[2.724s] -- Installing: /home/ishman/panda_ws/install/pymoveit2/local/lib/python3.10/dist-packages/pymoveit2/robots/phantomx_pincher.py
[2.724s] -- Installing: /home/ishman/panda_ws/install/pymoveit2/local/lib/python3.10/dist-packages/pymoveit2/moveit2_servo.py
[2.724s] -- Installing: /home/ishman/panda_ws/install/pymoveit2/local/lib/python3.10/dist-packages/pymoveit2/utils.py
[2.760s] Listing '/home/ishman/panda_ws/install/pymoveit2/local/lib/python3.10/dist-packages/pymoveit2'...
[2.760s] Compiling '/home/ishman/panda_ws/install/pymoveit2/local/lib/python3.10/dist-packages/pymoveit2/__init__.py'...
[2.760s] Compiling '/home/ishman/panda_ws/install/pymoveit2/local/lib/python3.10/dist-packages/pymoveit2/gripper_command.py'...
[2.760s] Compiling '/home/ishman/panda_ws/install/pymoveit2/local/lib/python3.10/dist-packages/pymoveit2/gripper_interface.py'...
[2.760s] Compiling '/home/ishman/panda_ws/install/pymoveit2/local/lib/python3.10/dist-packages/pymoveit2/moveit2.py'...
[2.760s] Compiling '/home/ishman/panda_ws/install/pymoveit2/local/lib/python3.10/dist-packages/pymoveit2/moveit2_gripper.py'...
[2.760s] Compiling '/home/ishman/panda_ws/install/pymoveit2/local/lib/python3.10/dist-packages/pymoveit2/moveit2_servo.py'...
[2.761s] Listing '/home/ishman/panda_ws/install/pymoveit2/local/lib/python3.10/dist-packages/pymoveit2/robots'...
[2.761s] Compiling '/home/ishman/panda_ws/install/pymoveit2/local/lib/python3.10/dist-packages/pymoveit2/robots/__init__.py'...
[2.761s] Compiling '/home/ishman/panda_ws/install/pymoveit2/local/lib/python3.10/dist-packages/pymoveit2/robots/crane_x7.py'...
[2.761s] Compiling '/home/ishman/panda_ws/install/pymoveit2/local/lib/python3.10/dist-packages/pymoveit2/robots/kinova.py'...
[2.761s] Compiling '/home/ishman/panda_ws/install/pymoveit2/local/lib/python3.10/dist-packages/pymoveit2/robots/lbr.py'...
[2.761s] Compiling '/home/ishman/panda_ws/install/pymoveit2/local/lib/python3.10/dist-packages/pymoveit2/robots/panda.py'...
[2.761s] Compiling '/home/ishman/panda_ws/install/pymoveit2/local/lib/python3.10/dist-packages/pymoveit2/robots/phantomx_pincher.py'...
[2.761s] Compiling '/home/ishman/panda_ws/install/pymoveit2/local/lib/python3.10/dist-packages/pymoveit2/robots/ur.py'...
[2.761s] Compiling '/home/ishman/panda_ws/install/pymoveit2/local/lib/python3.10/dist-packages/pymoveit2/utils.py'...
[2.766s] -- Installing: /home/ishman/panda_ws/install/pymoveit2/lib/pymoveit2/ex_allow_collisions.py
[2.767s] -- Installing: /home/ishman/panda_ws/install/pymoveit2/lib/pymoveit2/ex_clear_planning_scene.py
[2.767s] -- Installing: /home/ishman/panda_ws/install/pymoveit2/lib/pymoveit2/ex_collision_mesh.py
[2.768s] -- Installing: /home/ishman/panda_ws/install/pymoveit2/lib/pymoveit2/ex_collision_primitive.py
[2.769s] -- Installing: /home/ishman/panda_ws/install/pymoveit2/lib/pymoveit2/ex_fk.py
[2.769s] -- Installing: /home/ishman/panda_ws/install/pymoveit2/lib/pymoveit2/ex_gripper.py
[2.770s] -- Installing: /home/ishman/panda_ws/install/pymoveit2/lib/pymoveit2/ex_ik.py
[2.770s] -- Installing: /home/ishman/panda_ws/install/pymoveit2/lib/pymoveit2/ex_joint_goal.py
[2.771s] -- Installing: /home/ishman/panda_ws/install/pymoveit2/lib/pymoveit2/ex_orientation_path_constraint.py
[2.773s] -- Installing: /home/ishman/panda_ws/install/pymoveit2/lib/pymoveit2/ex_pose_goal.py
[2.773s] -- Installing: /home/ishman/panda_ws/install/pymoveit2/lib/pymoveit2/ex_servo.py
[2.778s] -- Installing: /home/ishman/panda_ws/install/pymoveit2/share/ament_index/resource_index/package_run_dependencies/pymoveit2
[2.778s] -- Installing: /home/ishman/panda_ws/install/pymoveit2/share/ament_index/resource_index/parent_prefix_path/pymoveit2
[2.778s] -- Installing: /home/ishman/panda_ws/install/pymoveit2/share/pymoveit2/environment/ament_prefix_path.sh
[2.778s] -- Installing: /home/ishman/panda_ws/install/pymoveit2/share/pymoveit2/environment/ament_prefix_path.dsv
[2.779s] -- Installing: /home/ishman/panda_ws/install/pymoveit2/share/pymoveit2/environment/path.sh
[2.779s] -- Installing: /home/ishman/panda_ws/install/pymoveit2/share/pymoveit2/environment/path.dsv
[2.779s] -- Installing: /home/ishman/panda_ws/install/pymoveit2/share/pymoveit2/local_setup.bash
[2.779s] -- Installing: /home/ishman/panda_ws/install/pymoveit2/share/pymoveit2/local_setup.sh
[2.781s] -- Installing: /home/ishman/panda_ws/install/pymoveit2/share/pymoveit2/local_setup.zsh
[2.781s] -- Installing: /home/ishman/panda_ws/install/pymoveit2/share/pymoveit2/local_setup.dsv
[2.781s] -- Installing: /home/ishman/panda_ws/install/pymoveit2/share/pymoveit2/package.dsv
[2.784s] -- Installing: /home/ishman/panda_ws/install/pymoveit2/share/ament_index/resource_index/packages/pymoveit2
[2.784s] -- Installing: /home/ishman/panda_ws/install/pymoveit2/share/pymoveit2/cmake/pymoveit2Config.cmake
[2.784s] -- Installing: /home/ishman/panda_ws/install/pymoveit2/share/pymoveit2/cmake/pymoveit2Config-version.cmake
[2.784s] -- Installing: /home/ishman/panda_ws/install/pymoveit2/share/pymoveit2/package.xml
[2.787s] Invoked command in '/home/ishman/panda_ws/build/pymoveit2' returned '0': CMAKE_PREFIX_PATH=${CMAKE_PREFIX_PATH}:/home/ishman/panda_ws/install/panda_vision:/opt/ros/humble /usr/bin/cmake --install /home/ishman/panda_ws/build/pymoveit2
