-- Found ament_cmake: 1.3.12 (/opt/ros/humble/share/ament_cmake/cmake)
-- Override CMake install command with custom implementation using symlinks instead of copying resources
-- Found rclpy: 3.3.19 (/opt/ros/humble/share/rclpy/cmake)
-- Found sensor_msgs: 4.9.0 (/opt/ros/humble/share/sensor_msgs/cmake)
-- Found rosidl_generator_c: 3.1.8 (/opt/ros/humble/share/rosidl_generator_c/cmake)
-- Found rosidl_adapter: 3.1.8 (/opt/ros/humble/share/rosidl_adapter/cmake)
-- Found rosidl_generator_cpp: 3.1.8 (/opt/ros/humble/share/rosidl_generator_cpp/cmake)
-- Using all available rosidl_typesupport_c: rosidl_typesupport_fastrtps_c;rosidl_typesupport_introspection_c
-- Using all available rosidl_typesupport_cpp: rosidl_typesupport_fastrtps_cpp;rosidl_typesupport_introspection_cpp
-- Found trajectory_msgs: 4.9.0 (/opt/ros/humble/share/trajectory_msgs/cmake)
-- Found control_msgs: 4.8.0 (/opt/ros/humble/share/control_msgs/cmake)
-- Found controller_manager: 2.53.0 (/opt/ros/humble/share/controller_manager/cmake)
-- Found rmw_implementation_cmake: 6.1.2 (/opt/ros/humble/share/rmw_implementation_cmake/cmake)
-- Found rmw_fastrtps_cpp: 6.2.9 (/opt/ros/humble/share/rmw_fastrtps_cpp/cmake)
-- Found TinyXML2 via Config file: TinyXML2_DIR-NOTFOUND
-- Found TinyXML2 via Config file: TinyXML2_DIR-NOTFOUND
-- Found TinyXML2 via Config file: TinyXML2_DIR-NOTFOUND
-- Found TinyXML2 via Config file: TinyXML2_DIR-NOTFOUND
-- Using RMW implementation 'rmw_fastrtps_cpp' as default
-- Found joint_trajectory_controller: 2.52.0 (/opt/ros/humble/share/joint_trajectory_controller/cmake)
-- Found joint_state_broadcaster: 2.52.0 (/opt/ros/humble/share/joint_state_broadcaster/cmake)
-- Found ament_lint_auto: 0.12.14 (/opt/ros/humble/share/ament_lint_auto/cmake)
-- Added test 'flake8' to check Python code syntax and style conventions
-- Added test 'lint_cmake' to check CMake code style
-- Added test 'pep257' to check Python code against some of the docstring style conventions in PEP 257
-- Added test 'xmllint' to check XML markup files
-- Configuring done
-- Generating done
-- Build files have been written to: /home/ishman/panda_ws/build/panda_controller
Built target ament_cmake_python_symlink_panda_controller
running egg_info
writing panda_controller.egg-info/PKG-INFO
writing dependency_links to panda_controller.egg-info/dependency_links.txt
writing top-level names to panda_controller.egg-info/top_level.txt
reading manifest file 'panda_controller.egg-info/SOURCES.txt'
writing manifest file 'panda_controller.egg-info/SOURCES.txt'
Built target ament_cmake_python_build_panda_controller_egg
-- Install configuration: ""
-- Execute custom install script
-- Up-to-date symlink: /home/ishman/panda_ws/install/panda_controller/share/panda_controller//launch/panda_controller.launch.py
-- Up-to-date symlink: /home/ishman/panda_ws/install/panda_controller/share/panda_controller//launch/slider_controller.launch.py
-- Up-to-date symlink: /home/ishman/panda_ws/install/panda_controller/share/panda_controller//config/panda_controllers.yaml
-- Up-to-date symlink: /home/ishman/panda_ws/install/panda_controller/share/panda_controller/environment/pythonpath.sh
-- Up-to-date symlink: /home/ishman/panda_ws/install/panda_controller/share/panda_controller/environment/pythonpath.dsv
-- Up-to-date symlink: /home/ishman/panda_ws/install/panda_controller/local/lib/python3.10/dist-packages/panda_controller-0.0.0-py3.10.egg-info/PKG-INFO
-- Up-to-date symlink: /home/ishman/panda_ws/install/panda_controller/local/lib/python3.10/dist-packages/panda_controller-0.0.0-py3.10.egg-info/SOURCES.txt
-- Up-to-date symlink: /home/ishman/panda_ws/install/panda_controller/local/lib/python3.10/dist-packages/panda_controller-0.0.0-py3.10.egg-info/dependency_links.txt
-- Up-to-date symlink: /home/ishman/panda_ws/install/panda_controller/local/lib/python3.10/dist-packages/panda_controller-0.0.0-py3.10.egg-info/top_level.txt
-- Up-to-date symlink: /home/ishman/panda_ws/install/panda_controller/local/lib/python3.10/dist-packages/panda_controller/__init__.py
-- Up-to-date symlink: /home/ishman/panda_ws/install/panda_controller/local/lib/python3.10/dist-packages/panda_controller/slider_controller.py
-- Up-to-date symlink: /home/ishman/panda_ws/install/panda_controller/lib/panda_controller/slider_controller.py
-- Up-to-date symlink: /home/ishman/panda_ws/install/panda_controller/share/ament_index/resource_index/package_run_dependencies/panda_controller
-- Up-to-date symlink: /home/ishman/panda_ws/install/panda_controller/share/ament_index/resource_index/parent_prefix_path/panda_controller
-- Up-to-date symlink: /home/ishman/panda_ws/install/panda_controller/share/panda_controller/environment/ament_prefix_path.sh
-- Up-to-date symlink: /home/ishman/panda_ws/install/panda_controller/share/panda_controller/environment/ament_prefix_path.dsv
-- Up-to-date symlink: /home/ishman/panda_ws/install/panda_controller/share/panda_controller/environment/path.sh
-- Up-to-date symlink: /home/ishman/panda_ws/install/panda_controller/share/panda_controller/environment/path.dsv
-- Up-to-date symlink: /home/ishman/panda_ws/install/panda_controller/share/panda_controller/local_setup.bash
-- Up-to-date symlink: /home/ishman/panda_ws/install/panda_controller/share/panda_controller/local_setup.sh
-- Up-to-date symlink: /home/ishman/panda_ws/install/panda_controller/share/panda_controller/local_setup.zsh
-- Up-to-date symlink: /home/ishman/panda_ws/install/panda_controller/share/panda_controller/local_setup.dsv
-- Symlinking: /home/ishman/panda_ws/install/panda_controller/share/panda_controller/package.dsv
-- Up-to-date symlink: /home/ishman/panda_ws/install/panda_controller/share/ament_index/resource_index/packages/panda_controller
-- Up-to-date symlink: /home/ishman/panda_ws/install/panda_controller/share/panda_controller/cmake/panda_controllerConfig.cmake
-- Up-to-date symlink: /home/ishman/panda_ws/install/panda_controller/share/panda_controller/cmake/panda_controllerConfig-version.cmake
-- Up-to-date symlink: /home/ishman/panda_ws/install/panda_controller/share/panda_controller/package.xml
Listing '/home/ishman/panda_ws/install/panda_controller/local/lib/python3.10/dist-packages/panda_controller'...
