[0.053s] Invoking command in '/home/ishman/panda_ws/build/panda_moveit': CMAKE_PREFIX_PATH=/home/ishman/panda_ws/install/panda_description:/home/ishman/panda_ws/install/panda_controller:/opt/ros/humble /usr/bin/cmake /home/ishman/panda_ws/src/panda_moveit -DCMAKE_INSTALL_PREFIX=/home/ishman/panda_ws/install/panda_moveit
[0.270s] -- The C compiler identification is GNU 11.4.0
[0.848s] -- The CXX compiler identification is GNU 11.4.0
[1.195s] -- Detecting C compiler ABI info
[1.315s] -- Detecting C compiler ABI info - done
[1.319s] -- Check for working C compiler: /usr/bin/cc - skipped
[1.320s] -- Detecting C compile features
[1.320s] -- Detecting C compile features - done
[1.323s] -- Detecting CXX compiler ABI info
[1.439s] -- Detecting CXX compiler ABI info - done
[1.444s] -- Check for working CXX compiler: /usr/bin/c++ - skipped
[1.444s] -- Detecting CXX compile features
[1.444s] -- Detecting CXX compile features - done
[1.448s] -- Found ament_cmake: 1.3.12 (/opt/ros/humble/share/ament_cmake/cmake)
[1.558s] -- Found Python3: /usr/bin/python3 (found version "3.10.12") found components: Interpreter 
[1.643s] -- Found ament_lint_auto: 0.12.14 (/opt/ros/humble/share/ament_lint_auto/cmake)
[1.704s] -- Added test 'flake8' to check Python code syntax and style conventions
[1.705s] -- Added test 'lint_cmake' to check CMake code style
[1.705s] -- Added test 'pep257' to check Python code against some of the docstring style conventions in PEP 257
[1.706s] -- Added test 'xmllint' to check XML markup files
[1.708s] -- Configuring done
[1.714s] -- Generating done
[1.716s] -- Build files have been written to: /home/ishman/panda_ws/build/panda_moveit
[1.722s] Invoked command in '/home/ishman/panda_ws/build/panda_moveit' returned '0': CMAKE_PREFIX_PATH=/home/ishman/panda_ws/install/panda_description:/home/ishman/panda_ws/install/panda_controller:/opt/ros/humble /usr/bin/cmake /home/ishman/panda_ws/src/panda_moveit -DCMAKE_INSTALL_PREFIX=/home/ishman/panda_ws/install/panda_moveit
[1.723s] Invoking command in '/home/ishman/panda_ws/build/panda_moveit': CMAKE_PREFIX_PATH=/home/ishman/panda_ws/install/panda_description:/home/ishman/panda_ws/install/panda_controller:/opt/ros/humble /usr/bin/cmake --build /home/ishman/panda_ws/build/panda_moveit -- -j10 -l10
[1.755s] Invoked command in '/home/ishman/panda_ws/build/panda_moveit' returned '0': CMAKE_PREFIX_PATH=/home/ishman/panda_ws/install/panda_description:/home/ishman/panda_ws/install/panda_controller:/opt/ros/humble /usr/bin/cmake --build /home/ishman/panda_ws/build/panda_moveit -- -j10 -l10
[1.757s] Invoking command in '/home/ishman/panda_ws/build/panda_moveit': CMAKE_PREFIX_PATH=/home/ishman/panda_ws/install/panda_description:/home/ishman/panda_ws/install/panda_controller:/opt/ros/humble /usr/bin/cmake --install /home/ishman/panda_ws/build/panda_moveit
[1.762s] -- Install configuration: ""
[1.762s] -- Installing: /home/ishman/panda_ws/install/panda_moveit/share/panda_moveit/launch
[1.764s] -- Installing: /home/ishman/panda_ws/install/panda_moveit/share/panda_moveit/launch/moveit.launch.py
[1.764s] -- Installing: /home/ishman/panda_ws/install/panda_moveit/share/panda_moveit/config
[1.765s] -- Installing: /home/ishman/panda_ws/install/panda_moveit/share/panda_moveit/config/pilz_cartesian_limits.yaml
[1.765s] -- Installing: /home/ishman/panda_ws/install/panda_moveit/share/panda_moveit/config/kinematics.yaml
[1.765s] -- Installing: /home/ishman/panda_ws/install/panda_moveit/share/panda_moveit/config/panda.srdf
[1.765s] -- Installing: /home/ishman/panda_ws/install/panda_moveit/share/panda_moveit/config/joint_limits.yaml
[1.765s] -- Installing: /home/ishman/panda_ws/install/panda_moveit/share/panda_moveit/config/moveit_controllers.yaml
[1.766s] -- Installing: /home/ishman/panda_ws/install/panda_moveit/share/panda_moveit/config/initial_positions.yaml
[1.766s] -- Installing: /home/ishman/panda_ws/install/panda_moveit/share/panda_moveit/config/planning_python_api.yaml
[1.767s] -- Installing: /home/ishman/panda_ws/install/panda_moveit/share/panda_moveit/rviz
[1.770s] -- Installing: /home/ishman/panda_ws/install/panda_moveit/share/panda_moveit/rviz/moveit.rviz
[1.771s] -- Installing: /home/ishman/panda_ws/install/panda_moveit/share/ament_index/resource_index/package_run_dependencies/panda_moveit
[1.771s] -- Installing: /home/ishman/panda_ws/install/panda_moveit/share/ament_index/resource_index/parent_prefix_path/panda_moveit
[1.772s] -- Installing: /home/ishman/panda_ws/install/panda_moveit/share/panda_moveit/environment/ament_prefix_path.sh
[1.772s] -- Installing: /home/ishman/panda_ws/install/panda_moveit/share/panda_moveit/environment/ament_prefix_path.dsv
[1.772s] -- Installing: /home/ishman/panda_ws/install/panda_moveit/share/panda_moveit/environment/path.sh
[1.772s] -- Installing: /home/ishman/panda_ws/install/panda_moveit/share/panda_moveit/environment/path.dsv
[1.773s] -- Installing: /home/ishman/panda_ws/install/panda_moveit/share/panda_moveit/local_setup.bash
[1.773s] -- Installing: /home/ishman/panda_ws/install/panda_moveit/share/panda_moveit/local_setup.sh
[1.773s] -- Installing: /home/ishman/panda_ws/install/panda_moveit/share/panda_moveit/local_setup.zsh
[1.773s] -- Installing: /home/ishman/panda_ws/install/panda_moveit/share/panda_moveit/local_setup.dsv
[1.774s] -- Installing: /home/ishman/panda_ws/install/panda_moveit/share/panda_moveit/package.dsv
[1.774s] -- Installing: /home/ishman/panda_ws/install/panda_moveit/share/ament_index/resource_index/packages/panda_moveit
[1.775s] -- Installing: /home/ishman/panda_ws/install/panda_moveit/share/panda_moveit/cmake/panda_moveitConfig.cmake
[1.775s] -- Installing: /home/ishman/panda_ws/install/panda_moveit/share/panda_moveit/cmake/panda_moveitConfig-version.cmake
[1.775s] -- Installing: /home/ishman/panda_ws/install/panda_moveit/share/panda_moveit/package.xml
[1.777s] Invoked command in '/home/ishman/panda_ws/build/panda_moveit' returned '0': CMAKE_PREFIX_PATH=/home/ishman/panda_ws/install/panda_description:/home/ishman/panda_ws/install/panda_controller:/opt/ros/humble /usr/bin/cmake --install /home/ishman/panda_ws/build/panda_moveit
